2025-03-10 11:14:15,958 - app_event - INFO - 0.7457142857142857
2025-03-10 11:14:18,057 - app_event - INFO - 0.7457142857142857
2025-03-10 11:14:20,101 - app_event - INFO - 0.7457142857142857
2025-03-10 11:14:22,197 - app_event - INFO - 0.7457142857142857
2025-03-10 11:14:24,275 - app_event - INFO - 0.7457142857142857
2025-03-10 11:14:26,368 - app_event - INFO - 0.7457142857142857
2025-03-10 11:14:28,430 - app_event - INFO - 0.7457142857142857
2025-03-10 11:14:30,630 - app_event - INFO - 0.7457142857142857
2025-03-10 11:14:32,781 - app_event - INFO - 0.7457142857142857
2025-03-10 11:14:34,868 - app_event - INFO - 0.7457142857142857
2025-03-10 11:14:36,979 - app_event - INFO - 0.7457142857142857
2025-03-10 11:14:39,354 - app_event - INFO - 0.7457142857142857
2025-03-10 11:14:41,436 - app_event - INFO - 0.7457142857142857
2025-03-10 11:14:43,484 - app_event - INFO - 0.7457142857142857
2025-03-10 11:14:45,532 - app_event - INFO - 0.7457142857142857
2025-03-10 11:15:04,795 - app_event - INFO - 0.7457142857142857
2025-03-10 11:15:06,861 - app_event - INFO - 0.7457142857142857
2025-03-10 11:15:08,958 - app_event - INFO - 0.7457142857142857
2025-03-10 11:15:11,090 - app_event - INFO - 0.7457142857142857
2025-03-10 11:15:13,172 - app_event - INFO - 0.7457142857142857
2025-03-10 11:15:15,399 - app_event - INFO - 0.7457142857142857
2025-03-10 11:15:17,473 - app_event - INFO - 0.7457142857142857
2025-03-10 11:15:19,647 - app_event - INFO - 0.7457142857142857
2025-03-10 11:15:21,820 - app_event - INFO - 0.7457142857142857
2025-03-10 11:15:23,904 - app_event - INFO - 0.7457142857142857
2025-03-10 11:15:26,073 - app_event - INFO - 0.7457142857142857
2025-03-10 11:15:28,226 - app_event - INFO - 0.7457142857142857
2025-03-10 11:15:30,369 - app_event - INFO - 0.7457142857142857
2025-03-10 11:15:32,479 - app_event - INFO - 0.7457142857142857
2025-03-10 11:15:34,601 - app_event - INFO - 0.7457142857142857
2025-03-10 11:15:36,715 - app_event - INFO - 0.7457142857142857
2025-03-10 11:15:38,858 - app_event - INFO - 0.7457142857142857
2025-03-10 11:15:50,208 - app_event - INFO - 1.044
2025-03-10 11:15:52,641 - app_event - INFO - 1.044
2025-03-10 11:15:55,035 - app_event - INFO - 1.044
2025-03-10 11:15:57,407 - app_event - INFO - 1.044
2025-03-10 11:15:59,769 - app_event - INFO - 1.044
2025-03-10 11:23:05,687 - app_event - INFO - 56        
2025-03-10 11:23:05,697 - app_event - INFO - 1.044
2025-03-10 11:23:08,897 - app_event - INFO - 56        
2025-03-10 11:23:08,900 - app_event - INFO - 1.044
2025-03-10 11:23:12,200 - app_event - INFO - 56        
2025-03-10 11:23:12,202 - app_event - INFO - 1.044
2025-03-10 11:23:16,118 - app_event - INFO - 56        
2025-03-10 11:23:16,123 - app_event - INFO - 1.044
2025-03-10 11:23:20,117 - app_event - INFO - 56        
2025-03-10 11:23:20,119 - app_event - INFO - 1.044
2025-03-10 11:23:24,441 - app_event - INFO - 56        
2025-03-10 11:23:24,444 - app_event - INFO - 1.044
2025-03-10 11:23:29,076 - app_event - INFO - 56        
2025-03-10 11:23:29,079 - app_event - INFO - 1.044
2025-03-10 11:24:28,452 - app_event - INFO - 45        
2025-03-10 11:25:31,828 - app_event - INFO - 40        
2025-03-10 11:26:14,131 - app_event - INFO - 60        
2025-03-10 11:30:04,237 - app_event - INFO - 56        
2025-03-10 11:30:04,246 - app_event - INFO - 0.932142857142857
2025-03-10 11:30:07,720 - app_event - INFO - 56        
2025-03-10 11:30:07,727 - app_event - INFO - 0.932142857142857
2025-03-10 11:30:11,025 - app_event - INFO - 56        
2025-03-10 11:30:11,028 - app_event - INFO - 0.932142857142857
2025-03-10 11:30:14,591 - app_event - INFO - 56        
2025-03-10 11:30:14,595 - app_event - INFO - 0.932142857142857
2025-03-10 11:30:18,323 - app_event - INFO - 56        
2025-03-10 11:30:18,328 - app_event - INFO - 0.932142857142857
2025-03-10 11:30:22,343 - app_event - INFO - 56        
2025-03-10 11:30:22,346 - app_event - INFO - 0.932142857142857
2025-03-10 11:30:26,536 - app_event - INFO - 56        
2025-03-10 11:30:26,540 - app_event - INFO - 0.932142857142857
2025-03-10 11:30:30,950 - app_event - INFO - 56        
2025-03-10 11:30:30,957 - app_event - INFO - 0.932142857142857
2025-03-10 11:30:35,880 - app_event - INFO - 56        
2025-03-10 11:30:35,882 - app_event - INFO - 0.932142857142857
2025-03-10 11:54:00,046 - app_event - INFO - 90        
2025-03-10 11:54:00,050 - app_event - INFO - 0.58
2025-03-10 11:54:02,649 - app_event - INFO - 90        
2025-03-10 11:54:02,651 - app_event - INFO - 0.58
2025-03-10 11:54:05,849 - app_event - INFO - 90        
2025-03-10 11:54:05,852 - app_event - INFO - 0.58
2025-03-10 11:54:08,978 - app_event - INFO - 90        
2025-03-10 11:54:08,980 - app_event - INFO - 0.58
2025-03-10 11:54:13,054 - app_event - INFO - 90        
2025-03-10 11:54:13,058 - app_event - INFO - 0.58
2025-03-10 11:54:16,905 - app_event - INFO - 90        
2025-03-10 11:54:16,908 - app_event - INFO - 0.58
2025-03-10 11:54:21,146 - app_event - INFO - 90        
2025-03-10 11:54:21,154 - app_event - INFO - 0.58
2025-03-10 11:54:25,546 - app_event - INFO - 90        
2025-03-10 11:54:25,548 - app_event - INFO - 0.58
2025-03-10 11:54:29,988 - app_event - INFO - 90        
2025-03-10 11:54:29,990 - app_event - INFO - 0.58
2025-03-10 11:54:34,262 - app_event - INFO - 90        
2025-03-10 11:54:34,265 - app_event - INFO - 0.58
2025-03-10 11:54:38,843 - app_event - INFO - 90        
2025-03-10 11:54:38,847 - app_event - INFO - 0.58
2025-03-10 11:54:43,744 - app_event - INFO - 90        
2025-03-10 11:54:43,748 - app_event - INFO - 0.58
2025-03-10 11:54:49,169 - app_event - INFO - 90        
2025-03-10 11:54:49,172 - app_event - INFO - 0.58
2025-03-10 11:54:55,172 - app_event - INFO - 90        
2025-03-10 11:54:55,174 - app_event - INFO - 0.58
2025-03-10 11:55:00,988 - app_event - INFO - 90        
2025-03-10 11:55:00,991 - app_event - INFO - 0.58
2025-03-10 11:55:07,624 - app_event - INFO - 90        
2025-03-10 11:55:07,629 - app_event - INFO - 0.58
2025-03-10 11:55:13,255 - app_event - INFO - 90        
2025-03-10 11:55:13,257 - app_event - INFO - 0.58
2025-03-10 11:55:20,450 - app_event - INFO - 90        
2025-03-10 11:55:20,453 - app_event - INFO - 0.58
2025-03-10 11:55:26,993 - app_event - INFO - 90        
2025-03-10 11:55:26,996 - app_event - INFO - 0.58
2025-03-10 11:55:34,293 - app_event - INFO - 90        
2025-03-10 11:55:34,295 - app_event - INFO - 0.58
2025-03-10 12:19:19,735 - app_event - INFO - 90        
2025-03-10 12:19:19,879 - app_event - INFO - 0.58
2025-03-10 12:19:22,940 - app_event - INFO - 90        
2025-03-10 12:19:22,947 - app_event - INFO - 0.58
2025-03-10 12:19:26,176 - app_event - INFO - 90        
2025-03-10 12:19:26,179 - app_event - INFO - 0.58
2025-03-10 12:19:29,569 - app_event - INFO - 90        
2025-03-10 12:19:29,574 - app_event - INFO - 0.58
2025-03-10 12:19:32,967 - app_event - INFO - 90        
2025-03-10 12:19:32,969 - app_event - INFO - 0.58
2025-03-10 12:19:36,532 - app_event - INFO - 90        
2025-03-10 12:19:36,534 - app_event - INFO - 0.58
2025-03-10 12:19:40,534 - app_event - INFO - 90        
2025-03-10 12:19:40,536 - app_event - INFO - 0.58
2025-03-10 12:19:44,959 - app_event - INFO - 90        
2025-03-10 12:19:44,961 - app_event - INFO - 0.58
2025-03-10 12:19:49,337 - app_event - INFO - 90        
2025-03-10 12:19:49,341 - app_event - INFO - 0.58
2025-03-10 12:19:54,254 - app_event - INFO - 90        
2025-03-10 12:19:54,257 - app_event - INFO - 0.58
2025-03-10 12:19:59,021 - app_event - INFO - 90        
2025-03-10 12:19:59,023 - app_event - INFO - 0.58
2025-03-10 12:20:03,927 - app_event - INFO - 90        
2025-03-10 12:20:03,929 - app_event - INFO - 0.58
2025-03-10 12:20:09,872 - app_event - INFO - 90        
2025-03-10 12:20:09,874 - app_event - INFO - 0.58
2025-03-10 12:20:15,863 - app_event - INFO - 90        
2025-03-10 12:20:15,870 - app_event - INFO - 0.58
2025-03-10 12:20:21,471 - app_event - INFO - 90        
2025-03-10 12:20:21,474 - app_event - INFO - 0.58
2025-03-10 12:20:27,422 - app_event - INFO - 90        
2025-03-10 12:20:27,427 - app_event - INFO - 0.58
2025-03-10 12:20:34,167 - app_event - INFO - 90        
2025-03-10 12:20:34,171 - app_event - INFO - 0.58
2025-03-10 12:20:40,557 - app_event - INFO - 90        
2025-03-10 12:20:40,579 - app_event - INFO - 0.58
2025-03-10 15:29:22,704 - app_event - INFO - 60        
2025-03-10 15:31:14,508 - app_event - INFO - 70        
2025-03-10 15:32:00,286 - app_event - INFO - 79        
2025-03-10 15:33:38,443 - app_event - INFO - 60        
2025-03-10 15:34:42,255 - app_event - INFO - 55        
2025-03-10 15:36:45,271 - app_event - INFO - 55        
2025-03-10 15:37:29,876 - app_event - INFO - 44        
2025-03-10 15:42:29,679 - app_event - INFO - 60        
2025-03-10 15:43:05,508 - app_event - INFO - 50        
2025-03-10 15:45:53,738 - app_event - INFO - 56        
2025-03-10 15:48:01,837 - app_event - INFO - 44        
2025-03-10 15:59:40,741 - app_event - INFO - 45        
2025-03-10 16:00:07,506 - app_event - INFO - 34        
2025-03-10 16:03:35,316 - app_event - INFO - 56        
2025-03-10 16:04:12,252 - app_event - INFO - 30        
2025-03-10 16:05:56,543 - app_event - INFO - 50        
2025-03-10 17:17:50,100 - app_event - INFO - 40        
2025-03-10 17:18:32,373 - app_event - INFO - 40        
2025-03-10 17:21:35,488 - app_event - INFO - 45        
2025-03-10 17:22:11,924 - app_event - INFO - 34        
2025-03-10 17:26:36,548 - app_event - INFO - 45        
2025-03-10 17:28:28,039 - app_event - INFO - 34        
2025-03-10 17:29:41,321 - app_event - INFO - 47        
2025-03-10 17:30:41,374 - app_event - INFO - 35        
2025-03-10 17:31:33,521 - app_event - INFO - 43        
2025-03-10 17:32:09,210 - app_event - INFO - 43        
2025-03-10 17:34:49,058 - app_event - INFO - 34        
2025-03-10 17:35:24,201 - app_event - INFO - 34        
2025-03-10 17:37:47,601 - app_event - INFO - 45        
2025-03-10 17:41:26,019 - app_event - INFO - 43        
2025-03-10 17:41:26,251 - app_event - INFO - 0.0
2025-03-10 17:41:27,668 - app_event - INFO - 43        
2025-03-10 17:41:27,731 - app_event - INFO - 0.0
2025-03-10 17:41:29,075 - app_event - INFO - 43        
2025-03-10 17:41:29,128 - app_event - INFO - 0.0
2025-03-10 17:41:30,628 - app_event - INFO - 43        
2025-03-10 17:41:30,685 - app_event - INFO - 0.0
2025-03-10 17:41:32,059 - app_event - INFO - 43        
2025-03-10 17:41:32,110 - app_event - INFO - 0.0
2025-03-10 17:41:33,466 - app_event - INFO - 43        
2025-03-10 17:41:33,527 - app_event - INFO - 0.0
2025-03-10 17:41:34,933 - app_event - INFO - 43        
2025-03-10 17:41:34,994 - app_event - INFO - 0.0
2025-03-10 17:41:36,376 - app_event - INFO - 43        
2025-03-10 17:41:36,617 - app_event - INFO - 0.0
2025-03-10 17:41:38,117 - app_event - INFO - 43        
2025-03-10 17:41:38,174 - app_event - INFO - 0.0
2025-03-10 17:41:39,647 - app_event - INFO - 43        
2025-03-10 17:41:39,708 - app_event - INFO - 0.0
2025-03-10 17:41:41,192 - app_event - INFO - 43        
2025-03-10 17:41:41,250 - app_event - INFO - 0.0
2025-03-10 17:41:42,616 - app_event - INFO - 43        
2025-03-10 17:41:42,682 - app_event - INFO - 0.0
2025-03-10 17:41:44,111 - app_event - INFO - 43        
2025-03-10 17:41:44,161 - app_event - INFO - 0.0
2025-03-10 17:41:45,554 - app_event - INFO - 43        
2025-03-10 17:41:45,610 - app_event - INFO - 0.0
2025-03-10 17:41:47,131 - app_event - INFO - 43        
2025-03-10 17:41:47,182 - app_event - INFO - 0.0
2025-03-10 17:41:48,748 - app_event - INFO - 43        
2025-03-10 17:41:48,809 - app_event - INFO - 0.0
2025-03-10 17:43:01,204 - app_event - INFO - 120       
2025-03-10 17:43:01,300 - app_event - INFO - 0.0
2025-03-10 17:43:02,774 - app_event - INFO - 120       
2025-03-10 17:43:02,950 - app_event - INFO - 0.0
2025-03-10 17:43:04,471 - app_event - INFO - 120       
2025-03-10 17:43:04,543 - app_event - INFO - 0.0
2025-03-10 17:43:06,018 - app_event - INFO - 120       
2025-03-10 17:43:06,065 - app_event - INFO - 0.0
2025-03-10 17:43:07,419 - app_event - INFO - 120       
2025-03-10 17:43:07,610 - app_event - INFO - 0.0
2025-03-10 17:43:09,109 - app_event - INFO - 120       
2025-03-10 17:43:09,149 - app_event - INFO - 0.0
2025-03-10 17:43:10,591 - app_event - INFO - 120       
2025-03-10 17:43:10,634 - app_event - INFO - 0.0
2025-03-10 17:43:12,183 - app_event - INFO - 120       
2025-03-10 17:43:12,226 - app_event - INFO - 0.0
2025-03-10 17:43:13,717 - app_event - INFO - 120       
2025-03-10 17:43:13,768 - app_event - INFO - 0.0
2025-03-10 17:43:15,147 - app_event - INFO - 120       
2025-03-10 17:43:15,214 - app_event - INFO - 0.0
2025-03-10 17:43:16,607 - app_event - INFO - 120       
2025-03-10 17:43:16,648 - app_event - INFO - 0.0
2025-03-10 17:43:18,110 - app_event - INFO - 120       
2025-03-10 17:43:18,150 - app_event - INFO - 0.0
2025-03-10 17:43:19,817 - app_event - INFO - 120       
2025-03-10 17:43:19,863 - app_event - INFO - 0.0
2025-03-10 17:43:21,265 - app_event - INFO - 120       
2025-03-10 17:43:21,338 - app_event - INFO - 0.0
2025-03-10 17:43:22,783 - app_event - INFO - 120       
2025-03-10 17:43:22,832 - app_event - INFO - 0.0
2025-03-10 17:43:24,324 - app_event - INFO - 120       
2025-03-10 17:43:24,375 - app_event - INFO - 0.0
2025-03-10 17:44:12,911 - app_event - INFO - 20        
2025-03-10 17:44:12,970 - app_event - INFO - 0.0
2025-03-10 17:44:14,381 - app_event - INFO - 20        
2025-03-10 17:44:14,422 - app_event - INFO - 0.0
2025-03-10 17:44:15,871 - app_event - INFO - 20        
2025-03-10 17:44:15,919 - app_event - INFO - 0.0
2025-03-10 17:44:17,417 - app_event - INFO - 20        
2025-03-10 17:44:17,465 - app_event - INFO - 0.0
2025-03-10 17:44:18,839 - app_event - INFO - 20        
2025-03-10 17:44:18,887 - app_event - INFO - 0.0
2025-03-10 17:44:20,239 - app_event - INFO - 20        
2025-03-10 17:44:20,287 - app_event - INFO - 0.0
2025-03-10 17:44:21,687 - app_event - INFO - 20        
2025-03-10 17:44:21,790 - app_event - INFO - 0.0
2025-03-10 17:44:23,242 - app_event - INFO - 20        
2025-03-10 17:44:23,285 - app_event - INFO - 0.0
2025-03-10 17:44:24,656 - app_event - INFO - 20        
2025-03-10 17:44:24,705 - app_event - INFO - 0.0
2025-03-10 17:44:26,049 - app_event - INFO - 20        
2025-03-10 17:44:26,092 - app_event - INFO - 0.0
2025-03-10 17:44:27,451 - app_event - INFO - 20        
2025-03-10 17:44:27,497 - app_event - INFO - 0.0
2025-03-10 17:44:28,937 - app_event - INFO - 20        
2025-03-10 17:44:28,985 - app_event - INFO - 0.0
2025-03-10 17:44:30,357 - app_event - INFO - 20        
2025-03-10 17:44:30,418 - app_event - INFO - 0.0
2025-03-10 17:44:31,757 - app_event - INFO - 20        
2025-03-10 17:44:31,804 - app_event - INFO - 0.0
2025-03-10 17:44:33,289 - app_event - INFO - 20        
2025-03-10 17:44:33,333 - app_event - INFO - 0.0
2025-03-10 17:44:34,688 - app_event - INFO - 20        
2025-03-10 17:44:34,739 - app_event - INFO - 0.0
2025-03-10 17:46:25,154 - app_event - INFO - 40        
2025-03-10 17:46:25,218 - app_event - INFO - 0.0
2025-03-10 17:46:25,665 - app_event - INFO - 40        
2025-03-10 17:46:25,755 - app_event - INFO - 0.0
2025-03-10 17:46:26,152 - app_event - INFO - 40        
2025-03-10 17:46:26,234 - app_event - INFO - 0.0
2025-03-10 17:46:26,620 - app_event - INFO - 40        
2025-03-10 17:46:26,681 - app_event - INFO - 0.0
2025-03-10 17:46:27,176 - app_event - INFO - 40        
2025-03-10 17:46:27,221 - app_event - INFO - 0.0
2025-03-10 17:46:27,658 - app_event - INFO - 40        
2025-03-10 17:46:27,705 - app_event - INFO - 0.0
2025-03-10 17:46:28,073 - app_event - INFO - 40        
2025-03-10 17:46:28,129 - app_event - INFO - 0.0
2025-03-10 17:46:28,590 - app_event - INFO - 40        
2025-03-10 17:46:28,655 - app_event - INFO - 0.0
2025-03-10 17:46:29,027 - app_event - INFO - 40        
2025-03-10 17:46:29,068 - app_event - INFO - 0.0
2025-03-10 17:46:29,451 - app_event - INFO - 40        
2025-03-10 17:46:29,510 - app_event - INFO - 0.0
2025-03-10 17:46:30,042 - app_event - INFO - 40        
2025-03-10 17:46:30,101 - app_event - INFO - 0.0
2025-03-10 17:46:30,461 - app_event - INFO - 40        
2025-03-10 17:46:30,511 - app_event - INFO - 0.0
2025-03-10 17:46:30,935 - app_event - INFO - 40        
2025-03-10 17:46:30,984 - app_event - INFO - 0.0
2025-03-10 17:46:31,492 - app_event - INFO - 40        
2025-03-10 17:46:31,538 - app_event - INFO - 0.0
2025-03-10 17:46:31,938 - app_event - INFO - 40        
2025-03-10 17:46:31,994 - app_event - INFO - 0.0
2025-03-10 17:46:32,370 - app_event - INFO - 40        
2025-03-10 17:46:32,426 - app_event - INFO - 0.0
2025-03-10 17:47:15,967 - app_event - INFO - 140       
2025-03-10 17:47:16,037 - app_event - INFO - 0.0
2025-03-10 17:47:16,453 - app_event - INFO - 140       
2025-03-10 17:47:16,523 - app_event - INFO - 0.0
2025-03-10 17:47:16,903 - app_event - INFO - 140       
2025-03-10 17:47:16,959 - app_event - INFO - 0.0
2025-03-10 17:47:17,385 - app_event - INFO - 140       
2025-03-10 17:47:17,435 - app_event - INFO - 0.0
2025-03-10 17:47:17,794 - app_event - INFO - 140       
2025-03-10 17:47:17,842 - app_event - INFO - 0.0
2025-03-10 17:47:18,285 - app_event - INFO - 140       
2025-03-10 17:47:18,329 - app_event - INFO - 0.0
2025-03-10 17:47:18,793 - app_event - INFO - 140       
2025-03-10 17:47:18,850 - app_event - INFO - 0.0
2025-03-10 17:47:19,293 - app_event - INFO - 140       
2025-03-10 17:47:19,361 - app_event - INFO - 0.0
2025-03-10 17:47:19,843 - app_event - INFO - 140       
2025-03-10 17:47:19,913 - app_event - INFO - 0.0
2025-03-10 17:47:20,382 - app_event - INFO - 140       
2025-03-10 17:47:20,435 - app_event - INFO - 0.0
2025-03-10 17:47:20,798 - app_event - INFO - 140       
2025-03-10 17:47:20,855 - app_event - INFO - 0.0
2025-03-10 17:47:21,305 - app_event - INFO - 140       
2025-03-10 17:47:21,384 - app_event - INFO - 0.0
2025-03-10 17:47:21,955 - app_event - INFO - 140       
2025-03-10 17:47:22,002 - app_event - INFO - 0.0
2025-03-10 17:47:22,427 - app_event - INFO - 140       
2025-03-10 17:47:22,477 - app_event - INFO - 0.0
2025-03-10 17:47:22,982 - app_event - INFO - 140       
2025-03-10 17:47:23,095 - app_event - INFO - 0.0
2025-03-10 17:47:23,640 - app_event - INFO - 140       
2025-03-10 17:47:23,755 - app_event - INFO - 0.0
2025-03-10 17:47:42,407 - app_event - INFO - 20        
2025-03-10 17:47:42,472 - app_event - INFO - 0.0
2025-03-10 17:47:42,853 - app_event - INFO - 20        
2025-03-10 17:47:42,908 - app_event - INFO - 0.0
2025-03-10 17:47:43,380 - app_event - INFO - 20        
2025-03-10 17:47:43,439 - app_event - INFO - 0.0
2025-03-10 17:47:43,812 - app_event - INFO - 20        
2025-03-10 17:47:43,867 - app_event - INFO - 0.0
2025-03-10 17:47:44,233 - app_event - INFO - 20        
2025-03-10 17:47:44,285 - app_event - INFO - 0.0
2025-03-10 17:47:44,794 - app_event - INFO - 20        
2025-03-10 17:47:44,851 - app_event - INFO - 0.0
2025-03-10 17:47:45,232 - app_event - INFO - 20        
2025-03-10 17:47:45,287 - app_event - INFO - 0.0
2025-03-10 17:47:45,649 - app_event - INFO - 20        
2025-03-10 17:47:45,700 - app_event - INFO - 0.0
2025-03-10 17:47:46,187 - app_event - INFO - 20        
2025-03-10 17:47:46,337 - app_event - INFO - 0.0
2025-03-10 17:47:46,712 - app_event - INFO - 20        
2025-03-10 17:47:46,766 - app_event - INFO - 0.0
2025-03-10 17:47:47,188 - app_event - INFO - 20        
2025-03-10 17:47:47,235 - app_event - INFO - 0.0
2025-03-10 17:47:47,700 - app_event - INFO - 20        
2025-03-10 17:47:47,783 - app_event - INFO - 0.0
2025-03-10 17:47:48,232 - app_event - INFO - 20        
2025-03-10 17:47:48,287 - app_event - INFO - 0.0
2025-03-10 17:47:48,670 - app_event - INFO - 20        
2025-03-10 17:47:48,723 - app_event - INFO - 0.0
2025-03-10 17:47:49,127 - app_event - INFO - 20        
2025-03-10 17:47:49,287 - app_event - INFO - 0.0
2025-03-10 17:47:49,667 - app_event - INFO - 20        
2025-03-10 17:47:49,717 - app_event - INFO - 0.0
2025-03-10 17:50:56,009 - app_event - INFO - 40        
2025-03-10 17:50:56,108 - app_event - INFO - 0.0
2025-03-10 17:50:56,489 - app_event - INFO - 40        
2025-03-10 17:50:56,564 - app_event - INFO - 0.0
2025-03-10 17:50:57,072 - app_event - INFO - 40        
2025-03-10 17:50:57,605 - app_event - INFO - 0.0
2025-03-10 17:50:57,977 - app_event - INFO - 40        
2025-03-10 17:50:58,040 - app_event - INFO - 0.0
2025-03-10 17:50:58,447 - app_event - INFO - 40        
2025-03-10 17:50:58,524 - app_event - INFO - 0.0
2025-03-10 17:50:59,290 - app_event - INFO - 40        
2025-03-10 17:50:59,469 - app_event - INFO - 0.0
2025-03-10 17:51:00,353 - app_event - INFO - 40        
2025-03-10 17:51:00,498 - app_event - INFO - 0.0
2025-03-10 17:51:00,892 - app_event - INFO - 40        
2025-03-10 17:51:00,941 - app_event - INFO - 0.0
2025-03-10 17:51:01,399 - app_event - INFO - 40        
2025-03-10 17:51:01,466 - app_event - INFO - 0.0
2025-03-10 17:51:01,871 - app_event - INFO - 40        
2025-03-10 17:51:01,943 - app_event - INFO - 0.0
2025-03-10 17:51:02,433 - app_event - INFO - 40        
2025-03-10 17:51:02,499 - app_event - INFO - 0.0
2025-03-10 17:51:03,002 - app_event - INFO - 40        
2025-03-10 17:51:03,049 - app_event - INFO - 0.0
2025-03-10 17:51:03,485 - app_event - INFO - 40        
2025-03-10 17:51:03,529 - app_event - INFO - 0.0
2025-03-10 17:51:04,191 - app_event - INFO - 40        
2025-03-10 17:51:04,267 - app_event - INFO - 0.0
2025-03-10 17:51:04,832 - app_event - INFO - 40        
2025-03-10 17:51:04,874 - app_event - INFO - 0.0
2025-03-10 17:51:05,231 - app_event - INFO - 40        
2025-03-10 17:51:05,272 - app_event - INFO - 0.0
2025-03-10 17:51:52,978 - app_event - INFO - 50        
2025-03-10 17:51:53,086 - app_event - INFO - 0.0
2025-03-10 17:51:53,476 - app_event - INFO - 50        
2025-03-10 17:51:53,524 - app_event - INFO - 0.0
2025-03-10 17:51:53,952 - app_event - INFO - 50        
2025-03-10 17:51:53,996 - app_event - INFO - 0.0
2025-03-10 17:51:54,492 - app_event - INFO - 50        
2025-03-10 17:51:54,543 - app_event - INFO - 0.0
2025-03-10 17:51:54,944 - app_event - INFO - 50        
2025-03-10 17:51:54,991 - app_event - INFO - 0.0
2025-03-10 17:51:55,444 - app_event - INFO - 50        
2025-03-10 17:51:55,493 - app_event - INFO - 0.0
2025-03-10 17:51:55,859 - app_event - INFO - 50        
2025-03-10 17:51:55,909 - app_event - INFO - 0.0
2025-03-10 17:51:56,276 - app_event - INFO - 50        
2025-03-10 17:51:56,325 - app_event - INFO - 0.0
2025-03-10 17:51:56,791 - app_event - INFO - 50        
2025-03-10 17:51:56,829 - app_event - INFO - 0.0
2025-03-10 17:51:57,190 - app_event - INFO - 50        
2025-03-10 17:51:57,234 - app_event - INFO - 0.0
2025-03-10 17:51:57,775 - app_event - INFO - 50        
2025-03-10 17:51:57,864 - app_event - INFO - 0.0
2025-03-10 17:51:58,259 - app_event - INFO - 50        
2025-03-10 17:51:58,345 - app_event - INFO - 0.0
2025-03-10 17:51:58,724 - app_event - INFO - 50        
2025-03-10 17:51:58,764 - app_event - INFO - 0.0
2025-03-10 17:51:59,145 - app_event - INFO - 50        
2025-03-10 17:51:59,191 - app_event - INFO - 0.0
2025-03-10 17:51:59,569 - app_event - INFO - 50        
2025-03-10 17:51:59,602 - app_event - INFO - 0.0
2025-03-10 17:52:00,167 - app_event - INFO - 50        
2025-03-10 17:52:00,212 - app_event - INFO - 0.0
2025-03-10 17:56:03,300 - app_event - INFO - 40        
2025-03-10 17:56:03,378 - app_event - INFO - 0.225
2025-03-10 17:56:03,967 - app_event - INFO - 40        
2025-03-10 17:56:04,027 - app_event - INFO - 0.225
2025-03-10 17:56:04,757 - app_event - INFO - 40        
2025-03-10 17:56:04,793 - app_event - INFO - 0.225
2025-03-10 17:56:05,372 - app_event - INFO - 40        
2025-03-10 17:56:05,416 - app_event - INFO - 0.225
2025-03-10 17:56:06,019 - app_event - INFO - 40        
2025-03-10 17:56:06,053 - app_event - INFO - 0.225
2025-03-10 17:56:06,699 - app_event - INFO - 40        
2025-03-10 17:56:06,749 - app_event - INFO - 0.225
2025-03-10 17:56:07,348 - app_event - INFO - 40        
2025-03-10 17:56:07,397 - app_event - INFO - 0.225
2025-03-10 17:56:08,057 - app_event - INFO - 40        
2025-03-10 17:56:08,106 - app_event - INFO - 0.225
2025-03-10 17:56:08,715 - app_event - INFO - 40        
2025-03-10 17:56:08,751 - app_event - INFO - 0.225
2025-03-10 17:56:09,347 - app_event - INFO - 40        
2025-03-10 17:56:09,393 - app_event - INFO - 0.225
2025-03-10 17:56:10,016 - app_event - INFO - 40        
2025-03-10 17:56:10,055 - app_event - INFO - 0.225
2025-03-10 17:56:10,672 - app_event - INFO - 40        
2025-03-10 17:56:10,728 - app_event - INFO - 0.225
2025-03-10 17:56:11,437 - app_event - INFO - 40        
2025-03-10 17:56:11,486 - app_event - INFO - 0.225
2025-03-10 17:56:12,085 - app_event - INFO - 40        
2025-03-10 17:56:12,119 - app_event - INFO - 0.225
2025-03-10 17:56:12,789 - app_event - INFO - 40        
2025-03-10 17:56:12,823 - app_event - INFO - 0.225
2025-03-10 17:56:13,469 - app_event - INFO - 40        
2025-03-10 17:56:13,511 - app_event - INFO - 0.225
2025-03-10 17:57:43,377 - app_event - INFO - 50        
2025-03-10 17:57:43,674 - app_event - INFO - 0.18
2025-03-10 17:57:44,323 - app_event - INFO - 50        
2025-03-10 17:57:44,604 - app_event - INFO - 0.18
2025-03-10 17:57:45,171 - app_event - INFO - 50        
2025-03-10 17:57:45,254 - app_event - INFO - 0.18
2025-03-10 17:57:45,876 - app_event - INFO - 50        
2025-03-10 17:57:45,958 - app_event - INFO - 0.18
2025-03-10 17:57:46,526 - app_event - INFO - 50        
2025-03-10 17:57:46,586 - app_event - INFO - 0.18
2025-03-10 17:57:47,242 - app_event - INFO - 50        
2025-03-10 17:57:47,310 - app_event - INFO - 0.18
2025-03-10 17:57:47,867 - app_event - INFO - 50        
2025-03-10 17:57:47,919 - app_event - INFO - 0.18
2025-03-10 17:57:48,484 - app_event - INFO - 50        
2025-03-10 17:57:48,543 - app_event - INFO - 0.18
2025-03-10 17:57:49,293 - app_event - INFO - 50        
2025-03-10 17:57:49,341 - app_event - INFO - 0.18
2025-03-10 17:57:49,899 - app_event - INFO - 50        
2025-03-10 17:57:49,951 - app_event - INFO - 0.18
2025-03-10 17:57:50,568 - app_event - INFO - 50        
2025-03-10 17:57:50,833 - app_event - INFO - 0.18
2025-03-10 17:57:51,400 - app_event - INFO - 50        
2025-03-10 17:57:51,455 - app_event - INFO - 0.18
2025-03-10 17:57:52,009 - app_event - INFO - 50        
2025-03-10 17:57:52,283 - app_event - INFO - 0.18
2025-03-10 17:57:52,905 - app_event - INFO - 50        
2025-03-10 17:57:52,957 - app_event - INFO - 0.18
2025-03-10 17:57:53,502 - app_event - INFO - 50        
2025-03-10 17:57:53,756 - app_event - INFO - 0.18
2025-03-10 17:57:54,351 - app_event - INFO - 50        
2025-03-10 17:57:54,419 - app_event - INFO - 0.18
2025-03-10 17:58:26,985 - app_event - INFO - 40        
2025-03-10 17:58:27,202 - app_event - INFO - 0.225
2025-03-10 17:58:27,819 - app_event - INFO - 40        
2025-03-10 17:58:27,936 - app_event - INFO - 0.225
2025-03-10 17:58:29,215 - app_event - INFO - 40        
2025-03-10 17:58:29,314 - app_event - INFO - 0.225
2025-03-10 17:58:29,916 - app_event - INFO - 40        
2025-03-10 17:58:29,976 - app_event - INFO - 0.225
2025-03-10 17:58:30,626 - app_event - INFO - 40        
2025-03-10 17:58:30,678 - app_event - INFO - 0.225
2025-03-10 17:58:31,326 - app_event - INFO - 40        
2025-03-10 17:58:31,368 - app_event - INFO - 0.225
2025-03-10 17:58:32,099 - app_event - INFO - 40        
2025-03-10 17:58:32,177 - app_event - INFO - 0.225
2025-03-10 17:58:32,884 - app_event - INFO - 40        
2025-03-10 17:58:32,933 - app_event - INFO - 0.225
2025-03-10 17:58:33,539 - app_event - INFO - 40        
2025-03-10 17:58:33,584 - app_event - INFO - 0.225
2025-03-10 17:58:34,195 - app_event - INFO - 40        
2025-03-10 17:58:34,244 - app_event - INFO - 0.225
2025-03-10 17:58:35,011 - app_event - INFO - 40        
2025-03-10 17:58:35,066 - app_event - INFO - 0.225
2025-03-10 17:58:35,689 - app_event - INFO - 40        
2025-03-10 17:58:35,745 - app_event - INFO - 0.225
2025-03-10 17:58:36,353 - app_event - INFO - 40        
2025-03-10 17:58:36,427 - app_event - INFO - 0.225
2025-03-10 17:58:37,042 - app_event - INFO - 40        
2025-03-10 17:58:37,089 - app_event - INFO - 0.225
2025-03-10 17:58:37,762 - app_event - INFO - 40        
2025-03-10 17:58:37,811 - app_event - INFO - 0.225
2025-03-10 17:58:39,111 - app_event - INFO - 40        
2025-03-10 17:58:39,166 - app_event - INFO - 0.225
2025-03-10 18:02:36,578 - app_event - INFO - LHB
2025-03-10 18:02:37,346 - app_event - INFO - LHB
2025-03-10 18:02:38,072 - app_event - INFO - LHB
2025-03-10 18:02:38,746 - app_event - INFO - LHB
2025-03-10 18:02:39,346 - app_event - INFO - LHB
2025-03-10 18:02:39,982 - app_event - INFO - LHB
2025-03-10 18:02:40,555 - app_event - INFO - LHB
2025-03-10 18:02:41,338 - app_event - INFO - LHB
2025-03-10 18:02:41,955 - app_event - INFO - LHB
2025-03-10 18:02:42,542 - app_event - INFO - LHB
2025-03-10 18:02:43,157 - app_event - INFO - LHB
2025-03-10 18:02:43,755 - app_event - INFO - LHB
2025-03-10 18:02:44,508 - app_event - INFO - LHB
2025-03-10 18:02:45,145 - app_event - INFO - LHB
2025-03-10 18:02:45,805 - app_event - INFO - LHB
2025-03-10 18:02:46,672 - app_event - INFO - LHB
2025-03-10 18:03:16,770 - app_event - INFO - WAGON
2025-03-10 18:03:17,257 - app_event - INFO - WAGON
2025-03-10 18:03:17,769 - app_event - INFO - WAGON
2025-03-10 18:03:18,287 - app_event - INFO - WAGON
2025-03-10 18:03:18,784 - app_event - INFO - WAGON
2025-03-10 18:03:19,275 - app_event - INFO - WAGON
2025-03-10 18:03:19,718 - app_event - INFO - WAGON
2025-03-10 18:03:20,285 - app_event - INFO - WAGON
2025-03-10 18:03:20,791 - app_event - INFO - WAGON
2025-03-10 18:03:21,365 - app_event - INFO - WAGON
2025-03-10 18:03:21,871 - app_event - INFO - WAGON
2025-03-10 18:03:22,365 - app_event - INFO - WAGON
2025-03-10 18:03:22,825 - app_event - INFO - WAGON
2025-03-10 18:03:23,373 - app_event - INFO - WAGON
2025-03-10 18:03:23,874 - app_event - INFO - WAGON
2025-03-10 18:03:24,348 - app_event - INFO - WAGON
2025-03-10 18:05:37,415 - app_event - INFO - ICF
2025-03-10 18:05:38,228 - app_event - INFO - ICF
2025-03-10 18:05:38,761 - app_event - INFO - ICF
2025-03-10 18:05:39,313 - app_event - INFO - ICF
2025-03-10 18:05:40,143 - app_event - INFO - ICF
2025-03-10 18:05:40,831 - app_event - INFO - ICF
2025-03-10 18:05:41,492 - app_event - INFO - ICF
2025-03-10 18:05:42,063 - app_event - INFO - ICF
2025-03-10 18:05:42,712 - app_event - INFO - ICF
2025-03-10 18:05:43,299 - app_event - INFO - ICF
2025-03-10 18:05:43,913 - app_event - INFO - ICF
2025-03-10 18:05:44,669 - app_event - INFO - ICF
2025-03-10 18:05:45,290 - app_event - INFO - ICF
2025-03-10 18:05:45,832 - app_event - INFO - ICF
2025-03-10 18:05:46,492 - app_event - INFO - ICF
2025-03-10 18:05:47,178 - app_event - INFO - ICF
2025-03-10 18:06:24,859 - app_event - INFO - ICF
2025-03-10 18:06:25,602 - app_event - INFO - ICF
2025-03-10 18:06:26,403 - app_event - INFO - ICF
2025-03-10 18:06:27,351 - app_event - INFO - ICF
2025-03-10 18:06:28,107 - app_event - INFO - ICF
2025-03-10 18:06:28,883 - app_event - INFO - ICF
2025-03-10 18:06:29,792 - app_event - INFO - ICF
2025-03-10 18:06:30,550 - app_event - INFO - ICF
2025-03-10 18:06:31,456 - app_event - INFO - ICF
2025-03-10 18:06:32,508 - app_event - INFO - ICF
2025-03-10 18:06:33,337 - app_event - INFO - ICF
2025-03-10 18:06:34,068 - app_event - INFO - ICF
2025-03-10 18:06:35,042 - app_event - INFO - ICF
2025-03-10 18:06:35,819 - app_event - INFO - ICF
2025-03-10 18:06:36,466 - app_event - INFO - ICF
2025-03-10 18:06:37,242 - app_event - INFO - ICF
2025-03-10 18:07:15,628 - app_event - INFO - ICF
2025-03-10 18:07:16,143 - app_event - INFO - ICF
2025-03-10 18:07:16,890 - app_event - INFO - ICF
2025-03-10 18:07:17,441 - app_event - INFO - ICF
2025-03-10 18:07:18,096 - app_event - INFO - ICF
2025-03-10 18:07:19,337 - app_event - INFO - ICF
2025-03-10 18:07:19,862 - app_event - INFO - ICF
2025-03-10 18:07:20,478 - app_event - INFO - ICF
2025-03-10 18:07:21,145 - app_event - INFO - ICF
2025-03-10 18:07:21,766 - app_event - INFO - ICF
2025-03-10 18:07:22,398 - app_event - INFO - ICF
2025-03-10 18:07:22,949 - app_event - INFO - ICF
2025-03-10 18:07:23,667 - app_event - INFO - ICF
2025-03-10 18:07:24,232 - app_event - INFO - ICF
2025-03-10 18:07:24,876 - app_event - INFO - ICF
2025-03-10 18:07:25,543 - app_event - INFO - ICF
