2025-02-06 13:34:27,662 - app_event - INFO - Inference time: 12.49 seconds
2025-02-06 13:34:31,350 - app_event - INFO - Inference time: 3.51 seconds
2025-02-06 13:34:34,853 - app_event - INFO - Inference time: 3.48 seconds
2025-02-06 13:34:38,173 - app_event - INFO - Inference time: 3.30 seconds
2025-02-06 13:34:42,006 - app_event - INFO - Inference time: 3.82 seconds
2025-02-06 13:34:45,763 - app_event - INFO - Inference time: 3.74 seconds
2025-02-06 13:34:49,371 - app_event - INFO - Inference time: 3.58 seconds
2025-02-06 13:52:53,224 - app_event - INFO - process_start_stop_flag
2025-02-06 13:52:53,845 - app_event - INFO - Total video time: 04:10.000000
2025-02-06 13:53:14,143 - app_event - INFO - self.timestamps list:['00:00.800000']
2025-02-06 13:56:17,234 - app_event - INFO - self.timestamps list:['00:00.800000', '00:10.400000']
2025-02-06 13:57:24,191 - app_event - INFO - self.timestamps list:['00:00.800000', '00:10.400000', '00:10.600000']
2025-02-06 14:00:54,565 - app_event - INFO - self.timestamps list:['00:00.800000', '00:10.400000', '00:10.600000', '00:17.800000']
2025-02-06 14:04:59,639 - app_event - INFO - self.timestamps list:['00:00.800000', '00:10.400000', '00:10.600000', '00:17.800000', '00:24.600000']
2025-02-06 14:08:10,348 - app_event - INFO - self.timestamps list:['00:00.800000', '00:10.400000', '00:10.600000', '00:17.800000', '00:24.600000', '00:25.400000']
2025-02-06 14:11:49,414 - app_event - INFO - self.timestamps list:['00:00.800000', '00:10.400000', '00:10.600000', '00:17.800000', '00:24.600000', '00:25.400000', '00:28.400000']
2025-02-06 14:15:17,844 - app_event - INFO - self.timestamps list:['00:00.800000', '00:10.400000', '00:10.600000', '00:17.800000', '00:24.600000', '00:25.400000', '00:28.400000', '00:28.600000']
2025-02-06 14:23:04,608 - app_event - INFO - self.timestamps list:['00:00.800000', '00:10.400000', '00:10.600000', '00:17.800000', '00:24.600000', '00:25.400000', '00:28.400000', '00:28.600000', '00:46.600000']
2025-02-06 14:27:50,521 - app_event - INFO - self.timestamps list:['00:00.800000', '00:10.400000', '00:10.600000', '00:17.800000', '00:24.600000', '00:25.400000', '00:28.400000', '00:28.600000', '00:46.600000', '00:48.200000']
2025-02-06 14:32:53,501 - app_event - INFO - self.timestamps list:['00:00.800000', '00:10.400000', '00:10.600000', '00:17.800000', '00:24.600000', '00:25.400000', '00:28.400000', '00:28.600000', '00:46.600000', '00:48.200000', '00:49.400000']
