2025-03-24 18:37:30,290 - app_event - INFO - result
2025-03-24 18:37:30,303 - app_event - INFO - {'coach_type': 'LHB', 'distance_mm': 2400, 'speed_kmh': 10, 'time_microseconds': 864000.0, 'time_seconds': 0.864}
2025-03-24 18:37:30,304 - app_event - INFO - time_seconds
2025-03-24 18:37:30,306 - app_event - INFO - 0.864
2025-03-24 18:37:30,307 - app_event - INFO - s: 0.168
2025-03-24 18:37:30,444 - app_event - INFO - {'timestamp': '2025-03-24T18:37:30.444012'}
2025-03-24 18:37:30,677 - app_event - INFO - C1,    37,  30   2  38  34  975840000,  1736,  1598,  1688,  1654,
2025-03-24 18:37:31,119 - app_event - INFO - {'timestamp': '2025-03-24T18:37:31.119601'}
2025-03-24 18:37:31,345 - app_event - INFO - S,    38,  30   2  38  35  647467000,
2025-03-24 18:37:31,483 - app_event - INFO - loadtrain_type
2025-03-24 18:37:31,484 - app_event - INFO - LHB
2025-03-24 18:37:31,486 - app_event - INFO - distance_mm
2025-03-24 18:37:31,487 - app_event - INFO - 2400
2025-03-24 18:37:31,489 - app_event - INFO - initial_distance
2025-03-24 18:37:31,490 - app_event - INFO - 2.4
2025-03-24 18:37:31,491 - app_event - INFO - result
2025-03-24 18:37:31,493 - app_event - INFO - {'coach_type': 'LHB', 'distance_mm': 2400, 'speed_kmh': 10, 'time_microseconds': 864000.0, 'time_seconds': 0.864}
2025-03-24 18:37:31,494 - app_event - INFO - time_seconds
2025-03-24 18:37:31,495 - app_event - INFO - 0.864
2025-03-24 18:37:31,496 - app_event - INFO - s: 0.168
2025-03-24 18:37:31,646 - app_event - INFO - {'timestamp': '2025-03-24T18:37:31.646580'}
2025-03-24 18:37:31,874 - app_event - INFO - C1,    38,  30   2  38  36  145359000,  1738,  1612,  1688,  1656,
2025-03-24 18:37:32,189 - app_event - INFO - {'timestamp': '2025-03-24T18:37:32.189814'}
2025-03-24 18:37:32,354 - app_event - INFO - S,    39,  30   2  38  36  686448000,
2025-03-24 18:37:32,592 - app_event - INFO - loadtrain_type
2025-03-24 18:37:32,594 - app_event - INFO - LHB
2025-03-24 18:37:32,595 - app_event - INFO - distance_mm
2025-03-24 18:37:32,596 - app_event - INFO - 2400
2025-03-24 18:37:32,599 - app_event - INFO - initial_distance
2025-03-24 18:37:32,600 - app_event - INFO - 2.4
2025-03-24 18:37:32,601 - app_event - INFO - result
2025-03-24 18:37:32,603 - app_event - INFO - {'coach_type': 'LHB', 'distance_mm': 2400, 'speed_kmh': 10, 'time_microseconds': 864000.0, 'time_seconds': 0.864}
2025-03-24 18:37:32,605 - app_event - INFO - time_seconds
2025-03-24 18:37:32,606 - app_event - INFO - 0.864
2025-03-24 18:37:32,607 - app_event - INFO - s: 0.168
2025-03-24 18:37:32,776 - app_event - INFO - {'timestamp': '2025-03-24T18:37:32.776686'}
2025-03-24 18:37:32,994 - app_event - INFO - C1,    39,  30   2  38  37  283479000,  1738,  1600,  1676,  1642,
2025-03-24 18:37:33,443 - app_event - INFO - {'timestamp': '2025-03-24T18:37:33.443070'}
2025-03-24 18:37:33,658 - app_event - INFO - S,    40,  30   2  38  37  955646000,
2025-03-24 18:37:33,921 - app_event - INFO - loadtrain_type
2025-03-24 18:37:33,922 - app_event - INFO - LHB
2025-03-24 18:37:33,924 - app_event - INFO - distance_mm
2025-03-24 18:37:33,925 - app_event - INFO - 2400
2025-03-24 18:37:33,926 - app_event - INFO - initial_distance
2025-03-24 18:37:33,927 - app_event - INFO - 2.4
2025-03-24 18:37:33,927 - app_event - INFO - result
2025-03-24 18:37:33,928 - app_event - INFO - {'coach_type': 'LHB', 'distance_mm': 2400, 'speed_kmh': 10, 'time_microseconds': 864000.0, 'time_seconds': 0.864}
2025-03-24 18:37:33,929 - app_event - INFO - time_seconds
2025-03-24 18:37:33,930 - app_event - INFO - 0.864
2025-03-24 18:37:33,932 - app_event - INFO - s: 0.168
2025-03-24 18:37:34,151 - app_event - INFO - {'timestamp': '2025-03-24T18:37:34.151635'}
2025-03-24 18:37:34,392 - app_event - INFO - C1,    40,  30   2  38  38  627379000,  1736,  1598,  1686,  1642,
2025-03-24 18:48:06,107 - app_event - INFO - s: 8
2025-03-24 18:48:06,556 - app_event - INFO - {'timestamp': '2025-03-24T18:48:06.556668'}
2025-03-24 18:48:06,818 - app_event - INFO - S,     1,  30   2  37  40  918819000,
2025-03-24 18:48:07,057 - app_event - INFO - loadtrain_type
2025-03-24 18:48:07,059 - app_event - INFO - LHB
2025-03-24 18:48:07,060 - app_event - INFO - distance_mm
2025-03-24 18:48:07,061 - app_event - INFO - 2400
2025-03-24 18:48:07,062 - app_event - INFO - initial_distance
2025-03-24 18:48:07,063 - app_event - INFO - 2.4
2025-03-24 18:48:07,064 - app_event - INFO - result
2025-03-24 18:48:07,065 - app_event - INFO - {'coach_type': 'LHB', 'distance_mm': 2400, 'speed_kmh': 1, 'time_microseconds': 8639999.999999998, 'time_seconds': 8.639999999999999}
2025-03-24 18:48:07,067 - app_event - INFO - time_seconds
2025-03-24 18:48:07,068 - app_event - INFO - 8.639999999999999
2025-03-24 18:48:07,069 - app_event - INFO - s: 0.168
2025-03-24 18:48:07,307 - app_event - INFO - {'timestamp': '2025-03-24T18:48:07.307175'}
2025-03-24 18:48:07,544 - app_event - INFO - C1,     1,  30   2  37  41  440436000,  1736,  1650,  1674,  1640,
2025-03-24 18:48:08,030 - app_event - INFO - {'timestamp': '2025-03-24T18:48:08.030434'}
2025-03-24 18:48:08,279 - app_event - INFO - S,     2,  30   2  37  41  959503000,
2025-03-24 18:48:08,544 - app_event - INFO - loadtrain_type
2025-03-24 18:48:08,547 - app_event - INFO - LHB
2025-03-24 18:48:08,548 - app_event - INFO - distance_mm
2025-03-24 18:48:08,549 - app_event - INFO - 2400
2025-03-24 18:48:08,551 - app_event - INFO - initial_distance
2025-03-24 18:48:08,552 - app_event - INFO - 2.4
2025-03-24 18:48:08,554 - app_event - INFO - result
2025-03-24 18:48:08,556 - app_event - INFO - {'coach_type': 'LHB', 'distance_mm': 2400, 'speed_kmh': 1, 'time_microseconds': 8639999.999999998, 'time_seconds': 8.639999999999999}
2025-03-24 18:48:08,557 - app_event - INFO - time_seconds
2025-03-24 18:48:08,558 - app_event - INFO - 8.639999999999999
2025-03-24 18:48:08,560 - app_event - INFO - s: 0.168
2025-03-24 18:48:08,766 - app_event - INFO - {'timestamp': '2025-03-24T18:48:08.766164'}
2025-03-24 18:48:09,021 - app_event - INFO - C1,     2,  30   2  37  42  620426000,  1738,  1652,  1674,  1642,
2025-03-24 18:48:09,456 - app_event - INFO - {'timestamp': '2025-03-24T18:48:09.456268'}
2025-03-24 18:48:09,686 - app_event - INFO - S,     3,  30   2  37  43  455483000,
2025-03-24 18:48:09,955 - app_event - INFO - loadtrain_type
2025-03-24 18:48:09,956 - app_event - INFO - LHB
2025-03-24 18:48:09,959 - app_event - INFO - distance_mm
2025-03-24 18:48:09,960 - app_event - INFO - 2400
2025-03-24 18:48:09,962 - app_event - INFO - initial_distance
2025-03-24 18:48:09,963 - app_event - INFO - 2.4
2025-03-24 18:48:09,965 - app_event - INFO - result
2025-03-24 18:48:09,966 - app_event - INFO - {'coach_type': 'LHB', 'distance_mm': 2400, 'speed_kmh': 1, 'time_microseconds': 8639999.999999998, 'time_seconds': 8.639999999999999}
2025-03-24 18:48:09,967 - app_event - INFO - time_seconds
2025-03-24 18:48:09,968 - app_event - INFO - 8.639999999999999
2025-03-24 18:48:09,969 - app_event - INFO - s: 0.168
2025-03-24 18:48:10,262 - app_event - INFO - {'timestamp': '2025-03-24T18:48:10.262689'}
2025-03-24 18:48:10,479 - app_event - INFO - C1,     3,  30   2  37  44  181218000,  1738,  1650,  1688,  1642,
2025-03-24 18:48:10,928 - app_event - INFO - {'timestamp': '2025-03-24T18:48:10.928532'}
2025-03-24 18:48:11,165 - app_event - INFO - S,     4,  30   2  37  44  918369000,
2025-03-24 18:48:11,418 - app_event - INFO - loadtrain_type
2025-03-24 18:48:11,419 - app_event - INFO - LHB
2025-03-24 18:48:11,420 - app_event - INFO - distance_mm
2025-03-24 18:48:11,421 - app_event - INFO - 2400
2025-03-24 18:48:11,422 - app_event - INFO - initial_distance
2025-03-24 18:48:11,423 - app_event - INFO - 2.4
2025-03-24 18:48:11,424 - app_event - INFO - result
2025-03-24 18:48:11,426 - app_event - INFO - {'coach_type': 'LHB', 'distance_mm': 2400, 'speed_kmh': 1, 'time_microseconds': 8639999.999999998, 'time_seconds': 8.639999999999999}
2025-03-24 18:48:11,428 - app_event - INFO - time_seconds
2025-03-24 18:48:11,430 - app_event - INFO - 8.639999999999999
2025-03-24 18:48:11,436 - app_event - INFO - s: 0.168
2025-03-24 18:48:11,645 - app_event - INFO - {'timestamp': '2025-03-24T18:48:11.645847'}
2025-03-24 18:48:11,896 - app_event - INFO - C1,     4,  30   2  37  45  643613000,  1736,  1650,  1688,  1642,
2025-03-24 18:48:12,369 - app_event - INFO - {'timestamp': '2025-03-24T18:48:12.369653'}
2025-03-24 18:48:12,631 - app_event - INFO - S,     5,  30   2  37  46  443640000,
2025-03-24 18:48:12,953 - app_event - INFO - loadtrain_type
2025-03-24 18:48:12,958 - app_event - INFO - LHB
2025-03-24 18:48:12,960 - app_event - INFO - distance_mm
2025-03-24 18:48:12,961 - app_event - INFO - 2400
2025-03-24 18:48:12,963 - app_event - INFO - initial_distance
2025-03-24 18:48:12,965 - app_event - INFO - 2.4
2025-03-24 18:48:12,966 - app_event - INFO - result
2025-03-24 18:48:12,967 - app_event - INFO - {'coach_type': 'LHB', 'distance_mm': 2400, 'speed_kmh': 1, 'time_microseconds': 8639999.999999998, 'time_seconds': 8.639999999999999}
2025-03-24 18:48:12,968 - app_event - INFO - time_seconds
2025-03-24 18:48:12,969 - app_event - INFO - 8.639999999999999
2025-03-24 18:48:12,972 - app_event - INFO - s: 0.168
2025-03-24 18:48:13,167 - app_event - INFO - {'timestamp': '2025-03-24T18:48:13.167591'}
2025-03-24 18:48:13,411 - app_event - INFO - C1,     5,  30   2  37  47  201468000,  1754,  1650,  1686,  1640,
2025-03-24 18:48:13,884 - app_event - INFO - {'timestamp': '2025-03-24T18:48:13.884726'}
2025-03-24 18:48:14,134 - app_event - INFO - S,     6,  30   2  37  47  937268000,
2025-03-24 18:48:14,448 - app_event - INFO - loadtrain_type
2025-03-24 18:48:14,450 - app_event - INFO - LHB
2025-03-24 18:48:14,451 - app_event - INFO - distance_mm
2025-03-24 18:48:14,455 - app_event - INFO - 2400
2025-03-24 18:48:14,457 - app_event - INFO - initial_distance
2025-03-24 18:48:14,459 - app_event - INFO - 2.4
2025-03-24 18:48:14,460 - app_event - INFO - result
2025-03-24 18:48:14,461 - app_event - INFO - {'coach_type': 'LHB', 'distance_mm': 2400, 'speed_kmh': 1, 'time_microseconds': 8639999.999999998, 'time_seconds': 8.639999999999999}
2025-03-24 18:48:14,463 - app_event - INFO - time_seconds
2025-03-24 18:48:14,464 - app_event - INFO - 8.639999999999999
2025-03-24 18:48:14,465 - app_event - INFO - s: 0.168
2025-03-24 18:48:14,687 - app_event - INFO - {'timestamp': '2025-03-24T18:48:14.687529'}
2025-03-24 18:48:14,926 - app_event - INFO - C1,     6,  30   2  37  48  662878000,  1736,  1650,  1678,  1642,
2025-03-24 18:48:15,391 - app_event - INFO - {'timestamp': '2025-03-24T18:48:15.391588'}
2025-03-24 18:48:15,603 - app_event - INFO - S,     7,  30   2  37  49  388537000,
2025-03-24 18:48:15,868 - app_event - INFO - loadtrain_type
2025-03-24 18:48:15,871 - app_event - INFO - LHB
2025-03-24 18:48:15,871 - app_event - INFO - distance_mm
2025-03-24 18:48:15,874 - app_event - INFO - 2400
2025-03-24 18:48:15,875 - app_event - INFO - initial_distance
2025-03-24 18:48:15,876 - app_event - INFO - 2.4
2025-03-24 18:48:15,878 - app_event - INFO - result
2025-03-24 18:48:15,879 - app_event - INFO - {'coach_type': 'LHB', 'distance_mm': 2400, 'speed_kmh': 1, 'time_microseconds': 8639999.999999998, 'time_seconds': 8.639999999999999}
2025-03-24 18:48:15,880 - app_event - INFO - time_seconds
2025-03-24 18:48:15,882 - app_event - INFO - 8.639999999999999
2025-03-24 18:48:15,883 - app_event - INFO - s: 0.168
2025-03-24 18:48:16,117 - app_event - INFO - {'timestamp': '2025-03-24T18:48:16.117498'}
2025-03-24 18:48:16,355 - app_event - INFO - C1,     7,  30   2  37  50  114783000,  1754,  1598,  1686,  1654,
2025-03-24 18:48:16,800 - app_event - INFO - {'timestamp': '2025-03-24T18:48:16.800460'}
2025-03-24 18:48:16,994 - app_event - INFO - S,     8,  30   2  37  50  851185000,
2025-03-24 18:48:17,291 - app_event - INFO - loadtrain_type
2025-03-24 18:48:17,292 - app_event - INFO - LHB
2025-03-24 18:48:17,293 - app_event - INFO - distance_mm
2025-03-24 18:48:17,294 - app_event - INFO - 2400
2025-03-24 18:48:17,295 - app_event - INFO - initial_distance
2025-03-24 18:48:17,296 - app_event - INFO - 2.4
2025-03-24 18:48:17,297 - app_event - INFO - result
2025-03-24 18:48:17,298 - app_event - INFO - {'coach_type': 'LHB', 'distance_mm': 2400, 'speed_kmh': 1, 'time_microseconds': 8639999.999999998, 'time_seconds': 8.639999999999999}
2025-03-24 18:48:17,299 - app_event - INFO - time_seconds
2025-03-24 18:48:17,300 - app_event - INFO - 8.639999999999999
2025-03-24 18:48:17,301 - app_event - INFO - s: 0.168
2025-03-24 18:48:17,523 - app_event - INFO - {'timestamp': '2025-03-24T18:48:17.523066'}
2025-03-24 18:48:17,770 - app_event - INFO - C1,     8,  30   2  37  51  684248000,  1738,  1612,  1688,  1654,
2025-03-24 18:48:48,192 - app_event - INFO - TrainEnd.......Done
