2025-02-13 10:04:33,654 - app_event - INFO - ('12345', 0, 'xyz')
2025-02-13 10:09:26,104 - app_event - INFO - ('12345', 1, "('2', '0', '2', '5')")
2025-02-13 10:10:59,162 - app_event - INFO - ('12345', 2, ('2', '0', '2', '5'))
2025-02-13 10:13:18,697 - app_event - INFO - ('12345', 3, '2025-02-13 10:13:18.598.598130.1739421798598129920')
2025-02-13 10:13:51,630 - app_event - INFO - ('12345', 4, '2025-02-13 10:13:51.539.539725.1739421831539725056')
2025-02-13 10:13:52,140 - app_event - INFO - ('12345', 5, '2025-02-13 10:13:51.925.925274.1739421831925273856')
2025-02-13 10:13:52,443 - app_event - INFO - ('12345', 6, '2025-02-13 10:13:52.351.351651.1739421832351651072')
2025-02-13 10:13:52,750 - app_event - INFO - ('12345', 7, '2025-02-13 10:13:52.655.655795.1739421832655795200')
2025-02-13 10:13:53,160 - app_event - INFO - ('12345', 8, '2025-02-13 10:13:53.041.041317.1739421833041316864')
2025-02-13 10:13:53,643 - app_event - INFO - ('12345', 9, '2025-02-13 10:13:53.549.549876.1739421833549875968')
2025-02-13 10:13:53,964 - app_event - INFO - ('12345', 10, '2025-02-13 10:13:53.871.871860.1739421833871859968')
2025-02-13 10:13:54,375 - app_event - INFO - ('12345', 11, '2025-02-13 10:13:54.307.307784.1739421834307784192')
2025-02-13 10:13:54,767 - app_event - INFO - ('12345', 12, '2025-02-13 10:13:54.665.665044.1739421834665043968')
2025-02-13 10:13:55,197 - app_event - INFO - ('12345', 13, '2025-02-13 10:13:55.124.124861.1739421835124860928')
2025-02-13 10:13:55,582 - app_event - INFO - ('12345', 14, '2025-02-13 10:13:55.475.475156.1739421835475155968')
2025-02-13 10:13:56,082 - app_event - INFO - ('12345', 15, '2025-02-13 10:13:56.016.016051.1739421836016050944')
2025-02-13 10:13:56,567 - app_event - INFO - ('12345', 16, '2025-02-13 10:13:56.455.455738.1739421836455738112')
2025-02-13 10:13:56,941 - app_event - INFO - ('12345', 17, '2025-02-13 10:13:56.838.838962.1739421836838962176')
2025-02-13 10:13:57,336 - app_event - INFO - ('12345', 18, '2025-02-13 10:13:57.250.250653.1739421837250652928')
2025-02-13 10:13:57,796 - app_event - INFO - ('12345', 19, '2025-02-13 10:13:57.709.709535.1739421837709534976')
2025-02-13 10:13:58,316 - app_event - INFO - ('12345', 20, '2025-02-13 10:13:58.213.213149.1739421838213149184')
2025-02-13 10:13:58,731 - app_event - INFO - ('12345', 21, '2025-02-13 10:13:58.664.664831.1739421838664830976')
2025-02-13 10:13:59,152 - app_event - INFO - ('12345', 22, '2025-02-13 10:13:59.064.064570.1739421839064569856')
2025-02-13 10:13:59,585 - app_event - INFO - ('12345', 23, '2025-02-13 10:13:59.499.499748.1739421839499748096')
2025-02-13 10:13:59,978 - app_event - INFO - ('12345', 24, '2025-02-13 10:13:59.912.912508.1739421839912507904')
2025-02-13 10:14:00,386 - app_event - INFO - ('12345', 25, '2025-02-13 10:14:00.293.293033.1739421840293032960')
2025-02-13 10:14:00,904 - app_event - INFO - ('12345', 26, '2025-02-13 10:14:00.801.801292.1739421840801292032')
2025-02-13 10:14:01,512 - app_event - INFO - ('12345', 27, '2025-02-13 10:14:01.306.306423.1739421841306423040')
2025-02-13 10:14:01,805 - app_event - INFO - ('12345', 28, '2025-02-13 10:14:01.735.735511.1739421841735511040')
2025-02-13 10:14:02,214 - app_event - INFO - ('12345', 29, '2025-02-13 10:14:02.113.113054.1739421842113053952')
2025-02-13 10:14:02,565 - app_event - INFO - ('12345', 30, '2025-02-13 10:14:02.478.478127.1739421842478127104')
2025-02-13 10:14:02,999 - app_event - INFO - ('12345', 31, '2025-02-13 10:14:02.905.905771.1739421842905771008')
2025-02-13 10:14:03,372 - app_event - INFO - ('12345', 32, '2025-02-13 10:14:03.273.273166.1739421843273165824')
2025-02-13 10:14:03,795 - app_event - INFO - ('12345', 33, '2025-02-13 10:14:03.705.705712.1739421843705712128')
2025-02-13 10:14:04,225 - app_event - INFO - ('12345', 34, '2025-02-13 10:14:04.155.155132.1739421844155132160')
2025-02-13 10:14:04,711 - app_event - INFO - ('12345', 35, '2025-02-13 10:14:04.618.618175.1739421844618174976')
2025-02-13 10:14:05,179 - app_event - INFO - ('12345', 36, '2025-02-13 10:14:05.087.087401.1739421845087400960')
2025-02-13 10:14:05,613 - app_event - INFO - ('12345', 37, '2025-02-13 10:14:05.554.554250.1739421845554249984')
2025-02-13 10:14:05,964 - app_event - INFO - ('12345', 38, '2025-02-13 10:14:05.870.870774.1739421845870774016')
2025-02-13 10:14:06,344 - app_event - INFO - ('12345', 39, '2025-02-13 10:14:06.245.245514.1739421846245513984')
2025-02-13 11:10:36,361 - app_event - INFO - process_start_stop_flag
2025-02-13 11:10:37,576 - app_event - INFO - Total video time: 04:10.000000
2025-02-13 11:11:07,895 - app_event - INFO - self.timestamps list:['00:00.800000']
2025-02-13 11:14:42,793 - app_event - INFO - self.timestamps list:['00:00.800000', '00:10.400000']
2025-02-13 11:16:06,843 - app_event - INFO - self.timestamps list:['00:00.800000', '00:10.400000', '00:10.600000']
2025-02-13 11:19:27,989 - app_event - INFO - self.timestamps list:['00:00.800000', '00:10.400000', '00:10.600000', '00:17.800000']
2025-02-13 11:23:36,370 - app_event - INFO - self.timestamps list:['00:00.800000', '00:10.400000', '00:10.600000', '00:17.800000', '00:24.600000']
2025-02-13 11:26:41,923 - app_event - INFO - self.timestamps list:['00:00.800000', '00:10.400000', '00:10.600000', '00:17.800000', '00:24.600000', '00:25.400000']
2025-02-13 11:30:30,729 - app_event - INFO - self.timestamps list:['00:00.800000', '00:10.400000', '00:10.600000', '00:17.800000', '00:24.600000', '00:25.400000', '00:28.400000']
2025-02-13 11:33:50,890 - app_event - INFO - self.timestamps list:['00:00.800000', '00:10.400000', '00:10.600000', '00:17.800000', '00:24.600000', '00:25.400000', '00:28.400000', '00:28.600000']
2025-02-13 11:42:58,072 - app_event - INFO - self.timestamps list:['00:00.800000', '00:10.400000', '00:10.600000', '00:17.800000', '00:24.600000', '00:25.400000', '00:28.400000', '00:28.600000', '00:46.600000']
2025-02-13 12:05:11,924 - app_event - INFO - process_start_stop_flag
2025-02-13 12:05:12,971 - app_event - INFO - Total video time: 04:10.000000
2025-02-13 12:05:41,052 - app_event - INFO - self.timestamps list:['00:00.800000']
2025-02-13 12:09:00,072 - app_event - INFO - self.timestamps list:['00:00.800000', '00:10.400000']
2025-02-13 12:10:46,436 - app_event - INFO - self.timestamps list:['00:00.800000', '00:10.400000', '00:10.600000']
2025-02-13 12:15:04,099 - app_event - INFO - self.timestamps list:['00:00.800000', '00:10.400000', '00:10.600000', '00:17.800000']
2025-02-13 12:20:56,677 - app_event - INFO - self.timestamps list:['00:00.800000', '00:10.400000', '00:10.600000', '00:17.800000', '00:24.600000']
2025-02-13 12:25:41,799 - app_event - INFO - self.timestamps list:['00:00.800000', '00:10.400000', '00:10.600000', '00:17.800000', '00:24.600000', '00:25.400000']
2025-02-13 12:31:14,581 - app_event - INFO - self.timestamps list:['00:00.800000', '00:10.400000', '00:10.600000', '00:17.800000', '00:24.600000', '00:25.400000', '00:28.400000']
2025-02-13 12:36:42,685 - app_event - INFO - self.timestamps list:['00:00.800000', '00:10.400000', '00:10.600000', '00:17.800000', '00:24.600000', '00:25.400000', '00:28.400000', '00:28.600000']
2025-02-13 14:34:19,685 - app_event - INFO - process_start_stop_flag
2025-02-13 14:34:20,726 - app_event - INFO - Total video time: 04:10.000000
2025-02-13 14:34:42,443 - app_event - INFO - self.timestamps list:['00:00.800000']
2025-02-13 14:35:43,037 - app_event - INFO - process_start_stop_flag
2025-02-13 14:35:43,591 - app_event - INFO - Total video time: 04:10.000000
2025-02-13 15:40:48,339 - app_event - INFO - process_start_stop_flag
2025-02-13 15:40:49,487 - app_event - INFO - Total video time: 04:10.000000
2025-02-13 15:41:19,668 - app_event - INFO - self.timestamps list:['00:00.800000']
2025-02-13 15:45:24,988 - app_event - INFO - process_start_stop_flag
2025-02-13 15:45:26,565 - app_event - INFO - Total video time: 04:10.000000
2025-02-13 15:46:02,130 - app_event - INFO - self.timestamps list:['00:00.800000']
2025-02-13 15:46:42,010 - app_event - INFO - process_start_stop_flag
2025-02-13 15:46:43,063 - app_event - INFO - Total video time: 04:10.000000
2025-02-13 15:47:11,832 - app_event - INFO - self.timestamps list:['00:00.800000']
2025-02-13 15:51:05,017 - app_event - INFO - self.timestamps list:['00:00.800000', '00:10.400000']
2025-02-13 15:59:28,574 - app_event - INFO - ('12345', 0, '2025-02-13 15:59:28.421.421894.1739442568421894144')
2025-02-13 16:08:16,133 - app_event - INFO - ('12345', 1, '2025-02-13 16:08:16.064.064246.1739443096064246016')
2025-02-13 16:08:19,569 - app_event - INFO - ('12345', 2, '2025-02-13 16:08:19.483.483235.1739443099483234816')
2025-02-13 16:08:19,938 - app_event - INFO - ('12345', 3, '2025-02-13 16:08:19.862.862845.1739443099862844928')
2025-02-13 16:08:20,280 - app_event - INFO - ('12345', 4, '2025-02-13 16:08:20.199.199097.1739443100199096832')
2025-02-13 16:08:20,535 - app_event - INFO - ('12345', 5, '2025-02-13 16:08:20.449.449438.1739443100449438208')
2025-02-13 16:08:20,894 - app_event - INFO - ('12345', 6, '2025-02-13 16:08:20.815.815173.1739443100815172864')
2025-02-13 16:08:21,217 - app_event - INFO - ('12345', 7, '2025-02-13 16:08:21.156.156344.1739443101156344064')
2025-02-13 16:08:21,549 - app_event - INFO - ('12345', 8, '2025-02-13 16:08:21.475.475864.1739443101475863808')
2025-02-13 16:08:21,895 - app_event - INFO - ('12345', 9, '2025-02-13 16:08:21.826.826882.1739443101826881792')
2025-02-13 16:08:22,244 - app_event - INFO - ('12345', 10, '2025-02-13 16:08:22.153.153502.1739443102153501952')
2025-02-13 16:08:22,516 - app_event - INFO - ('12345', 11, '2025-02-13 16:08:22.400.400161.1739443102400161024')
2025-02-13 16:08:22,786 - app_event - INFO - ('12345', 12, '2025-02-13 16:08:22.691.691437.1739443102691437056')
2025-02-13 16:08:23,060 - app_event - INFO - ('12345', 13, '2025-02-13 16:08:22.964.964113.1739443102964112896')
2025-02-13 16:08:23,432 - app_event - INFO - ('12345', 14, '2025-02-13 16:08:23.332.332371.1739443103332370944')
2025-02-13 16:08:23,692 - app_event - INFO - ('12345', 15, '2025-02-13 16:08:23.595.595990.1739443103595990016')
2025-02-13 16:08:24,044 - app_event - INFO - ('12345', 16, '2025-02-13 16:08:23.954.954412.1739443103954412032')
2025-02-13 16:08:24,321 - app_event - INFO - ('12345', 17, '2025-02-13 16:08:24.219.219132.1739443104219131904')
2025-02-13 16:08:24,583 - app_event - INFO - ('12345', 18, '2025-02-13 16:08:24.514.514623.1739443104514622976')
2025-02-13 16:08:24,918 - app_event - INFO - ('12345', 19, '2025-02-13 16:08:24.844.844499.1739443104844499200')
2025-02-13 16:08:25,298 - app_event - INFO - ('12345', 20, '2025-02-13 16:08:25.180.180226.1739443105180226048')
2025-02-13 16:08:25,463 - app_event - INFO - ('12345', 21, '2025-02-13 16:08:25.390.390461.1739443105390460928')
2025-02-13 16:08:25,718 - app_event - INFO - ('12345', 22, '2025-02-13 16:08:25.650.650907.1739443105650907136')
2025-02-13 16:08:26,178 - app_event - INFO - ('12345', 23, '2025-02-13 16:08:25.985.985070.1739443105985070080')
2025-02-13 16:08:26,290 - app_event - INFO - ('12345', 24, '2025-02-13 16:08:26.190.190691.1739443106190691072')
2025-02-13 16:08:26,550 - app_event - INFO - ('12345', 25, '2025-02-13 16:08:26.444.444189.1739443106444189184')
2025-02-13 16:08:26,711 - app_event - INFO - ('12345', 26, '2025-02-13 16:08:26.639.639621.1739443106639621120')
2025-02-13 16:08:26,980 - app_event - INFO - ('12345', 27, '2025-02-13 16:08:26.898.898114.1739443106898114048')
2025-02-13 16:08:27,155 - app_event - INFO - ('12345', 28, '2025-02-13 16:08:27.086.086819.1739443107086818816')
2025-02-13 16:08:27,407 - app_event - INFO - ('12345', 29, '2025-02-13 16:08:27.307.307622.1739443107307621888')
2025-02-13 16:08:27,581 - app_event - INFO - ('12345', 30, '2025-02-13 16:08:27.514.514105.1739443107514105088')
2025-02-13 16:08:27,757 - app_event - INFO - ('12345', 31, '2025-02-13 16:08:27.675.675776.1739443107675776000')
2025-02-13 16:08:27,963 - app_event - INFO - ('12345', 32, '2025-02-13 16:08:27.836.836440.1739443107836440064')
2025-02-13 16:08:28,129 - app_event - INFO - ('12345', 33, '2025-02-13 16:08:28.065.065165.1739443108065165056')
2025-02-13 16:08:28,389 - app_event - INFO - ('12345', 34, '2025-02-13 16:08:28.322.322272.1739443108322272000')
2025-02-13 16:08:28,580 - app_event - INFO - ('12345', 35, '2025-02-13 16:08:28.491.491627.1739443108491627008')
2025-02-13 16:08:28,754 - app_event - INFO - ('12345', 36, '2025-02-13 16:08:28.646.646931.1739443108646930944')
2025-02-13 16:08:28,939 - app_event - INFO - ('12345', 37, '2025-02-13 16:08:28.869.869201.1739443108869200896')
2025-02-13 16:14:13,596 - app_event - INFO - ('12345', 0, '2025-02-13 16:14:13.446.446473.1739443453446472960')
