2025-04-01 10:38:37,810 - app_event - INFO - loadtrain_type
2025-04-01 10:38:37,818 - app_event - INFO - LHB
2025-04-01 10:38:37,819 - app_event - INFO - distance_mm
2025-04-01 10:38:37,820 - app_event - INFO - 2400
2025-04-01 10:38:37,821 - app_event - INFO - initial_distance
2025-04-01 10:38:37,822 - app_event - INFO - 2.4
2025-04-01 10:38:37,824 - app_event - INFO - result
2025-04-01 10:38:37,826 - app_event - INFO - {'coach_type': 'LHB', 'distance_mm': 2400, 'speed_kmh': 10, 'time_microseconds': 864000.0, 'time_seconds': 0.864}
2025-04-01 10:38:37,828 - app_event - INFO - time_seconds
2025-04-01 10:38:37,831 - app_event - INFO - 0.864
2025-04-01 10:38:37,834 - app_event - INFO - s: 0.777777777777778
2025-04-01 10:38:38,048 - app_event - INFO - {'timestamp': '2025-04-01T10:38:38.048910'}
2025-04-01 10:38:38,252 - app_event - INFO - C1,    39,   6  18  39  33  295410000,   887,   887,
2025-04-01 10:38:38,742 - app_event - INFO - {'timestamp': '2025-04-01T10:38:38.742689'}
2025-04-01 10:38:38,935 - app_event - INFO - S,    40,   6  18  39  34   27313000,   
2025-04-01 10:38:38,971 - app_event - INFO - timesleep:2.0
2025-04-01 10:38:39,149 - app_event - INFO - loadtrain_type
2025-04-01 10:38:39,151 - app_event - INFO - LHB
2025-04-01 10:38:39,152 - app_event - INFO - distance_mm
2025-04-01 10:38:39,153 - app_event - INFO - 2400
2025-04-01 10:38:39,154 - app_event - INFO - initial_distance
2025-04-01 10:38:39,155 - app_event - INFO - 2.4
2025-04-01 10:38:39,156 - app_event - INFO - result
2025-04-01 10:38:39,158 - app_event - INFO - {'coach_type': 'LHB', 'distance_mm': 2400, 'speed_kmh': 10, 'time_microseconds': 864000.0, 'time_seconds': 0.864}
2025-04-01 10:38:39,160 - app_event - INFO - time_seconds
2025-04-01 10:38:39,161 - app_event - INFO - 0.864
2025-04-01 10:38:39,165 - app_event - INFO - s: 0.777777777777778
2025-04-01 10:38:39,306 - app_event - INFO - {'timestamp': '2025-04-01T10:38:39.306693'}
2025-04-01 10:38:39,464 - app_event - INFO - C1,    40,   6  18  39  34  588519000,   887,   887,
2025-04-01 10:39:59,317 - app_event - INFO - timestamp_c1111111111111111111111111
2025-04-01 10:39:59,318 - app_event - INFO - 2000-01-01 18:38:52.424553
2025-04-01 10:39:59,324 - app_event - INFO - time_diff
2025-04-01 10:39:59,326 - app_event - INFO - 1.084365
2025-04-01 10:39:59,328 - app_event - INFO - time_diff
2025-04-01 10:39:59,328 - app_event - INFO - 1.084365
2025-04-01 10:39:59,330 - app_event - INFO - distance_mm
2025-04-01 10:39:59,331 - app_event - INFO - 7.171869624999999
2025-04-01 10:39:59,332 - app_event - INFO - 7171.869624999999
2025-04-01 11:41:49,988 - app_event - INFO - timestamp_c1111111111111111111111111
2025-04-01 11:41:49,992 - app_event - INFO - 2000-01-01 18:38:52.424553
2025-04-01 11:41:49,996 - app_event - INFO - time_diff
2025-04-01 11:41:49,997 - app_event - INFO - 1.084365
2025-04-01 11:41:49,998 - app_event - INFO - time_diff
2025-04-01 11:41:49,999 - app_event - INFO - 1.084365
2025-04-01 11:41:50,001 - app_event - INFO - distance_mm
2025-04-01 11:41:50,003 - app_event - INFO - 7.171869624999999
2025-04-01 11:41:50,004 - app_event - INFO - 7171.869624999999
2025-04-01 12:08:31,644 - app_event - INFO - timestamp_c1111111111111111111111111
2025-04-01 12:08:31,646 - app_event - INFO - 2000-01-01 18:38:52.424553
2025-04-01 12:08:31,649 - app_event - INFO - time_diff
2025-04-01 12:08:31,650 - app_event - INFO - 1.084365
2025-04-01 12:08:31,652 - app_event - INFO - time_diff
2025-04-01 12:08:31,653 - app_event - INFO - 1.084365
2025-04-01 12:08:31,654 - app_event - INFO - distance_mm
2025-04-01 12:08:31,661 - app_event - INFO - 14.5
2025-04-01 12:08:31,662 - app_event - INFO - 14500.0
2025-04-01 12:09:04,063 - app_event - INFO - timestamp_c1111111111111111111111111
2025-04-01 12:09:04,065 - app_event - INFO - 2000-01-01 18:38:52.424553
2025-04-01 12:09:04,072 - app_event - INFO - time_diff
2025-04-01 12:09:04,075 - app_event - INFO - 1.084365
2025-04-01 12:09:04,076 - app_event - INFO - time_diff
2025-04-01 12:09:04,077 - app_event - INFO - 1.084365
2025-04-01 12:09:04,078 - app_event - INFO - distance_mm
2025-04-01 12:09:04,080 - app_event - INFO - 0.3266242925625
2025-04-01 12:09:04,081 - app_event - INFO - 326.6242925625
2025-04-01 13:59:15,865 - app_event - INFO - timestamp_c1111111111111111111111111
2025-04-01 13:59:15,869 - app_event - INFO - 2000-01-01 18:38:52.424553
2025-04-01 13:59:15,875 - app_event - INFO - time_diff
2025-04-01 13:59:15,876 - app_event - INFO - 1.084365
2025-04-01 13:59:15,877 - app_event - INFO - time_diff
2025-04-01 13:59:15,878 - app_event - INFO - 1.084365
2025-04-01 13:59:15,879 - app_event - INFO - distance_mm
2025-04-01 13:59:15,880 - app_event - INFO - 0.3266242925625
2025-04-01 13:59:15,889 - app_event - INFO - 326.6242925625
2025-04-01 13:59:54,508 - app_event - INFO - timestamp_c1111111111111111111111111
2025-04-01 13:59:54,511 - app_event - INFO - 2000-01-01 18:38:52.424553
2025-04-01 13:59:54,515 - app_event - INFO - time_diff
2025-04-01 13:59:54,516 - app_event - INFO - 1.084365
2025-04-01 13:59:54,517 - app_event - INFO - time_diff
2025-04-01 13:59:54,518 - app_event - INFO - 1.084365
2025-04-01 13:59:54,519 - app_event - INFO - distance_mm
2025-04-01 13:59:54,520 - app_event - INFO - 14.5
2025-04-01 13:59:54,522 - app_event - INFO - 14500.0
2025-04-01 14:00:03,671 - app_event - INFO - timestamp_c1111111111111111111111111
2025-04-01 14:00:03,674 - app_event - INFO - 2000-01-01 18:38:52.424553
2025-04-01 14:00:03,679 - app_event - INFO - time_diff
2025-04-01 14:00:03,680 - app_event - INFO - 1.084365
2025-04-01 14:00:03,685 - app_event - INFO - time_diff
2025-04-01 14:00:03,687 - app_event - INFO - 1.084365
2025-04-01 14:00:03,688 - app_event - INFO - distance_mm
2025-04-01 14:00:03,689 - app_event - INFO - 14.497357625000001
2025-04-01 14:00:03,692 - app_event - INFO - 14497.357625
2025-04-01 14:58:16,271 - app_event - INFO - timestamp_c1111111111111111111111111
2025-04-01 14:58:16,273 - app_event - INFO - 2000-01-01 22:56:46.237989
2025-04-01 14:58:16,285 - app_event - INFO - time_diff
2025-04-01 14:58:16,287 - app_event - INFO - 0.360843
2025-04-01 14:58:16,294 - app_event - INFO - time_diff
2025-04-01 14:58:16,295 - app_event - INFO - 0.360843
2025-04-01 14:58:16,297 - app_event - INFO - distance_mm
2025-04-01 14:58:16,299 - app_event - INFO - 4.824270441666667
2025-04-01 14:58:16,301 - app_event - INFO - 4824.2704416666675
2025-04-01 14:59:26,148 - app_event - INFO - timestamp_c1111111111111111111111111
2025-04-01 14:59:26,150 - app_event - INFO - 2000-01-01 22:56:46.237989
2025-04-01 14:59:26,153 - app_event - INFO - time_diff
2025-04-01 14:59:26,155 - app_event - INFO - 0.360843
2025-04-01 14:59:26,158 - app_event - INFO - time_diff
2025-04-01 14:59:26,161 - app_event - INFO - 0.360843
2025-04-01 14:59:26,163 - app_event - INFO - distance_mm
2025-04-01 14:59:26,164 - app_event - INFO - 0.0361687974025
2025-04-01 14:59:26,165 - app_event - INFO - 36.168797402500005
2025-04-01 16:45:34,008 - app_event - INFO - timestamp_c1111111111111111111111111
2025-04-01 16:45:34,012 - app_event - INFO - 2000-01-01 22:56:46.237989
2025-04-01 16:45:34,014 - app_event - INFO - time_diff
2025-04-01 16:45:34,015 - app_event - INFO - 0.360843
2025-04-01 16:45:34,017 - app_event - INFO - time_diff
2025-04-01 16:45:34,017 - app_event - INFO - 0.360843
2025-04-01 16:45:34,020 - app_event - INFO - distance_mm
2025-04-01 16:45:34,022 - app_event - INFO - 0.0361687974025
2025-04-01 16:45:34,024 - app_event - INFO - 36.168797402500005
2025-04-01 16:46:30,882 - app_event - INFO - timestamp_c1111111111111111111111111
2025-04-01 16:46:30,884 - app_event - INFO - 2000-01-01 00:38:09.747760
2025-04-01 16:46:30,886 - app_event - INFO - time_diff
2025-04-01 16:46:30,887 - app_event - INFO - 4.215623
2025-04-01 16:46:30,890 - app_event - INFO - time_diff
2025-04-01 16:46:30,892 - app_event - INFO - 4.215623
2025-04-01 16:46:30,896 - app_event - INFO - distance_mm
2025-04-01 16:46:30,898 - app_event - INFO - 50.31814453055555
2025-04-01 16:46:30,900 - app_event - INFO - 50318.14453055555
2025-04-01 16:50:45,323 - app_event - INFO - timestamp_c1111111111111111111111111
2025-04-01 16:50:45,326 - app_event - INFO - 2000-01-01 00:38:09.747760
2025-04-01 16:50:45,327 - app_event - INFO - time_diff
2025-04-01 16:50:45,328 - app_event - INFO - 4.215623
2025-04-01 16:50:45,330 - app_event - INFO - time_diff
2025-04-01 16:50:45,332 - app_event - INFO - 4.215623
2025-04-01 16:50:45,333 - app_event - INFO - distance_mm
2025-04-01 16:50:45,334 - app_event - INFO - 1.4225233381391666
2025-04-01 16:50:45,335 - app_event - INFO - 1422.5233381391668
2025-04-01 16:51:31,786 - app_event - INFO - timestamp_c1111111111111111111111111
2025-04-01 16:51:31,788 - app_event - INFO - 2000-01-01 00:38:09.747760
2025-04-01 16:51:31,790 - app_event - INFO - time_diff
2025-04-01 16:51:31,791 - app_event - INFO - 4.215623
2025-04-01 16:51:31,793 - app_event - INFO - time_diff
2025-04-01 16:51:31,795 - app_event - INFO - 4.215623
2025-04-01 16:51:31,797 - app_event - INFO - distance_mm
2025-04-01 16:51:31,799 - app_event - INFO - 2.5935297270280553
2025-04-01 16:51:31,801 - app_event - INFO - 2593.5297270280553
2025-04-01 16:53:44,836 - app_event - INFO - timestamp_c1111111111111111111111111
2025-04-01 16:53:44,837 - app_event - INFO - 2000-01-01 00:38:09.747760
2025-04-01 16:53:44,847 - app_event - INFO - time_diff
2025-04-01 16:53:44,849 - app_event - INFO - 4.215623
2025-04-01 16:53:44,851 - app_event - INFO - time_diff
2025-04-01 16:53:44,853 - app_event - INFO - 4.215623
2025-04-01 16:53:44,854 - app_event - INFO - distance_mm
2025-04-01 16:53:44,855 - app_event - INFO - 2.5935297270280553
2025-04-01 16:53:44,865 - app_event - INFO - 2593.5297270280553
2025-04-01 16:54:06,664 - app_event - INFO - timestamp_c1111111111111111111111111
2025-04-01 16:54:06,665 - app_event - INFO - 2000-01-01 00:38:09.747760
2025-04-01 16:54:06,672 - app_event - INFO - time_diff
2025-04-01 16:54:06,675 - app_event - INFO - 4.215623
2025-04-01 16:54:06,677 - app_event - INFO - time_diff
2025-04-01 16:54:06,679 - app_event - INFO - 4.215623
2025-04-01 16:54:06,681 - app_event - INFO - distance_mm
2025-04-01 16:54:06,682 - app_event - INFO - 14.5
2025-04-01 16:54:06,684 - app_event - INFO - 14500.0
2025-04-01 16:54:33,770 - app_event - INFO - timestamp_c1111111111111111111111111
2025-04-01 16:54:33,772 - app_event - INFO - 2000-01-01 00:38:09.747760
2025-04-01 16:54:33,777 - app_event - INFO - time_diff
2025-04-01 16:54:33,778 - app_event - INFO - 4.215623
2025-04-01 16:54:33,779 - app_event - INFO - time_diff
2025-04-01 16:54:33,780 - app_event - INFO - 4.215623
2025-04-01 16:54:33,782 - app_event - INFO - distance_mm
2025-04-01 16:54:33,783 - app_event - INFO - 14.5
2025-04-01 16:54:33,785 - app_event - INFO - 14500.0
2025-04-01 16:54:40,395 - app_event - INFO - timestamp_c1111111111111111111111111
2025-04-01 16:54:40,396 - app_event - INFO - 2000-01-01 00:38:09.747760
2025-04-01 16:54:40,408 - app_event - INFO - time_diff
2025-04-01 16:54:40,410 - app_event - INFO - 4.215623
2025-04-01 16:54:40,412 - app_event - INFO - time_diff
2025-04-01 16:54:40,422 - app_event - INFO - 4.215623
2025-04-01 16:54:40,424 - app_event - INFO - distance_mm
2025-04-01 16:54:40,428 - app_event - INFO - 14.5
2025-04-01 16:54:40,430 - app_event - INFO - 14500.0
2025-04-01 16:55:33,057 - app_event - INFO - timestamp_c1111111111111111111111111
2025-04-01 16:55:33,058 - app_event - INFO - 2000-01-01 00:38:09.747760
2025-04-01 16:55:33,062 - app_event - INFO - time_diff
2025-04-01 16:55:33,065 - app_event - INFO - 1.215623
2025-04-01 16:55:33,069 - app_event - INFO - time_diff
2025-04-01 16:55:33,070 - app_event - INFO - 1.215623
2025-04-01 16:55:33,071 - app_event - INFO - distance_mm
2025-04-01 16:55:33,073 - app_event - INFO - 14.499999999999998
2025-04-01 16:55:33,075 - app_event - INFO - 14499.999999999998
2025-04-01 16:56:59,691 - app_event - INFO - timestamp_c1111111111111111111111111
2025-04-01 16:56:59,693 - app_event - INFO - 2000-01-01 00:38:09.747760
2025-04-01 16:56:59,701 - app_event - INFO - time_diff
2025-04-01 16:56:59,702 - app_event - INFO - 1.215623
2025-04-01 17:00:43,750 - app_event - INFO - timestamp_c1111111111111111111111111
2025-04-01 17:00:43,751 - app_event - INFO - 2000-01-01 00:38:09.747760
2025-04-01 17:00:43,754 - app_event - INFO - time_diff
2025-04-01 17:00:43,755 - app_event - INFO - 1.214787
2025-04-01 17:03:57,973 - app_event - INFO - 2000-01-01 00:29:19.384855
2025-04-01 17:03:57,978 - app_event - INFO - time_diff
2025-04-01 17:03:57,982 - app_event - INFO - 531.577692
2025-04-01 17:04:22,902 - app_event - INFO - 2000-01-01 00:29:19.384855
2025-04-01 17:04:22,912 - app_event - INFO - time_diff
2025-04-01 17:04:22,914 - app_event - INFO - 0.217475
2025-04-01 17:06:00,614 - app_event - INFO - 2000-01-01 00:29:19.384855
2025-04-01 17:06:00,618 - app_event - INFO - time_diff
2025-04-01 17:06:00,619 - app_event - INFO - 0.217475
2025-04-01 17:06:00,621 - app_event - INFO - time_diff
2025-04-01 17:06:00,629 - app_event - INFO - 0.217475
2025-04-01 17:06:00,630 - app_event - INFO - distance_mm
2025-04-01 17:06:00,631 - app_event - INFO - 14.5
2025-04-01 17:06:00,632 - app_event - INFO - 14500.0
2025-04-01 17:07:29,869 - app_event - INFO - 2000-01-01 00:29:19.384855
2025-04-01 17:07:29,873 - app_event - INFO - time_diff
2025-04-01 17:07:29,876 - app_event - INFO - 0.217475
2025-04-01 17:07:29,878 - app_event - INFO - distance_mm
2025-04-01 17:07:29,882 - app_event - INFO - 14.5
2025-04-01 17:07:29,883 - app_event - INFO - 14500.0
2025-04-01 17:07:57,116 - app_event - INFO - 2000-01-01 00:29:19.384855
2025-04-01 17:07:57,119 - app_event - INFO - time_diff
2025-04-01 17:07:57,121 - app_event - INFO - 0.217475
2025-04-01 17:07:57,126 - app_event - INFO - distance_mm
2025-04-01 17:07:57,129 - app_event - INFO - 14.5
2025-04-01 17:07:57,130 - app_event - INFO - 14500.0
2025-04-01 17:08:17,409 - app_event - INFO - 2000-01-01 00:29:19.384855
2025-04-01 17:08:17,422 - app_event - INFO - time_diff
2025-04-01 17:08:17,423 - app_event - INFO - 0.217475
2025-04-01 17:08:17,426 - app_event - INFO - distance_mm
2025-04-01 17:08:17,428 - app_event - INFO - 0.013137604340277777
2025-04-01 17:08:17,438 - app_event - INFO - 13.137604340277777
2025-04-01 17:08:49,308 - app_event - INFO - 2000-01-01 00:29:19.384855
2025-04-01 17:08:49,311 - app_event - INFO - time_diff
2025-04-01 17:08:49,313 - app_event - INFO - 0.704571
2025-04-01 17:08:49,315 - app_event - INFO - distance_mm
2025-04-01 17:08:49,316 - app_event - INFO - 14.5
2025-04-01 17:08:49,320 - app_event - INFO - 14500.0
2025-04-01 17:09:41,545 - app_event - INFO - 2000-01-01 00:29:19.384855
2025-04-01 17:09:41,551 - app_event - INFO - time_diff
2025-04-01 17:09:41,558 - app_event - INFO - 0.704571
2025-04-01 17:09:41,561 - app_event - INFO - distance_mm
2025-04-01 17:09:41,562 - app_event - INFO - 0.2377510253825
2025-04-01 17:09:41,563 - app_event - INFO - 237.75102538250002
2025-04-01 17:10:03,061 - app_event - INFO - 2000-01-01 00:29:19.384855
2025-04-01 17:10:03,069 - app_event - INFO - time_diff
2025-04-01 17:10:03,070 - app_event - INFO - 0.704571
2025-04-01 17:10:03,074 - app_event - INFO - distance_mm
2025-04-01 17:10:03,078 - app_event - INFO - 14.5
2025-04-01 17:10:03,080 - app_event - INFO - 14500.0
2025-04-01 17:11:01,078 - app_event - INFO - 2000-01-01 00:29:19.602330
2025-04-01 17:11:01,083 - app_event - INFO - time_diff
2025-04-01 17:11:01,085 - app_event - INFO - 0.687305
2025-04-01 17:11:01,087 - app_event - INFO - distance_mm
2025-04-01 17:11:01,091 - app_event - INFO - 14.500000000000004
2025-04-01 17:11:01,093 - app_event - INFO - 14500.000000000004
2025-04-01 17:11:28,607 - app_event - INFO - 2000-01-01 00:29:19.602330
2025-04-01 17:11:28,634 - app_event - INFO - time_diff
2025-04-01 17:11:28,644 - app_event - INFO - 0.687305
2025-04-01 17:11:28,650 - app_event - INFO - distance_mm
2025-04-01 17:11:28,658 - app_event - INFO - 14.500000000000004
2025-04-01 17:11:28,660 - app_event - INFO - 14500.000000000004
2025-04-01 17:11:50,493 - app_event - INFO - 2000-01-01 00:29:19.602330
2025-04-01 17:11:50,501 - app_event - INFO - time_diff
2025-04-01 17:11:50,505 - app_event - INFO - 0.687305
2025-04-01 17:11:50,506 - app_event - INFO - distance_mm
2025-04-01 17:11:50,508 - app_event - INFO - 45.82567903888889
2025-04-01 17:11:50,509 - app_event - INFO - 45825.67903888889
2025-04-01 17:12:48,714 - app_event - INFO - 2000-01-01 00:29:19.602330
2025-04-01 17:12:48,718 - app_event - INFO - time_diff
2025-04-01 17:12:48,720 - app_event - INFO - 0.687305
2025-04-01 17:12:48,726 - app_event - INFO - distance_mm
2025-04-01 17:12:48,729 - app_event - INFO - 45.82567903888889
2025-04-01 17:12:48,731 - app_event - INFO - 45825.67903888889
2025-04-01 18:23:39,719 - app_event - INFO - 2000-01-01 00:29:19.602330
2025-04-01 18:23:39,729 - app_event - INFO - time_diff
2025-04-01 18:23:39,731 - app_event - INFO - 0.687305
2025-04-01 18:23:39,734 - app_event - INFO - distance_mm
2025-04-01 18:23:39,737 - app_event - INFO - 45.82567903888889
2025-04-01 18:23:39,739 - app_event - INFO - 45825.67903888889
2025-04-01 18:25:31,806 - app_event - INFO - 2000-01-01 00:29:19.602330
2025-04-01 18:25:31,809 - app_event - INFO - time_diff
2025-04-01 18:25:31,810 - app_event - INFO - 0.687305
2025-04-01 18:25:31,815 - app_event - INFO - distance_mm
2025-04-01 18:25:31,817 - app_event - INFO - 45.82567903888889
2025-04-01 18:25:31,818 - app_event - INFO - 45825.67903888889
2025-04-01 18:26:19,012 - app_event - INFO - 2000-01-01 00:29:19.602330
2025-04-01 18:26:19,015 - app_event - INFO - time_diff
2025-04-01 18:26:19,016 - app_event - INFO - 0.687305
2025-04-01 18:26:19,017 - app_event - INFO - distance_mm
2025-04-01 18:26:19,020 - app_event - INFO - 45.82567903888889
2025-04-01 18:26:19,023 - app_event - INFO - 45825.67903888889
2025-04-01 18:26:27,123 - app_event - INFO - 2000-01-01 00:29:19.602330
2025-04-01 18:26:27,127 - app_event - INFO - time_diff
2025-04-01 18:26:27,128 - app_event - INFO - 0.687305
2025-04-01 18:26:27,131 - app_event - INFO - distance_mm
2025-04-01 18:26:27,134 - app_event - INFO - 45.82567903888889
2025-04-01 18:26:27,135 - app_event - INFO - 45825.67903888889
2025-04-01 18:26:38,779 - app_event - INFO - 2000-01-01 00:29:19.602330
2025-04-01 18:26:38,784 - app_event - INFO - time_diff
2025-04-01 18:26:38,790 - app_event - INFO - 0.687305
2025-04-01 18:26:38,793 - app_event - INFO - distance_mm
2025-04-01 18:26:38,794 - app_event - INFO - 45.82567903888889
2025-04-01 18:26:38,796 - app_event - INFO - 45825.67903888889
2025-04-01 18:27:56,966 - app_event - INFO - 2000-01-01 00:29:19.602330
2025-04-01 18:27:56,969 - app_event - INFO - time_diff
2025-04-01 18:27:56,970 - app_event - INFO - 0.687305
2025-04-01 18:27:56,976 - app_event - INFO - distance_mm
2025-04-01 18:27:56,977 - app_event - INFO - 45.82567903888889
2025-04-01 18:27:56,978 - app_event - INFO - 45825.67903888889
2025-04-01 18:29:42,428 - app_event - INFO - 2000-01-01 00:29:19.602330
2025-04-01 18:29:42,431 - app_event - INFO - time_diff
2025-04-01 18:29:42,433 - app_event - INFO - 0.687305
2025-04-01 18:30:44,399 - app_event - INFO - 2000-01-01 00:29:19.602330
2025-04-01 18:30:44,401 - app_event - INFO - time_diff
2025-04-01 18:30:44,403 - app_event - INFO - 0.687305
2025-04-01 18:31:22,271 - app_event - INFO - 2000-01-01 00:29:19.602330
2025-04-01 18:31:22,279 - app_event - INFO - time_diff
2025-04-01 18:31:22,284 - app_event - INFO - 0.687305
2025-04-01 18:31:22,298 - app_event - INFO - distance_mm
2025-04-01 18:31:22,299 - app_event - INFO - 0.19091805555555558
2025-04-01 18:31:22,301 - app_event - INFO - 190.91805555555558
2025-04-01 18:32:04,754 - app_event - INFO - 2000-01-01 00:29:19.602330
2025-04-01 18:32:04,758 - app_event - INFO - time_diff
2025-04-01 18:32:04,760 - app_event - INFO - 0.687305
2025-04-01 18:32:04,768 - app_event - INFO - distance_mm
2025-04-01 18:32:04,770 - app_event - INFO - 0.19091805555555558
2025-04-01 18:32:04,772 - app_event - INFO - 190.91805555555558
2025-04-01 18:33:00,747 - app_event - INFO - 2000-01-01 00:29:19.602330
2025-04-01 18:33:00,749 - app_event - INFO - time_diff
2025-04-01 18:33:00,751 - app_event - INFO - 0.687305
2025-04-01 18:33:00,755 - app_event - INFO - distance_mm
2025-04-01 18:33:00,757 - app_event - INFO - 0.19091805555555558
2025-04-01 18:33:00,758 - app_event - INFO - 190.91805555555558
2025-04-01 18:33:15,725 - app_event - INFO - 2000-01-01 00:29:19.602330
2025-04-01 18:33:15,729 - app_event - INFO - time_diff
2025-04-01 18:33:15,730 - app_event - INFO - 0.687305
2025-04-01 18:33:15,741 - app_event - INFO - distance_mm
2025-04-01 18:33:15,743 - app_event - INFO - 0.19091805555555558
2025-04-01 18:33:15,745 - app_event - INFO - 190.91805555555558
2025-04-01 18:33:35,736 - app_event - INFO - 2000-01-01 00:29:19.602330
2025-04-01 18:33:35,741 - app_event - INFO - time_diff
2025-04-01 18:33:35,743 - app_event - INFO - 0.687305
2025-04-01 18:33:35,746 - app_event - INFO - distance_mm
2025-04-01 18:33:35,747 - app_event - INFO - 0.19091805555555558
2025-04-01 18:33:35,750 - app_event - INFO - 190.91805555555558
2025-04-01 18:34:28,000 - app_event - INFO - 2000-01-01 00:29:19.602330
2025-04-01 18:34:28,004 - app_event - INFO - time_diff
2025-04-01 18:34:28,006 - app_event - INFO - 0.687305
2025-04-01 18:34:28,014 - app_event - INFO - distance_mm
2025-04-01 18:34:28,015 - app_event - INFO - 0.19091805555555558
2025-04-01 18:34:28,016 - app_event - INFO - 190.91805555555558
2025-04-01 18:34:46,463 - app_event - INFO - 2000-01-01 00:29:19.602330
2025-04-01 18:34:46,472 - app_event - INFO - time_diff
2025-04-01 18:34:46,473 - app_event - INFO - 0.687305
2025-04-01 18:34:46,484 - app_event - INFO - distance_mm
2025-04-01 18:34:46,485 - app_event - INFO - 0.19091805555555558
2025-04-01 18:34:46,487 - app_event - INFO - 190.91805555555558
2025-04-01 18:35:25,446 - app_event - INFO - 2000-01-01 00:29:19.602330
2025-04-01 18:35:25,453 - app_event - INFO - time_diff
2025-04-01 18:35:25,455 - app_event - INFO - 0.687305
2025-04-01 18:35:25,459 - app_event - INFO - distance_mm
2025-04-01 18:35:25,460 - app_event - INFO - 0.19091805555555558
2025-04-01 18:35:25,461 - app_event - INFO - 190.91805555555558
2025-04-01 18:36:05,346 - app_event - INFO - 2000-01-01 00:29:19.602330
2025-04-01 18:36:05,350 - app_event - INFO - time_diff
2025-04-01 18:36:05,353 - app_event - INFO - 0.687305
2025-04-01 18:36:05,357 - app_event - INFO - distance_mm
2025-04-01 18:36:05,359 - app_event - INFO - 0.19091805555555558
2025-04-01 18:36:05,362 - app_event - INFO - 190.91805555555558
2025-04-01 18:37:25,138 - app_event - INFO - 2000-01-01 00:29:19.602330
2025-04-01 18:37:25,140 - app_event - INFO - time_diff
2025-04-01 18:37:25,142 - app_event - INFO - 0.687305
2025-04-01 18:37:25,151 - app_event - INFO - distance_mm
2025-04-01 18:37:25,153 - app_event - INFO - 0.19091805555555558
2025-04-01 18:37:25,153 - app_event - INFO - 190.91805555555558
2025-04-01 18:37:43,147 - app_event - INFO - 2000-01-01 00:29:19.602330
2025-04-01 18:37:43,151 - app_event - INFO - time_diff
2025-04-01 18:37:43,154 - app_event - INFO - 0.687305
2025-04-01 18:37:43,159 - app_event - INFO - distance_mm
2025-04-01 18:37:43,161 - app_event - INFO - 0.19091805555555558
2025-04-01 18:37:43,163 - app_event - INFO - 190.91805555555558
2025-04-01 18:38:59,559 - app_event - INFO - 2000-01-01 00:29:19.602330
2025-04-01 18:38:59,563 - app_event - INFO - time_diff
2025-04-01 18:38:59,564 - app_event - INFO - 0.687305
2025-04-01 18:39:19,766 - app_event - INFO - 2000-01-01 00:29:19.602330
2025-04-01 18:39:19,778 - app_event - INFO - time_diff
2025-04-01 18:39:19,789 - app_event - INFO - 0.687305
2025-04-01 18:41:13,371 - app_event - INFO - 2000-01-01 00:29:19.602330
2025-04-01 18:41:13,374 - app_event - INFO - time_diff
2025-04-01 18:41:13,375 - app_event - INFO - 0.687305
2025-04-01 18:41:13,386 - app_event - INFO - distance_mm
2025-04-01 18:41:13,387 - app_event - INFO - 0.19091805555555558
2025-04-01 18:41:13,388 - app_event - INFO - 190.91805555555558
2025-04-01 18:42:25,963 - app_event - INFO - 2000-01-01 00:29:19.602330
2025-04-01 18:42:25,967 - app_event - INFO - time_diff
2025-04-01 18:42:25,969 - app_event - INFO - 0.687305
2025-04-01 18:42:25,979 - app_event - INFO - distance_mm
2025-04-01 18:42:25,979 - app_event - INFO - 0.19091805555555558
2025-04-01 18:42:25,981 - app_event - INFO - 190.91805555555558
2025-04-01 18:42:55,862 - app_event - INFO - 2000-01-01 00:29:19.602330
2025-04-01 18:42:55,865 - app_event - INFO - time_diff
2025-04-01 18:42:55,867 - app_event - INFO - 0.687305
2025-04-01 18:42:55,869 - app_event - INFO - distance_mm
2025-04-01 18:42:55,871 - app_event - INFO - 45.82567903888889
2025-04-01 18:42:55,873 - app_event - INFO - 45825.67903888889
2025-04-01 18:43:25,019 - app_event - INFO - 2000-01-01 00:29:19.602330
2025-04-01 18:43:25,022 - app_event - INFO - time_diff
2025-04-01 18:43:25,025 - app_event - INFO - 0.687305
2025-04-01 18:43:25,029 - app_event - INFO - distance_mm
2025-04-01 18:43:25,031 - app_event - INFO - 45.82567903888889
2025-04-01 18:43:25,034 - app_event - INFO - 45825.67903888889
2025-04-01 18:43:57,040 - app_event - INFO - 2000-01-01 00:29:19.602330
2025-04-01 18:43:57,045 - app_event - INFO - time_diff
2025-04-01 18:43:57,046 - app_event - INFO - 0.687305
2025-04-01 18:43:57,051 - app_event - INFO - distance_mm
2025-04-01 18:43:57,053 - app_event - INFO - 45.82567903888889
2025-04-01 18:43:57,054 - app_event - INFO - 45825.67903888889
2025-04-01 18:44:38,480 - app_event - INFO - 2000-01-01 00:29:19.602330
2025-04-01 18:44:38,483 - app_event - INFO - time_diff
2025-04-01 18:44:38,486 - app_event - INFO - 0.687305
2025-04-01 18:44:38,490 - app_event - INFO - distance_mm
2025-04-01 18:44:38,492 - app_event - INFO - 45.82567903888889
2025-04-01 18:44:38,493 - app_event - INFO - 45825.67903888889
2025-04-01 18:46:27,623 - app_event - INFO - 2000-01-01 00:29:19.602330
2025-04-01 18:46:27,638 - app_event - INFO - time_diff
2025-04-01 18:46:27,639 - app_event - INFO - 0.687305
2025-04-01 18:46:27,648 - app_event - INFO - distance_mm
2025-04-01 18:46:27,649 - app_event - INFO - 45.82567903888889
2025-04-01 18:46:27,650 - app_event - INFO - 45825.67903888889
2025-04-01 18:47:25,025 - app_event - INFO - 2000-01-01 00:29:19.602330
2025-04-01 18:47:25,027 - app_event - INFO - time_diff
2025-04-01 18:47:25,029 - app_event - INFO - 0.312695
2025-04-01 18:47:25,036 - app_event - INFO - distance_mm
2025-04-01 18:47:25,038 - app_event - INFO - 20.848765405555557
2025-04-01 18:47:25,039 - app_event - INFO - 20848.765405555558
2025-04-01 18:47:58,823 - app_event - INFO - 2000-01-01 00:29:19.602330
2025-04-01 18:47:58,828 - app_event - INFO - time_diff
2025-04-01 18:47:58,830 - app_event - INFO - 0.312695
2025-04-01 18:48:10,856 - app_event - INFO - 2000-01-01 00:29:19.602330
2025-04-01 18:48:10,862 - app_event - INFO - time_diff
2025-04-01 18:48:10,864 - app_event - INFO - 0.312695
2025-04-01 18:48:10,868 - app_event - INFO - distance_mm
2025-04-01 18:48:10,869 - app_event - INFO - 20.848765405555557
2025-04-01 18:48:10,870 - app_event - INFO - 20848.765405555558
2025-04-01 18:48:48,039 - app_event - INFO - 2000-01-01 00:29:19.602330
2025-04-01 18:48:48,046 - app_event - INFO - time_diff
2025-04-01 18:48:48,047 - app_event - INFO - 0.312695
2025-04-01 18:48:48,051 - app_event - INFO - distance_mm
2025-04-01 18:48:48,112 - app_event - INFO - 20.848765405555557
2025-04-01 18:48:48,117 - app_event - INFO - 20848.765405555558
2025-04-01 18:49:09,407 - app_event - INFO - 2000-01-01 00:29:19.602330
2025-04-01 18:49:09,414 - app_event - INFO - time_diff
2025-04-01 18:49:09,417 - app_event - INFO - 0.312695
2025-04-01 18:49:09,428 - app_event - INFO - distance_mm
2025-04-01 18:49:09,430 - app_event - INFO - 20.848729739050466
2025-04-01 18:49:09,431 - app_event - INFO - 20848.729739050465
2025-04-01 18:49:36,814 - app_event - INFO - 2000-01-01 00:29:19.602330
2025-04-01 18:49:36,820 - app_event - INFO - time_diff
2025-04-01 18:49:36,824 - app_event - INFO - 0.312695
2025-04-01 18:49:36,835 - app_event - INFO - distance_mm
2025-04-01 18:49:36,836 - app_event - INFO - 20.848765405555557
2025-04-01 18:49:36,837 - app_event - INFO - 20848.765405555558
2025-04-01 18:51:40,947 - app_event - INFO - 2000-01-01 00:29:19.602330
2025-04-01 18:51:40,952 - app_event - INFO - time_diff
2025-04-01 18:51:40,955 - app_event - INFO - 0.312695
2025-04-01 18:51:40,968 - app_event - INFO - distance_mm
2025-04-01 18:51:40,972 - app_event - INFO - 20.848765405555557
2025-04-01 18:51:40,973 - app_event - INFO - 20848.765405555558
2025-04-01 18:51:55,586 - app_event - INFO - 2000-01-01 00:29:19.602330
2025-04-01 18:51:55,595 - app_event - INFO - time_diff
2025-04-01 18:51:55,596 - app_event - INFO - 0.312695
2025-04-01 18:51:55,605 - app_event - INFO - distance_mm
2025-04-01 18:51:55,607 - app_event - INFO - 20.848765405555557
2025-04-01 18:51:55,610 - app_event - INFO - 20848.765405555558
2025-04-01 18:52:16,739 - app_event - INFO - 2000-01-01 00:29:19.602330
2025-04-01 18:52:16,750 - app_event - INFO - time_diff
2025-04-01 18:52:16,762 - app_event - INFO - 0.312695
2025-04-01 18:52:16,766 - app_event - INFO - distance_mm
2025-04-01 18:52:16,767 - app_event - INFO - 20.848765405555557
2025-04-01 18:52:16,773 - app_event - INFO - 20848.765405555558
2025-04-01 18:52:37,803 - app_event - INFO - 2000-01-01 00:29:19.602330
2025-04-01 18:52:37,805 - app_event - INFO - time_diff
2025-04-01 18:52:37,805 - app_event - INFO - 0.687305
2025-04-01 18:52:37,810 - app_event - INFO - distance_mm
2025-04-01 18:52:37,811 - app_event - INFO - 45.82567903888889
2025-04-01 18:52:37,813 - app_event - INFO - 45825.67903888889
2025-04-01 18:53:18,733 - app_event - INFO - 2000-01-01 00:29:19.602330
2025-04-01 18:53:18,737 - app_event - INFO - time_diff
2025-04-01 18:53:18,738 - app_event - INFO - 0.687305
2025-04-01 18:53:18,743 - app_event - INFO - distance_mm
2025-04-01 18:53:18,745 - app_event - INFO - 45.82567903888889
2025-04-01 18:53:18,746 - app_event - INFO - 45825.67903888889
2025-04-01 18:53:32,893 - app_event - INFO - 2000-01-01 00:29:19.602330
2025-04-01 18:53:32,895 - app_event - INFO - time_diff
2025-04-01 18:53:32,896 - app_event - INFO - 0.687305
2025-04-01 18:53:32,915 - app_event - INFO - distance_mm
2025-04-01 18:53:32,917 - app_event - INFO - 45.82560064375216
2025-04-01 18:53:32,918 - app_event - INFO - 45825.60064375216
2025-04-01 18:54:13,456 - app_event - INFO - 2000-01-01 00:29:19.602330
2025-04-01 18:54:13,460 - app_event - INFO - time_diff
2025-04-01 18:54:13,461 - app_event - INFO - 0.487305
2025-04-01 18:54:13,465 - app_event - INFO - distance_mm
2025-04-01 18:54:13,467 - app_event - INFO - 32.49073456719163
2025-04-01 18:54:13,470 - app_event - INFO - 32490.73456719163
2025-04-01 18:54:22,318 - app_event - INFO - 2000-01-01 00:29:19.602330
2025-04-01 18:54:22,323 - app_event - INFO - time_diff
2025-04-01 18:54:22,325 - app_event - INFO - 0.407305
2025-04-01 18:54:22,328 - app_event - INFO - distance_mm
2025-04-01 18:54:22,331 - app_event - INFO - 27.15678813656742
2025-04-01 18:54:22,332 - app_event - INFO - 27156.788136567422
2025-04-01 18:54:26,602 - app_event - INFO - 2000-01-01 00:29:19.602330
2025-04-01 18:54:26,605 - app_event - INFO - time_diff
2025-04-01 18:54:26,609 - app_event - INFO - 0.398305
2025-04-01 18:54:26,612 - app_event - INFO - distance_mm
2025-04-01 18:54:26,613 - app_event - INFO - 26.5567191631222
2025-04-01 18:54:26,614 - app_event - INFO - 26556.7191631222
2025-04-01 18:54:34,287 - app_event - INFO - 2000-01-01 00:29:19.002330
2025-04-01 18:54:34,292 - app_event - INFO - time_diff
2025-04-01 18:54:34,293 - app_event - INFO - 0.998305
2025-04-01 18:54:34,299 - app_event - INFO - distance_mm
2025-04-01 18:54:34,301 - app_event - INFO - 66.56131739280377
2025-04-01 18:54:34,302 - app_event - INFO - 66561.31739280377
2025-04-01 18:54:54,730 - app_event - INFO - 2000-01-01 00:29:19.602330
2025-04-01 18:54:54,733 - app_event - INFO - time_diff
2025-04-01 18:54:54,739 - app_event - INFO - 0.687305
2025-04-01 18:54:54,746 - app_event - INFO - distance_mm
2025-04-01 18:54:54,747 - app_event - INFO - 45.82560064375216
2025-04-01 18:54:54,750 - app_event - INFO - 45825.60064375216
2025-04-01 18:56:20,430 - app_event - INFO - 2000-01-01 00:29:19.602330
2025-04-01 18:56:20,432 - app_event - INFO - time_diff
2025-04-01 18:56:20,434 - app_event - INFO - 0.687305
2025-04-01 18:56:20,438 - app_event - INFO - distance_mm
2025-04-01 18:56:20,439 - app_event - INFO - 45.82560064375216
2025-04-01 18:56:20,440 - app_event - INFO - 45825.60064375216
2025-04-01 18:56:37,386 - app_event - INFO - 2000-01-01 00:29:19.602330
2025-04-01 18:56:37,392 - app_event - INFO - time_diff
2025-04-01 18:56:37,393 - app_event - INFO - 0.687305
2025-04-01 18:56:37,400 - app_event - INFO - distance_mm
2025-04-01 18:56:37,401 - app_event - INFO - 45.82560064375216
2025-04-01 18:56:37,402 - app_event - INFO - 45825.60064375216
2025-04-01 18:57:21,682 - app_event - INFO - 2000-01-01 00:29:19.602330
2025-04-01 18:57:21,684 - app_event - INFO - time_diff
2025-04-01 18:57:21,686 - app_event - INFO - 0.687305
2025-04-01 18:57:21,692 - app_event - INFO - distance_mm
2025-04-01 18:57:21,694 - app_event - INFO - 26.733795088196608
2025-04-01 18:57:21,695 - app_event - INFO - 26733.795088196606
2025-04-01 18:57:32,243 - app_event - INFO - 2000-01-01 00:29:19.602330
2025-04-01 18:57:32,257 - app_event - INFO - time_diff
2025-04-01 18:57:32,261 - app_event - INFO - 0.687305
2025-04-01 18:57:32,282 - app_event - INFO - distance_mm
2025-04-01 18:57:32,289 - app_event - INFO - 7.641989532641049
2025-04-01 18:57:32,292 - app_event - INFO - 7641.989532641049
2025-04-01 18:58:03,994 - app_event - INFO - 2000-01-01 00:29:19.602330
2025-04-01 18:58:03,998 - app_event - INFO - time_diff
2025-04-01 18:58:04,000 - app_event - INFO - 0.687305
2025-04-01 18:58:04,004 - app_event - INFO - distance_mm
2025-04-01 18:58:04,005 - app_event - INFO - -1.903913245136729
2025-04-01 18:58:04,007 - app_event - INFO - -1903.913245136729
2025-04-01 18:58:14,315 - app_event - INFO - 2000-01-01 00:29:19.602330
2025-04-01 18:58:14,321 - app_event - INFO - time_diff
2025-04-01 18:58:14,323 - app_event - INFO - 0.687305
2025-04-01 18:58:14,330 - app_event - INFO - distance_mm
2025-04-01 18:58:14,332 - app_event - INFO - 3.823628421529938
2025-04-01 18:58:14,334 - app_event - INFO - 3823.628421529938
2025-04-01 19:01:52,658 - app_event - INFO - 2000-01-01 00:29:19.602330
2025-04-01 19:01:52,662 - app_event - INFO - time_diff
2025-04-01 19:01:52,663 - app_event - INFO - 0.687305
2025-04-01 19:01:52,668 - app_event - INFO - distance_mm
2025-04-01 19:01:52,669 - app_event - INFO - 3.823628421529938
2025-04-01 19:01:52,671 - app_event - INFO - 3823.628421529938
2025-04-01 19:02:46,111 - app_event - INFO - 2000-01-01 00:29:19.602330
2025-04-01 19:02:46,114 - app_event - INFO - time_diff
2025-04-01 19:02:46,116 - app_event - INFO - 0.687305
2025-04-01 19:02:46,124 - app_event - INFO - distance_mm
2025-04-01 19:02:46,126 - app_event - INFO - -41.682730435370466
2025-04-01 19:02:46,127 - app_event - INFO - -41682.73043537047
2025-04-01 19:03:04,299 - app_event - INFO - 2000-01-01 00:29:19.602330
2025-04-01 19:03:04,304 - app_event - INFO - time_diff
2025-04-01 19:03:04,307 - app_event - INFO - 0.687305
2025-04-01 19:03:04,313 - app_event - INFO - distance_mm
2025-04-01 19:03:04,320 - app_event - INFO - -41.53226871131907
2025-04-01 19:03:04,322 - app_event - INFO - -41532.26871131907
2025-04-01 19:03:40,607 - app_event - INFO - 2000-01-01 00:29:19.602330
2025-04-01 19:03:40,613 - app_event - INFO - time_diff
2025-04-01 19:03:40,615 - app_event - INFO - 0.687305
2025-04-01 19:03:40,618 - app_event - INFO - distance_mm
2025-04-01 19:03:40,620 - app_event - INFO - 0.4697035109031589
2025-04-01 19:03:40,621 - app_event - INFO - 469.70351090315893
2025-04-01 19:03:56,511 - app_event - INFO - 2000-01-01 00:29:19.602330
2025-04-01 19:03:56,518 - app_event - INFO - time_diff
2025-04-01 19:03:56,520 - app_event - INFO - 0.687305
2025-04-01 19:03:56,526 - app_event - INFO - distance_mm
2025-04-01 19:03:56,530 - app_event - INFO - 3.823628421529938
2025-04-01 19:03:56,533 - app_event - INFO - 3823.628421529938
2025-04-01 19:04:11,314 - app_event - INFO - 2000-01-01 00:29:19.602330
2025-04-01 19:04:11,316 - app_event - INFO - time_diff
2025-04-01 19:04:11,317 - app_event - INFO - 0.687305
2025-04-01 19:04:11,327 - app_event - INFO - distance_mm
2025-04-01 19:04:11,328 - app_event - INFO - 45.82560064375216
2025-04-01 19:04:11,330 - app_event - INFO - 45825.60064375216
2025-04-01 19:04:23,930 - app_event - INFO - 2000-01-01 00:29:19.602330
2025-04-01 19:04:23,938 - app_event - INFO - time_diff
2025-04-01 19:04:23,939 - app_event - INFO - 0.687305
2025-04-01 19:04:23,944 - app_event - INFO - distance_mm
2025-04-01 19:04:23,946 - app_event - INFO - 4.49426600074409
2025-04-01 19:04:23,948 - app_event - INFO - 4494.26600074409
2025-04-01 19:04:35,788 - app_event - INFO - 2000-01-01 00:29:19.602330
2025-04-01 19:04:35,790 - app_event - INFO - time_diff
2025-04-01 19:04:35,791 - app_event - INFO - 0.687305
2025-04-01 19:04:35,795 - app_event - INFO - distance_mm
2025-04-01 19:04:35,797 - app_event - INFO - 3.097435877512646
2025-04-01 19:04:35,798 - app_event - INFO - 3097.435877512646
2025-04-01 19:06:29,037 - app_event - INFO - 2000-01-01 00:29:19.602330
2025-04-01 19:06:29,041 - app_event - INFO - time_diff
2025-04-01 19:06:29,042 - app_event - INFO - 0.687305
2025-04-01 19:06:29,051 - app_event - INFO - distance_mm
2025-04-01 19:06:29,052 - app_event - INFO - 3.097435877512646
2025-04-01 19:06:29,056 - app_event - INFO - 3097.435877512646
2025-04-01 19:07:08,502 - app_event - INFO - 2000-01-01 00:29:19.602330
2025-04-01 19:07:08,507 - app_event - INFO - time_diff
2025-04-01 19:07:08,516 - app_event - INFO - 0.687305
2025-04-01 19:07:08,521 - app_event - INFO - distance_mm
2025-04-01 19:07:08,522 - app_event - INFO - 3.097435877512646
2025-04-01 19:07:08,532 - app_event - INFO - 3097.435877512646
2025-04-01 19:08:44,640 - app_event - INFO - 2000-01-01 00:29:19.602330
2025-04-01 19:08:44,645 - app_event - INFO - time_diff
2025-04-01 19:08:44,648 - app_event - INFO - 0.687305
2025-04-01 19:08:44,651 - app_event - INFO - distance_mm
2025-04-01 19:08:44,653 - app_event - INFO - 3.097435877512646
2025-04-01 19:08:44,655 - app_event - INFO - 3097.435877512646
2025-04-01 19:10:45,570 - app_event - INFO - 2000-01-01 00:29:19.602330
2025-04-01 19:10:45,579 - app_event - INFO - time_diff
2025-04-01 19:10:45,580 - app_event - INFO - 0.687305
2025-04-01 19:10:45,594 - app_event - INFO - distance_mm
2025-04-01 19:10:45,600 - app_event - INFO - 3.097435877512646
2025-04-01 19:10:45,601 - app_event - INFO - 3097.435877512646
2025-04-01 19:11:18,286 - app_event - INFO - 2000-01-01 00:29:19.602330
2025-04-01 19:11:18,288 - app_event - INFO - 0.687305
2025-04-01 19:11:18,291 - app_event - INFO - distance_mm
2025-04-01 19:11:18,294 - app_event - INFO - 3.097435877512646
2025-04-01 19:11:18,295 - app_event - INFO - 3097.435877512646
