2025-03-18 17:57:50,294 - app_event - INFO - 4.319999999999999
2025-03-18 17:57:50,299 - app_event - INFO - 4.319999999999999
2025-03-18 17:57:50,300 - app_event - INFO - s: 4.319999999999999
2025-03-18 17:57:50,301 - app_event - INFO - s: 8
2025-03-18 17:57:55,185 - app_event - INFO - C1,     6,  24   1  59   9  799543000,  1724,  1600,  1638,  1610,
2025-03-18 17:57:55,569 - app_event - INFO - LHB
2025-03-18 17:57:55,571 - app_event - INFO - 2400
2025-03-18 17:57:55,574 - app_event - INFO - 4.319999999999999
2025-03-18 17:57:55,576 - app_event - INFO - 4.319999999999999
2025-03-18 17:57:55,580 - app_event - INFO - s: 4.319999999999999
2025-03-18 17:57:55,582 - app_event - INFO - s: 8
2025-03-18 17:58:00,118 - app_event - INFO - C1,     7,  24   1  59  15   79217000,  1722,  1598,  1638,  1616,
2025-03-18 17:58:00,261 - app_event - INFO - LHB
2025-03-18 17:58:00,263 - app_event - INFO - 2400
2025-03-18 17:58:00,265 - app_event - INFO - 4.319999999999999
2025-03-18 17:58:00,266 - app_event - INFO - 4.319999999999999
2025-03-18 17:58:00,272 - app_event - INFO - s: 4.319999999999999
2025-03-18 17:58:00,277 - app_event - INFO - s: 8
2025-03-18 17:58:04,808 - app_event - INFO - C1,     7,  24   1  59  19  762195000,  1722,  1600,  1638,  1616,
2025-03-18 18:00:04,998 - app_event - INFO - TrainEnd.......Done
2025-03-18 18:02:17,387 - app_event - INFO - s: 0
2025-03-18 18:02:17,390 - app_event - INFO - s: 8
2025-03-18 18:02:17,603 - app_event - INFO - LHB
2025-03-18 18:02:17,605 - app_event - INFO - 2400
2025-03-18 18:02:17,606 - app_event - INFO - 0.096
2025-03-18 18:02:17,608 - app_event - INFO - 0.096
2025-03-18 18:02:17,614 - app_event - INFO - s: 0.096
2025-03-18 18:02:17,618 - app_event - INFO - s: 8
2025-03-18 18:02:18,085 - app_event - INFO - C1,     1,  24   2   3  32  958566000,  1720,  1622,  1636,  1604,
2025-03-18 18:02:18,548 - app_event - INFO - LHB
2025-03-18 18:02:18,550 - app_event - INFO - 2400
2025-03-18 18:02:18,552 - app_event - INFO - 0.096
2025-03-18 18:02:18,554 - app_event - INFO - 0.096
2025-03-18 18:02:18,558 - app_event - INFO - s: 0.096
2025-03-18 18:02:18,559 - app_event - INFO - s: 8
2025-03-18 18:02:19,098 - app_event - INFO - C1,     2,  24   2   3  33  888437000,  1720,  1620,  1634,  1614,
2025-03-18 18:02:19,380 - app_event - INFO - LHB
2025-03-18 18:02:19,381 - app_event - INFO - 2400
2025-03-18 18:02:19,384 - app_event - INFO - 0.096
2025-03-18 18:02:19,385 - app_event - INFO - 0.096
2025-03-18 18:02:19,387 - app_event - INFO - s: 0.096
2025-03-18 18:02:19,388 - app_event - INFO - s: 8
2025-03-18 18:02:20,209 - app_event - INFO - C1,     2,  24   2   3  34  839553000,  1722,  1622,  1636,  1616,
2025-03-18 18:02:20,578 - app_event - INFO - LHB
2025-03-18 18:02:20,580 - app_event - INFO - 2400
2025-03-18 18:02:20,582 - app_event - INFO - 0.096
2025-03-18 18:02:20,583 - app_event - INFO - 0.096
2025-03-18 18:02:20,588 - app_event - INFO - s: 0.096
2025-03-18 18:02:20,589 - app_event - INFO - s: 8
2025-03-18 18:02:21,552 - app_event - INFO - C1,     4,  24   2   3  36  127166000,  1720,  1622,  1634,  1616,
2025-03-18 18:02:22,009 - app_event - INFO - LHB
2025-03-18 18:02:22,011 - app_event - INFO - 2400
2025-03-18 18:02:22,015 - app_event - INFO - 0.096
2025-03-18 18:02:22,017 - app_event - INFO - 0.096
2025-03-18 18:02:22,019 - app_event - INFO - s: 0.096
2025-03-18 18:02:22,020 - app_event - INFO - s: 8
2025-03-18 18:02:23,162 - app_event - INFO - C1,     5,  24   2   3  37  654321000,  1720,  1622,  1636,  1616,
2025-03-18 18:02:23,815 - app_event - INFO - LHB
2025-03-18 18:02:23,817 - app_event - INFO - 2400
2025-03-18 18:02:23,819 - app_event - INFO - 0.096
2025-03-18 18:02:23,820 - app_event - INFO - 0.096
2025-03-18 18:02:23,822 - app_event - INFO - s: 0.096
2025-03-18 18:02:23,824 - app_event - INFO - s: 8
2025-03-18 18:02:25,149 - app_event - INFO - C1,     6,  24   2   3  39  569672000,  1722,  1624,  1638,  1606,
2025-03-18 18:02:25,807 - app_event - INFO - LHB
2025-03-18 18:02:25,809 - app_event - INFO - 2400
2025-03-18 18:02:25,814 - app_event - INFO - 0.096
2025-03-18 18:02:25,817 - app_event - INFO - 0.096
2025-03-18 18:02:25,824 - app_event - INFO - s: 0.096
2025-03-18 18:02:25,829 - app_event - INFO - s: 8
2025-03-18 18:02:27,122 - app_event - INFO - C1,     7,  24   2   3  41  528754000,  1722,  1622,  1636,  1616,
2025-03-18 18:02:27,870 - app_event - INFO - LHB
2025-03-18 18:02:27,872 - app_event - INFO - 2400
2025-03-18 18:02:27,874 - app_event - INFO - 0.096
2025-03-18 18:02:27,876 - app_event - INFO - 0.096
2025-03-18 18:02:27,880 - app_event - INFO - s: 0.096
2025-03-18 18:02:27,882 - app_event - INFO - s: 8
2025-03-18 18:02:29,353 - app_event - INFO - C1,     8,  24   2   3  43  768714000,  1722,  1624,  1636,  1614,
2025-03-18 18:03:07,800 - app_event - INFO - s: 0
2025-03-18 18:03:07,805 - app_event - INFO - s: 16
2025-03-18 18:03:08,193 - app_event - INFO - LHB
2025-03-18 18:03:08,194 - app_event - INFO - 2400
2025-03-18 18:03:08,196 - app_event - INFO - 0.096
2025-03-18 18:03:08,198 - app_event - INFO - 0.096
2025-03-18 18:03:08,199 - app_event - INFO - s: 0.096
2025-03-18 18:03:08,201 - app_event - INFO - s: 16
2025-03-18 18:03:08,660 - app_event - INFO - C1,     1,  24   2   3  32  958566000,  1720,  1622,  1636,  1604,
2025-03-18 18:03:08,978 - app_event - INFO - LHB
2025-03-18 18:03:08,980 - app_event - INFO - 2400
2025-03-18 18:03:08,983 - app_event - INFO - 0.096
2025-03-18 18:03:08,984 - app_event - INFO - 0.096
2025-03-18 18:03:08,987 - app_event - INFO - s: 0.096
2025-03-18 18:03:08,990 - app_event - INFO - s: 16
2025-03-18 18:03:09,723 - app_event - INFO - C1,     2,  24   2   3  34  839553000,  1722,  1622,  1636,  1616,
2025-03-18 18:03:10,026 - app_event - INFO - LHB
2025-03-18 18:03:10,028 - app_event - INFO - 2400
2025-03-18 18:03:10,034 - app_event - INFO - 0.096
2025-03-18 18:03:10,036 - app_event - INFO - 0.096
2025-03-18 18:03:10,043 - app_event - INFO - s: 0.096
2025-03-18 18:03:10,044 - app_event - INFO - s: 16
2025-03-18 18:03:10,800 - app_event - INFO - C1,     2,  24   2   3  34  839553000,  1722,  1622,  1636,  1616,
2025-03-18 18:03:11,327 - app_event - INFO - LHB
2025-03-18 18:03:11,329 - app_event - INFO - 2400
2025-03-18 18:03:11,336 - app_event - INFO - 0.096
2025-03-18 18:03:11,338 - app_event - INFO - 0.096
2025-03-18 18:03:11,350 - app_event - INFO - s: 0.096
2025-03-18 18:03:11,357 - app_event - INFO - s: 16
2025-03-18 18:03:12,259 - app_event - INFO - C1,     4,  24   2   3  36  127166000,  1720,  1622,  1634,  1616,
2025-03-18 18:03:12,783 - app_event - INFO - LHB
2025-03-18 18:03:12,784 - app_event - INFO - 2400
2025-03-18 18:03:12,788 - app_event - INFO - 0.096
2025-03-18 18:03:12,790 - app_event - INFO - 0.096
2025-03-18 18:03:12,793 - app_event - INFO - s: 0.096
2025-03-18 18:03:12,795 - app_event - INFO - s: 16
2025-03-18 18:03:13,854 - app_event - INFO - C1,     5,  24   2   3  37  654321000,  1720,  1622,  1636,  1616,
2025-03-18 18:03:14,440 - app_event - INFO - LHB
2025-03-18 18:03:14,441 - app_event - INFO - 2400
2025-03-18 18:03:14,442 - app_event - INFO - 0.096
2025-03-18 18:03:14,443 - app_event - INFO - 0.096
2025-03-18 18:03:14,446 - app_event - INFO - s: 0.096
2025-03-18 18:03:14,448 - app_event - INFO - s: 16
2025-03-18 18:03:16,024 - app_event - INFO - C1,     6,  24   2   3  39  569672000,  1722,  1624,  1638,  1606,
2025-03-18 18:03:16,676 - app_event - INFO - LHB
2025-03-18 18:03:16,678 - app_event - INFO - 2400
2025-03-18 18:03:16,681 - app_event - INFO - 0.096
2025-03-18 18:03:16,683 - app_event - INFO - 0.096
2025-03-18 18:03:16,686 - app_event - INFO - s: 0.096
2025-03-18 18:03:16,691 - app_event - INFO - s: 16
2025-03-18 18:03:18,067 - app_event - INFO - C1,     7,  24   2   3  41  528754000,  1722,  1622,  1636,  1616,
2025-03-18 18:03:18,810 - app_event - INFO - LHB
2025-03-18 18:03:18,811 - app_event - INFO - 2400
2025-03-18 18:03:18,813 - app_event - INFO - 0.096
2025-03-18 18:03:18,814 - app_event - INFO - 0.096
2025-03-18 18:03:18,822 - app_event - INFO - s: 0.096
2025-03-18 18:03:18,828 - app_event - INFO - s: 16
2025-03-18 18:03:20,353 - app_event - INFO - C1,     8,  24   2   3  43  768714000,  1722,  1624,  1636,  1614,
2025-03-18 18:03:21,176 - app_event - INFO - LHB
2025-03-18 18:03:21,177 - app_event - INFO - 2400
2025-03-18 18:03:21,180 - app_event - INFO - 0.096
2025-03-18 18:03:21,181 - app_event - INFO - 0.096
2025-03-18 18:03:21,187 - app_event - INFO - s: 0.096
2025-03-18 18:03:21,188 - app_event - INFO - s: 16
2025-03-18 18:03:22,881 - app_event - INFO - C1,     9,  24   2   4  23  522693000,  1724,  1624,  1636,  1612,
2025-03-18 18:03:23,805 - app_event - INFO - LHB
2025-03-18 18:03:23,807 - app_event - INFO - 2400
2025-03-18 18:03:23,808 - app_event - INFO - 0.096
2025-03-18 18:03:23,809 - app_event - INFO - 0.096
2025-03-18 18:03:23,939 - app_event - INFO - s: 0.096
2025-03-18 18:03:23,940 - app_event - INFO - s: 16
2025-03-18 18:03:25,792 - app_event - INFO - C1,    10,  24   2   4  24  377479000,  1722,  1624,  1636,  1604,
2025-03-18 18:03:26,806 - app_event - INFO - LHB
2025-03-18 18:03:26,808 - app_event - INFO - 2400
2025-03-18 18:03:26,823 - app_event - INFO - 0.096
2025-03-18 18:03:26,824 - app_event - INFO - 0.096
2025-03-18 18:03:26,836 - app_event - INFO - s: 0.096
2025-03-18 18:03:26,841 - app_event - INFO - s: 16
2025-03-18 18:03:28,774 - app_event - INFO - C1,    11,  24   2   4  25  428200000,  1722,  1624,  1634,  1616,
2025-03-18 18:03:29,912 - app_event - INFO - LHB
2025-03-18 18:03:29,913 - app_event - INFO - 2400
2025-03-18 18:03:29,918 - app_event - INFO - 0.096
2025-03-18 18:03:29,920 - app_event - INFO - 0.096
2025-03-18 18:03:29,925 - app_event - INFO - s: 0.096
2025-03-18 18:03:29,928 - app_event - INFO - s: 16
2025-03-18 18:03:32,040 - app_event - INFO - C1,    12,  24   2   4  26  890214000,  1722,  1624,  1636,  1616,
2025-03-18 18:03:33,206 - app_event - INFO - LHB
2025-03-18 18:03:33,208 - app_event - INFO - 2400
2025-03-18 18:03:33,210 - app_event - INFO - 0.096
2025-03-18 18:03:33,212 - app_event - INFO - 0.096
2025-03-18 18:03:33,222 - app_event - INFO - s: 0.096
2025-03-18 18:03:33,226 - app_event - INFO - s: 16
2025-03-18 18:03:35,878 - app_event - INFO - C1,    13,  24   2   4  28  406227000,  1722,  1622,  1636,  1616,
2025-03-18 18:03:37,089 - app_event - INFO - LHB
2025-03-18 18:03:37,091 - app_event - INFO - 2400
2025-03-18 18:03:37,092 - app_event - INFO - 0.096
2025-03-18 18:03:37,094 - app_event - INFO - 0.096
2025-03-18 18:03:37,102 - app_event - INFO - s: 0.096
2025-03-18 18:03:37,106 - app_event - INFO - s: 16
2025-03-18 18:03:39,557 - app_event - INFO - C1,    14,  24   2   4  30  487476000,  1724,  1624,  1638,  1606,
2025-03-18 18:03:40,854 - app_event - INFO - LHB
2025-03-18 18:03:40,855 - app_event - INFO - 2400
2025-03-18 18:03:40,857 - app_event - INFO - 0.096
2025-03-18 18:03:40,858 - app_event - INFO - 0.096
2025-03-18 18:03:40,863 - app_event - INFO - s: 0.096
2025-03-18 18:03:40,870 - app_event - INFO - s: 16
2025-03-18 18:03:43,493 - app_event - INFO - C1,    15,  24   2   4  32  468569000,  1722,  1624,  1636,  1616,
2025-03-18 18:03:44,891 - app_event - INFO - LHB
2025-03-18 18:03:44,893 - app_event - INFO - 2400
2025-03-18 18:03:44,899 - app_event - INFO - 0.096
2025-03-18 18:03:44,902 - app_event - INFO - 0.096
2025-03-18 18:03:44,909 - app_event - INFO - s: 0.096
2025-03-18 18:03:44,910 - app_event - INFO - s: 16
2025-03-18 18:03:47,510 - app_event - INFO - C1,    16,  24   2   4  34  687781000,  1722,  1622,  1636,  1616,
