2025-03-31 20:27:37,158 - app_event - INFO - 2000-01-01 04:10:50.201191
2025-03-31 20:27:37,172 - app_event - INFO - time_diff
2025-03-31 20:27:37,173 - app_event - INFO - 34.15469
2025-03-31 20:27:37,176 - app_event - INFO - time_diff
2025-03-31 20:27:37,177 - app_event - INFO - 34.15469
2025-03-31 20:27:37,182 - app_event - INFO - distance_mm
2025-03-31 20:27:37,185 - app_event - INFO - 30.264850305555555
2025-03-31 20:27:37,186 - app_event - INFO - 30264.850305555556
2025-03-31 20:28:11,280 - app_event - INFO - timestamp_c1111111111111111111111111
2025-03-31 20:28:11,284 - app_event - INFO - 2000-01-01 04:11:06.400575
2025-03-31 20:28:11,287 - app_event - INFO - time_diff
2025-03-31 20:28:11,290 - app_event - INFO - 17.069148
2025-03-31 20:28:11,297 - app_event - INFO - time_diff
2025-03-31 20:28:11,299 - app_event - INFO - 17.069148
2025-03-31 20:28:11,300 - app_event - INFO - distance_mm
2025-03-31 20:28:11,301 - app_event - INFO - 15.125161699999998
2025-03-31 20:28:11,303 - app_event - INFO - 15125.161699999997
2025-03-31 20:29:03,971 - app_event - INFO - timestamp_c1111111111111111111111111
2025-03-31 20:29:03,974 - app_event - INFO - 2000-01-01 04:11:06.400575
2025-03-31 20:29:03,976 - app_event - INFO - time_diff
2025-03-31 20:29:03,977 - app_event - INFO - 53.069148
2025-03-31 20:29:03,981 - app_event - INFO - time_diff
2025-03-31 20:29:03,983 - app_event - INFO - 53.069148
2025-03-31 20:29:03,985 - app_event - INFO - distance_mm
2025-03-31 20:29:03,986 - app_event - INFO - 47.0251617
2025-03-31 20:29:03,987 - app_event - INFO - 47025.1617
2025-03-31 20:29:14,193 - app_event - INFO - timestamp_c1111111111111111111111111
2025-03-31 20:29:14,194 - app_event - INFO - 2000-01-01 04:11:06.400575
2025-03-31 20:29:14,196 - app_event - INFO - time_diff
2025-03-31 20:29:14,197 - app_event - INFO - 17.069148
2025-03-31 20:29:14,199 - app_event - INFO - time_diff
2025-03-31 20:29:14,203 - app_event - INFO - 17.069148
2025-03-31 20:29:14,205 - app_event - INFO - distance_mm
2025-03-31 20:29:14,207 - app_event - INFO - 15.125161699999998
2025-03-31 20:29:14,207 - app_event - INFO - 15125.161699999997
2025-03-31 20:29:24,451 - app_event - INFO - timestamp_c1111111111111111111111111
2025-03-31 20:29:24,453 - app_event - INFO - 2000-01-01 04:11:06.400575
2025-03-31 20:29:24,455 - app_event - INFO - time_diff
2025-03-31 20:29:24,459 - app_event - INFO - 1.069148
2025-03-31 20:29:24,462 - app_event - INFO - time_diff
2025-03-31 20:29:24,463 - app_event - INFO - 1.069148
2025-03-31 20:29:24,466 - app_event - INFO - distance_mm
2025-03-31 20:29:24,467 - app_event - INFO - 0.9473839222222221
2025-03-31 20:29:24,468 - app_event - INFO - 947.3839222222222
2025-03-31 20:29:31,391 - app_event - INFO - timestamp_c1111111111111111111111111
2025-03-31 20:29:31,393 - app_event - INFO - 2000-01-01 04:11:06.400575
2025-03-31 20:29:31,395 - app_event - INFO - time_diff
2025-03-31 20:29:31,396 - app_event - INFO - 4.069148
2025-03-31 20:29:31,398 - app_event - INFO - time_diff
2025-03-31 20:29:31,404 - app_event - INFO - 4.069148
2025-03-31 20:29:31,406 - app_event - INFO - distance_mm
2025-03-31 20:29:31,407 - app_event - INFO - 3.6057172555555557
2025-03-31 20:29:31,409 - app_event - INFO - 3605.7172555555558
2025-03-31 20:29:49,462 - app_event - INFO - timestamp_c1111111111111111111111111
2025-03-31 20:29:49,463 - app_event - INFO - 2000-01-01 04:11:06.400575
2025-03-31 20:29:49,466 - app_event - INFO - time_diff
2025-03-31 20:29:49,467 - app_event - INFO - 2.069148
2025-03-31 20:29:49,469 - app_event - INFO - time_diff
2025-03-31 20:29:49,470 - app_event - INFO - 2.069148
2025-03-31 20:29:49,471 - app_event - INFO - distance_mm
2025-03-31 20:29:49,472 - app_event - INFO - 1.8334950333333335
2025-03-31 20:29:49,476 - app_event - INFO - 1833.4950333333336
2025-03-31 20:31:29,622 - app_event - INFO - timestamp_c1111111111111111111111111
2025-03-31 20:31:29,625 - app_event - INFO - 2000-01-01 04:11:06.400575
2025-03-31 20:31:29,628 - app_event - INFO - time_diff
2025-03-31 20:31:29,631 - app_event - INFO - 2.069148
2025-03-31 20:31:29,632 - app_event - INFO - time_diff
2025-03-31 20:31:29,634 - app_event - INFO - 2.069148
2025-03-31 20:31:29,635 - app_event - INFO - distance_mm
2025-03-31 20:31:29,636 - app_event - INFO - 1.8334950333333335
2025-03-31 20:31:29,637 - app_event - INFO - 1833.4950333333336
2025-03-31 21:04:53,518 - app_event - INFO - timestamp_c1111111111111111111111111
2025-03-31 21:04:53,519 - app_event - INFO - 2000-01-01 03:49:12.388818
2025-03-31 21:04:53,523 - app_event - INFO - time_diff
2025-03-31 21:04:53,526 - app_event - INFO - 0.182736
2025-03-31 21:04:53,528 - app_event - INFO - time_diff
2025-03-31 21:04:53,530 - app_event - INFO - 0.182736
2025-03-31 21:04:53,533 - app_event - INFO - distance_mm
2025-03-31 21:04:53,536 - app_event - INFO - 0.1619244
2025-03-31 21:04:53,538 - app_event - INFO - 161.9244
2025-03-31 21:09:29,667 - app_event - INFO - timestamp_c1111111111111111111111111
2025-03-31 21:09:29,668 - app_event - INFO - 2000-01-01 03:22:44.480684
2025-03-31 21:09:29,671 - app_event - INFO - time_diff
2025-03-31 21:09:29,675 - app_event - INFO - 0.476667
2025-03-31 21:09:29,676 - app_event - INFO - time_diff
2025-03-31 21:09:29,677 - app_event - INFO - 0.476667
2025-03-31 21:09:29,678 - app_event - INFO - distance_mm
2025-03-31 21:09:29,679 - app_event - INFO - 0.422379925
2025-03-31 21:09:29,681 - app_event - INFO - 422.379925
2025-03-31 21:12:38,285 - app_event - INFO - timestamp_c1111111111111111111111111
2025-03-31 21:12:38,287 - app_event - INFO - 2000-01-01 03:22:44.480684
2025-03-31 21:12:38,290 - app_event - INFO - time_diff
2025-03-31 21:12:38,292 - app_event - INFO - 0.476667
2025-03-31 21:12:38,295 - app_event - INFO - time_diff
2025-03-31 21:12:38,297 - app_event - INFO - 0.476667
2025-03-31 21:12:38,300 - app_event - INFO - distance_mm
2025-03-31 21:12:38,303 - app_event - INFO - 0.0631142858025
2025-03-31 21:12:38,305 - app_event - INFO - 63.11428580250001
2025-03-31 21:13:46,796 - app_event - INFO - timestamp_c1111111111111111111111111
2025-03-31 21:13:46,798 - app_event - INFO - 2000-01-01 03:22:44.480684
2025-03-31 21:13:46,801 - app_event - INFO - time_diff
2025-03-31 21:13:46,802 - app_event - INFO - 0.476667
2025-03-31 21:13:46,806 - app_event - INFO - time_diff
2025-03-31 21:13:46,810 - app_event - INFO - 0.476667
2025-03-31 21:13:46,811 - app_event - INFO - distance_mm
2025-03-31 21:13:46,812 - app_event - INFO - 0.0631142858025
2025-03-31 21:13:46,818 - app_event - INFO - 63.11428580250001
2025-03-31 21:14:13,049 - app_event - INFO - timestamp_c1111111111111111111111111
2025-03-31 21:14:13,051 - app_event - INFO - 2000-01-01 03:22:44.480684
2025-03-31 21:14:13,055 - app_event - INFO - time_diff
2025-03-31 21:14:13,058 - app_event - INFO - 0.476667
2025-03-31 21:14:13,061 - app_event - INFO - time_diff
2025-03-31 21:14:13,065 - app_event - INFO - 0.476667
2025-03-31 21:14:13,066 - app_event - INFO - distance_mm
2025-03-31 21:14:13,067 - app_event - INFO - 0.0631142858025
2025-03-31 21:14:13,068 - app_event - INFO - 63.11428580250001
2025-03-31 21:17:44,677 - app_event - INFO - timestamp_c1111111111111111111111111
2025-03-31 21:17:44,680 - app_event - INFO - 2000-01-01 03:22:44.480684
2025-03-31 21:17:44,684 - app_event - INFO - time_diff
2025-03-31 21:17:44,685 - app_event - INFO - 0.476667
2025-03-31 21:17:44,688 - app_event - INFO - time_diff
2025-03-31 21:17:44,690 - app_event - INFO - 0.476667
2025-03-31 21:17:44,691 - app_event - INFO - distance_mm
2025-03-31 21:17:44,693 - app_event - INFO - 0.0631142858025
2025-03-31 21:17:44,694 - app_event - INFO - 63.11428580250001
2025-03-31 21:18:39,678 - app_event - INFO - timestamp_c1111111111111111111111111
2025-03-31 21:18:39,680 - app_event - INFO - 2000-01-01 03:22:44.480684
2025-03-31 21:18:39,684 - app_event - INFO - time_diff
2025-03-31 21:18:39,685 - app_event - INFO - 0.476667
2025-03-31 21:18:39,687 - app_event - INFO - time_diff
2025-03-31 21:18:39,688 - app_event - INFO - 0.476667
2025-03-31 21:18:39,691 - app_event - INFO - distance_mm
2025-03-31 21:18:39,693 - app_event - INFO - 3.1526225749999996
2025-03-31 21:18:39,695 - app_event - INFO - 3152.622575
2025-03-31 21:25:37,663 - app_event - INFO - timestamp_c1111111111111111111111111
2025-03-31 21:25:37,669 - app_event - INFO - 2000-01-01 03:22:44.957351
2025-03-31 21:25:37,677 - app_event - INFO - time_diff
2025-03-31 21:25:37,687 - app_event - INFO - 1.989196
2025-03-31 21:25:37,695 - app_event - INFO - time_diff
2025-03-31 21:25:37,699 - app_event - INFO - 1.989196
2025-03-31 21:25:37,703 - app_event - INFO - distance_mm
2025-03-31 21:25:37,706 - app_event - INFO - 13.15632132222222
2025-03-31 21:25:37,708 - app_event - INFO - 13156.32132222222
2025-03-31 21:27:02,607 - app_event - INFO - timestamp_c1111111111111111111111111
2025-03-31 21:27:02,609 - app_event - INFO - 2000-01-01 03:22:46.946547
2025-03-31 21:27:02,612 - app_event - INFO - time_diff
2025-03-31 21:27:02,614 - app_event - INFO - 1.989196
2025-03-31 21:27:02,615 - app_event - INFO - time_diff
2025-03-31 21:27:02,620 - app_event - INFO - 1.989196
2025-03-31 21:27:02,621 - app_event - INFO - distance_mm
2025-03-31 21:27:02,622 - app_event - INFO - 13.15632132222222
2025-03-31 21:27:02,625 - app_event - INFO - 13156.32132222222
2025-03-31 21:27:22,499 - app_event - INFO - timestamp_c1111111111111111111111111
2025-03-31 21:27:22,504 - app_event - INFO - 2000-01-01 03:22:44.957351
2025-03-31 21:27:22,508 - app_event - INFO - time_diff
2025-03-31 21:27:22,510 - app_event - INFO - 1.989196
2025-03-31 21:27:22,511 - app_event - INFO - time_diff
2025-03-31 21:27:22,512 - app_event - INFO - 1.989196
2025-03-31 21:27:22,514 - app_event - INFO - distance_mm
2025-03-31 21:27:22,517 - app_event - INFO - 13.15632132222222
2025-03-31 21:27:22,518 - app_event - INFO - 13156.32132222222
2025-03-31 21:28:03,435 - app_event - INFO - timestamp_c1111111111111111111111111
2025-03-31 21:28:03,438 - app_event - INFO - 2000-01-01 03:22:46.946547
2025-03-31 21:28:03,444 - app_event - INFO - time_diff
2025-03-31 21:28:03,449 - app_event - INFO - 0.497294
2025-03-31 21:28:03,452 - app_event - INFO - time_diff
2025-03-31 21:28:03,454 - app_event - INFO - 0.497294
2025-03-31 21:28:03,455 - app_event - INFO - distance_mm
2025-03-31 21:28:03,456 - app_event - INFO - 3.2890472611111106
2025-03-31 21:28:03,456 - app_event - INFO - 3289.0472611111104
