2025-03-17 17:38:47,323 - app_event - INFO - s: 80
2025-03-17 17:38:54,925 - app_event - INFO - LHB
2025-03-17 17:38:54,925 - app_event - INFO - 2400
2025-03-17 17:38:54,927 - app_event - INFO - 0.096
2025-03-17 17:38:54,928 - app_event - INFO - 0.096
2025-03-17 17:38:54,929 - app_event - INFO - s: 0.096
2025-03-17 17:38:54,932 - app_event - INFO - s: 80
2025-03-17 17:39:02,444 - app_event - INFO - LHB
2025-03-17 17:39:02,446 - app_event - INFO - 2400
2025-03-17 17:39:02,448 - app_event - INFO - 0.096
2025-03-17 17:39:02,450 - app_event - INFO - 0.096
2025-03-17 17:39:02,452 - app_event - INFO - s: 0.096
2025-03-17 17:39:02,456 - app_event - INFO - s: 80
2025-03-17 17:39:11,088 - app_event - INFO - LHB
2025-03-17 17:39:11,090 - app_event - INFO - 2400
2025-03-17 17:39:11,091 - app_event - INFO - 0.096
2025-03-17 17:39:11,092 - app_event - INFO - 0.096
2025-03-17 17:39:11,094 - app_event - INFO - s: 0.096
2025-03-17 17:39:11,096 - app_event - INFO - s: 80
2025-03-17 17:39:19,711 - app_event - INFO - LHB
2025-03-17 17:39:19,714 - app_event - INFO - 2400
2025-03-17 17:39:19,717 - app_event - INFO - 0.096
2025-03-17 17:39:19,718 - app_event - INFO - 0.096
2025-03-17 17:39:19,724 - app_event - INFO - s: 0.096
2025-03-17 17:39:19,727 - app_event - INFO - s: 80
2025-03-17 17:39:28,581 - app_event - INFO - LHB
2025-03-17 17:39:28,583 - app_event - INFO - 2400
2025-03-17 17:39:28,587 - app_event - INFO - 0.096
2025-03-17 17:39:28,589 - app_event - INFO - 0.096
2025-03-17 17:39:28,603 - app_event - INFO - s: 0.096
2025-03-17 17:39:28,605 - app_event - INFO - s: 80
2025-03-17 17:39:38,493 - app_event - INFO - LHB
2025-03-17 17:39:38,494 - app_event - INFO - 2400
2025-03-17 17:39:38,508 - app_event - INFO - 0.096
2025-03-17 17:39:38,510 - app_event - INFO - 0.096
2025-03-17 17:39:38,513 - app_event - INFO - s: 0.096
2025-03-17 17:39:38,516 - app_event - INFO - s: 80
2025-03-17 17:39:48,389 - app_event - INFO - LHB
2025-03-17 17:39:48,391 - app_event - INFO - 2400
2025-03-17 17:39:48,395 - app_event - INFO - 0.096
2025-03-17 17:39:48,397 - app_event - INFO - 0.096
2025-03-17 17:39:48,400 - app_event - INFO - s: 0.096
2025-03-17 17:39:48,401 - app_event - INFO - s: 80
2025-03-17 17:39:58,806 - app_event - INFO - LHB
2025-03-17 17:39:58,809 - app_event - INFO - 2400
2025-03-17 17:39:58,813 - app_event - INFO - 0.096
2025-03-17 17:39:58,814 - app_event - INFO - 0.096
2025-03-17 17:39:58,816 - app_event - INFO - s: 0.096
2025-03-17 17:39:58,817 - app_event - INFO - s: 80
2025-03-17 17:40:09,731 - app_event - INFO - LHB
2025-03-17 17:40:09,733 - app_event - INFO - 2400
2025-03-17 17:40:09,735 - app_event - INFO - 0.096
2025-03-17 17:40:09,736 - app_event - INFO - 0.096
2025-03-17 17:40:09,740 - app_event - INFO - s: 0.096
2025-03-17 17:40:09,742 - app_event - INFO - s: 80
2025-03-17 17:40:20,980 - app_event - INFO - LHB
2025-03-17 17:40:20,981 - app_event - INFO - 2400
2025-03-17 17:40:20,983 - app_event - INFO - 0.096
2025-03-17 17:40:20,984 - app_event - INFO - 0.096
2025-03-17 17:40:20,985 - app_event - INFO - s: 0.096
2025-03-17 17:40:20,988 - app_event - INFO - s: 80
2025-03-17 17:40:32,660 - app_event - INFO - LHB
2025-03-17 17:40:32,661 - app_event - INFO - 2400
2025-03-17 17:40:32,665 - app_event - INFO - 0.096
2025-03-17 17:40:32,667 - app_event - INFO - 0.096
2025-03-17 17:40:32,670 - app_event - INFO - s: 0.096
2025-03-17 17:40:32,671 - app_event - INFO - s: 80
2025-03-17 17:40:41,057 - app_event - INFO - LHB
2025-03-17 17:40:41,059 - app_event - INFO - 2400
2025-03-17 17:40:41,063 - app_event - INFO - 0.096
2025-03-17 17:40:41,064 - app_event - INFO - 0.096
2025-03-17 17:40:41,066 - app_event - INFO - s: 0.096
2025-03-17 17:40:41,069 - app_event - INFO - s: 80
2025-03-17 17:40:42,464 - app_event - INFO - LHB
2025-03-17 17:40:42,465 - app_event - INFO - 2400
2025-03-17 17:40:42,469 - app_event - INFO - 0.096
2025-03-17 17:40:42,471 - app_event - INFO - 0.096
2025-03-17 17:40:42,480 - app_event - INFO - s: 0.096
2025-03-17 17:40:42,482 - app_event - INFO - s: 80
2025-03-17 17:40:44,092 - app_event - INFO - LHB
2025-03-17 17:40:44,093 - app_event - INFO - 2400
2025-03-17 17:40:44,097 - app_event - INFO - 0.096
2025-03-17 17:40:44,098 - app_event - INFO - 0.096
2025-03-17 17:40:44,111 - app_event - INFO - s: 0.096
2025-03-17 17:40:44,114 - app_event - INFO - s: 80
2025-03-17 17:40:45,987 - app_event - INFO - LHB
2025-03-17 17:40:45,988 - app_event - INFO - 2400
2025-03-17 17:40:45,990 - app_event - INFO - 0.096
2025-03-17 17:40:45,991 - app_event - INFO - 0.096
2025-03-17 17:40:45,994 - app_event - INFO - s: 0.096
2025-03-17 17:40:45,997 - app_event - INFO - s: 80
2025-03-17 17:40:48,501 - app_event - INFO - LHB
2025-03-17 17:40:48,502 - app_event - INFO - 2400
2025-03-17 17:40:48,506 - app_event - INFO - 0.096
2025-03-17 17:40:48,507 - app_event - INFO - 0.096
2025-03-17 17:40:48,510 - app_event - INFO - s: 0.096
2025-03-17 17:40:48,512 - app_event - INFO - s: 80
2025-03-17 17:40:51,279 - app_event - INFO - LHB
2025-03-17 17:40:51,280 - app_event - INFO - 2400
2025-03-17 17:40:51,287 - app_event - INFO - 0.096
2025-03-17 17:40:51,289 - app_event - INFO - 0.096
2025-03-17 17:40:51,291 - app_event - INFO - s: 0.096
2025-03-17 17:40:51,293 - app_event - INFO - s: 80
2025-03-17 17:40:54,371 - app_event - INFO - LHB
2025-03-17 17:40:54,372 - app_event - INFO - 2400
2025-03-17 17:40:54,375 - app_event - INFO - 0.096
2025-03-17 17:40:54,377 - app_event - INFO - 0.096
2025-03-17 17:40:54,379 - app_event - INFO - s: 0.096
2025-03-17 17:40:54,383 - app_event - INFO - s: 80
2025-03-17 17:40:58,212 - app_event - INFO - LHB
2025-03-17 17:40:58,213 - app_event - INFO - 2400
2025-03-17 17:40:58,216 - app_event - INFO - 0.096
2025-03-17 17:40:58,218 - app_event - INFO - 0.096
2025-03-17 17:40:58,223 - app_event - INFO - s: 0.096
2025-03-17 17:40:58,225 - app_event - INFO - s: 80
2025-03-17 17:41:02,725 - app_event - INFO - LHB
2025-03-17 17:41:02,726 - app_event - INFO - 2400
2025-03-17 17:41:02,730 - app_event - INFO - 0.096
2025-03-17 17:41:02,732 - app_event - INFO - 0.096
2025-03-17 17:41:02,734 - app_event - INFO - s: 0.096
2025-03-17 17:41:02,743 - app_event - INFO - s: 80
2025-03-17 17:41:07,115 - app_event - INFO - LHB
2025-03-17 17:41:07,117 - app_event - INFO - 2400
2025-03-17 17:41:07,119 - app_event - INFO - 0.096
2025-03-17 17:41:07,120 - app_event - INFO - 0.096
2025-03-17 17:41:07,122 - app_event - INFO - s: 0.096
2025-03-17 17:41:07,123 - app_event - INFO - s: 80
2025-03-17 17:41:11,999 - app_event - INFO - LHB
2025-03-17 17:41:12,000 - app_event - INFO - 2400
2025-03-17 17:41:12,001 - app_event - INFO - 0.096
2025-03-17 17:41:12,003 - app_event - INFO - 0.096
2025-03-17 17:41:12,004 - app_event - INFO - s: 0.096
2025-03-17 17:41:12,007 - app_event - INFO - s: 80
2025-03-17 17:41:17,110 - app_event - INFO - LHB
2025-03-17 17:41:17,112 - app_event - INFO - 2400
2025-03-17 17:41:17,116 - app_event - INFO - 0.096
2025-03-17 17:41:17,117 - app_event - INFO - 0.096
2025-03-17 17:41:17,121 - app_event - INFO - s: 0.096
2025-03-17 17:41:17,123 - app_event - INFO - s: 80
2025-03-17 17:41:23,284 - app_event - INFO - LHB
2025-03-17 17:41:23,285 - app_event - INFO - 2400
2025-03-17 17:41:23,287 - app_event - INFO - 0.096
2025-03-17 17:41:23,289 - app_event - INFO - 0.096
2025-03-17 17:41:23,290 - app_event - INFO - s: 0.096
2025-03-17 17:41:23,292 - app_event - INFO - s: 80
2025-03-17 17:41:29,477 - app_event - INFO - LHB
2025-03-17 17:41:29,478 - app_event - INFO - 2400
2025-03-17 17:41:29,482 - app_event - INFO - 0.096
2025-03-17 17:41:29,484 - app_event - INFO - 0.096
2025-03-17 17:41:29,485 - app_event - INFO - s: 0.096
2025-03-17 17:41:29,487 - app_event - INFO - s: 80
2025-03-17 17:41:35,931 - app_event - INFO - LHB
2025-03-17 17:41:35,932 - app_event - INFO - 2400
2025-03-17 17:41:35,933 - app_event - INFO - 0.096
2025-03-17 17:41:35,934 - app_event - INFO - 0.096
2025-03-17 17:41:35,940 - app_event - INFO - s: 0.096
2025-03-17 17:41:35,943 - app_event - INFO - s: 80
2025-03-17 17:41:43,131 - app_event - INFO - LHB
2025-03-17 17:41:43,132 - app_event - INFO - 2400
2025-03-17 17:41:43,138 - app_event - INFO - 0.096
2025-03-17 17:41:43,140 - app_event - INFO - 0.096
2025-03-17 17:41:43,148 - app_event - INFO - s: 0.096
2025-03-17 17:41:43,150 - app_event - INFO - s: 80
2025-03-17 17:41:50,850 - app_event - INFO - LHB
2025-03-17 17:41:50,851 - app_event - INFO - 2400
2025-03-17 17:41:50,853 - app_event - INFO - 0.096
2025-03-17 17:41:50,855 - app_event - INFO - 0.096
2025-03-17 17:41:50,857 - app_event - INFO - s: 0.096
2025-03-17 17:41:50,859 - app_event - INFO - s: 80
2025-03-17 17:41:58,523 - app_event - INFO - LHB
2025-03-17 17:41:58,525 - app_event - INFO - 2400
2025-03-17 17:41:58,527 - app_event - INFO - 0.096
2025-03-17 17:41:58,528 - app_event - INFO - 0.096
2025-03-17 17:41:58,531 - app_event - INFO - s: 0.096
2025-03-17 17:41:58,534 - app_event - INFO - s: 80
2025-03-17 17:42:06,899 - app_event - INFO - LHB
2025-03-17 17:42:06,901 - app_event - INFO - 2400
2025-03-17 17:42:06,901 - app_event - INFO - 0.096
2025-03-17 17:42:06,904 - app_event - INFO - 0.096
2025-03-17 17:42:06,908 - app_event - INFO - s: 0.096
2025-03-17 17:42:06,909 - app_event - INFO - s: 80
2025-03-17 17:42:15,480 - app_event - INFO - LHB
2025-03-17 17:42:15,481 - app_event - INFO - 2400
2025-03-17 17:42:15,485 - app_event - INFO - 0.096
2025-03-17 17:42:15,486 - app_event - INFO - 0.096
2025-03-17 17:42:15,488 - app_event - INFO - s: 0.096
2025-03-17 17:42:15,490 - app_event - INFO - s: 80
2025-03-17 17:42:24,823 - app_event - INFO - LHB
2025-03-17 17:42:24,825 - app_event - INFO - 2400
2025-03-17 17:42:24,826 - app_event - INFO - 0.096
2025-03-17 17:42:24,828 - app_event - INFO - 0.096
2025-03-17 17:42:24,830 - app_event - INFO - s: 0.096
2025-03-17 17:42:24,832 - app_event - INFO - s: 80
2025-03-17 17:42:34,513 - app_event - INFO - LHB
2025-03-17 17:42:34,514 - app_event - INFO - 2400
2025-03-17 17:42:34,518 - app_event - INFO - 0.096
2025-03-17 17:42:34,519 - app_event - INFO - 0.096
2025-03-17 17:42:34,520 - app_event - INFO - s: 0.096
2025-03-17 17:42:34,523 - app_event - INFO - s: 80
2025-03-17 17:42:44,311 - app_event - INFO - LHB
2025-03-17 17:42:44,312 - app_event - INFO - 2400
2025-03-17 17:42:44,315 - app_event - INFO - 0.096
2025-03-17 17:42:44,317 - app_event - INFO - 0.096
2025-03-17 17:42:44,321 - app_event - INFO - s: 0.096
2025-03-17 17:42:44,323 - app_event - INFO - s: 80
2025-03-17 17:42:54,970 - app_event - INFO - LHB
2025-03-17 17:42:54,972 - app_event - INFO - 2400
2025-03-17 17:42:54,976 - app_event - INFO - 0.096
2025-03-17 17:42:54,978 - app_event - INFO - 0.096
2025-03-17 17:42:54,981 - app_event - INFO - s: 0.096
2025-03-17 17:42:54,983 - app_event - INFO - s: 80
2025-03-17 17:43:05,589 - app_event - INFO - LHB
2025-03-17 17:43:05,591 - app_event - INFO - 2400
2025-03-17 17:43:05,593 - app_event - INFO - 0.096
2025-03-17 17:43:05,595 - app_event - INFO - 0.096
2025-03-17 17:43:05,597 - app_event - INFO - s: 0.096
2025-03-17 17:43:05,599 - app_event - INFO - s: 80
2025-03-17 17:43:13,898 - app_event - INFO - LHB
2025-03-17 17:43:13,899 - app_event - INFO - 2400
2025-03-17 17:43:13,902 - app_event - INFO - 0.096
2025-03-17 17:43:13,903 - app_event - INFO - 0.096
2025-03-17 17:43:13,904 - app_event - INFO - s: 0.096
2025-03-17 17:43:13,908 - app_event - INFO - s: 80
2025-03-17 17:43:15,581 - app_event - INFO - LHB
2025-03-17 17:43:15,582 - app_event - INFO - 2400
2025-03-17 17:43:15,586 - app_event - INFO - 0.096
2025-03-17 17:43:15,587 - app_event - INFO - 0.096
2025-03-17 17:43:15,589 - app_event - INFO - s: 0.096
2025-03-17 17:43:15,592 - app_event - INFO - s: 80
2025-03-17 17:45:16,997 - app_event - INFO - TrainEnd.......Done
2025-03-17 17:54:27,914 - app_event - INFO - s: 0
2025-03-17 17:54:27,918 - app_event - INFO - s: 80
2025-03-17 17:55:00,795 - app_event - INFO - s: 0
2025-03-17 17:55:00,796 - app_event - INFO - s: 80
2025-03-17 17:55:29,088 - app_event - INFO - s: 0
2025-03-17 17:55:29,094 - app_event - INFO - s: 80
2025-03-17 17:55:48,460 - app_event - INFO - s: 0
2025-03-17 17:55:48,464 - app_event - INFO - s: 80
2025-03-17 17:56:18,040 - app_event - INFO - s: 0
2025-03-17 17:56:18,043 - app_event - INFO - s: 80
2025-03-17 17:56:38,290 - app_event - INFO - s: 0
2025-03-17 17:56:38,292 - app_event - INFO - s: 80
2025-03-17 17:57:06,086 - app_event - INFO - s: 0
2025-03-17 17:57:06,089 - app_event - INFO - s: 80
2025-03-17 17:57:39,673 - app_event - INFO - s: 0
2025-03-17 17:57:39,675 - app_event - INFO - s: 8
2025-03-17 17:57:39,861 - app_event - INFO - LHB
2025-03-17 17:57:39,863 - app_event - INFO - 2400
2025-03-17 17:57:39,866 - app_event - INFO - 0.216
2025-03-17 17:57:39,867 - app_event - INFO - 0.216
2025-03-17 17:57:39,871 - app_event - INFO - s: 0.216
2025-03-17 17:57:39,873 - app_event - INFO - s: 8
2025-03-17 17:57:40,400 - app_event - INFO - LHB
2025-03-17 17:57:40,401 - app_event - INFO - 2400
2025-03-17 17:57:40,403 - app_event - INFO - 0.216
2025-03-17 17:57:40,405 - app_event - INFO - 0.216
2025-03-17 17:57:40,407 - app_event - INFO - s: 0.216
2025-03-17 17:57:40,408 - app_event - INFO - s: 8
2025-03-17 17:57:41,177 - app_event - INFO - LHB
2025-03-17 17:57:41,179 - app_event - INFO - 2400
2025-03-17 17:57:41,182 - app_event - INFO - 0.216
2025-03-17 17:57:41,183 - app_event - INFO - 0.216
2025-03-17 17:57:41,185 - app_event - INFO - s: 0.216
2025-03-17 17:57:41,188 - app_event - INFO - s: 8
2025-03-17 17:57:42,452 - app_event - INFO - LHB
2025-03-17 17:57:42,454 - app_event - INFO - 2400
2025-03-17 17:57:42,455 - app_event - INFO - 0.216
2025-03-17 17:57:42,457 - app_event - INFO - 0.216
2025-03-17 17:57:42,460 - app_event - INFO - s: 0.216
2025-03-17 17:57:42,462 - app_event - INFO - s: 8
2025-03-17 17:57:43,608 - app_event - INFO - LHB
2025-03-17 17:57:43,608 - app_event - INFO - 2400
2025-03-17 17:57:43,612 - app_event - INFO - 0.216
2025-03-17 17:57:43,613 - app_event - INFO - 0.216
2025-03-17 17:57:43,616 - app_event - INFO - s: 0.216
2025-03-17 17:57:43,619 - app_event - INFO - s: 8
2025-03-17 17:57:45,099 - app_event - INFO - LHB
2025-03-17 17:57:45,100 - app_event - INFO - 2400
2025-03-17 17:57:45,102 - app_event - INFO - 0.216
2025-03-17 17:57:45,103 - app_event - INFO - 0.216
2025-03-17 17:57:45,105 - app_event - INFO - s: 0.216
2025-03-17 17:57:45,108 - app_event - INFO - s: 8
2025-03-17 17:57:46,837 - app_event - INFO - LHB
2025-03-17 17:57:46,838 - app_event - INFO - 2400
2025-03-17 17:57:46,840 - app_event - INFO - 0.216
2025-03-17 17:57:46,844 - app_event - INFO - 0.216
2025-03-17 17:57:46,853 - app_event - INFO - s: 0.216
2025-03-17 17:57:46,855 - app_event - INFO - s: 8
2025-03-17 17:57:48,848 - app_event - INFO - LHB
2025-03-17 17:57:48,849 - app_event - INFO - 2400
2025-03-17 17:57:48,851 - app_event - INFO - 0.216
2025-03-17 17:57:48,852 - app_event - INFO - 0.216
2025-03-17 17:57:48,855 - app_event - INFO - s: 0.216
2025-03-17 17:57:48,857 - app_event - INFO - s: 8
2025-03-17 17:59:49,786 - app_event - INFO - TrainEnd.......Done
2025-03-17 18:03:05,657 - app_event - INFO - s: 0
2025-03-17 18:03:05,660 - app_event - INFO - s: 80
2025-03-17 18:03:05,862 - app_event - INFO - LHB
2025-03-17 18:03:05,863 - app_event - INFO - 2400
2025-03-17 18:03:05,866 - app_event - INFO - 0.096
2025-03-17 18:03:05,867 - app_event - INFO - 0.096
2025-03-17 18:03:05,869 - app_event - INFO - s: 0.096
2025-03-17 18:03:05,872 - app_event - INFO - s: 80
2025-03-17 18:03:06,643 - app_event - INFO - LHB
2025-03-17 18:03:06,644 - app_event - INFO - 2400
2025-03-17 18:03:06,646 - app_event - INFO - 0.096
2025-03-17 18:03:06,648 - app_event - INFO - 0.096
2025-03-17 18:03:06,649 - app_event - INFO - s: 0.096
2025-03-17 18:03:06,651 - app_event - INFO - s: 80
2025-03-17 18:03:07,573 - app_event - INFO - LHB
2025-03-17 18:03:07,575 - app_event - INFO - 2400
2025-03-17 18:03:07,579 - app_event - INFO - 0.096
2025-03-17 18:03:07,580 - app_event - INFO - 0.096
2025-03-17 18:03:07,583 - app_event - INFO - s: 0.096
2025-03-17 18:03:07,586 - app_event - INFO - s: 80
2025-03-17 18:03:08,828 - app_event - INFO - LHB
2025-03-17 18:03:08,829 - app_event - INFO - 2400
2025-03-17 18:03:08,833 - app_event - INFO - 0.096
2025-03-17 18:03:08,835 - app_event - INFO - 0.096
2025-03-17 18:03:08,837 - app_event - INFO - s: 0.096
2025-03-17 18:03:08,839 - app_event - INFO - s: 80
2025-03-17 18:03:10,549 - app_event - INFO - LHB
2025-03-17 18:03:10,552 - app_event - INFO - 2400
2025-03-17 18:03:10,554 - app_event - INFO - 0.096
2025-03-17 18:03:10,555 - app_event - INFO - 0.096
2025-03-17 18:03:10,557 - app_event - INFO - s: 0.096
2025-03-17 18:03:10,568 - app_event - INFO - s: 80
2025-03-17 18:03:12,239 - app_event - INFO - LHB
2025-03-17 18:03:12,241 - app_event - INFO - 2400
2025-03-17 18:03:12,248 - app_event - INFO - 0.096
2025-03-17 18:03:12,250 - app_event - INFO - 0.096
2025-03-17 18:03:12,253 - app_event - INFO - s: 0.096
2025-03-17 18:03:12,255 - app_event - INFO - s: 80
2025-03-17 18:03:14,015 - app_event - INFO - LHB
2025-03-17 18:03:14,016 - app_event - INFO - 2400
2025-03-17 18:03:14,019 - app_event - INFO - 0.096
2025-03-17 18:03:14,024 - app_event - INFO - 0.096
2025-03-17 18:03:14,030 - app_event - INFO - s: 0.096
2025-03-17 18:03:14,032 - app_event - INFO - s: 80
2025-03-17 18:03:16,100 - app_event - INFO - LHB
2025-03-17 18:03:16,103 - app_event - INFO - 2400
2025-03-17 18:03:16,106 - app_event - INFO - 0.096
2025-03-17 18:03:16,107 - app_event - INFO - 0.096
2025-03-17 18:03:16,112 - app_event - INFO - s: 0.096
2025-03-17 18:03:16,116 - app_event - INFO - s: 80
2025-03-17 18:03:18,336 - app_event - INFO - LHB
2025-03-17 18:03:18,339 - app_event - INFO - 2400
2025-03-17 18:03:18,342 - app_event - INFO - 0.096
2025-03-17 18:03:18,343 - app_event - INFO - 0.096
2025-03-17 18:03:18,345 - app_event - INFO - s: 0.096
2025-03-17 18:03:18,347 - app_event - INFO - s: 80
2025-03-17 18:03:20,766 - app_event - INFO - LHB
2025-03-17 18:03:20,768 - app_event - INFO - 2400
2025-03-17 18:03:20,770 - app_event - INFO - 0.096
2025-03-17 18:03:20,770 - app_event - INFO - 0.096
2025-03-17 18:03:20,774 - app_event - INFO - s: 0.096
2025-03-17 18:03:20,782 - app_event - INFO - s: 80
