2025-02-18 11:00:18,098 - app_event - INFO - process_start_stop_flag
2025-02-18 11:00:19,218 - app_event - INFO - Total video time: 04:10.000000
2025-02-18 11:00:48,064 - app_event - INFO - self.timestamps list:['00:00.800000']
2025-02-18 11:02:26,005 - app_event - INFO - process_start_stop_flag
2025-02-18 11:02:26,930 - app_event - INFO - Total video time: 04:10.000000
2025-02-18 11:02:45,991 - app_event - INFO - self.timestamps list:['00:00.800000']
2025-02-18 11:03:48,582 - app_event - INFO - process_start_stop_flag
2025-02-18 11:03:49,128 - app_event - INFO - Total video time: 04:10.000000
2025-02-18 11:04:07,217 - app_event - INFO - self.timestamps list:['00:00.800000']
2025-02-18 11:05:11,367 - app_event - INFO - process_start_stop_flag
2025-02-18 11:05:12,197 - app_event - INFO - Total video time: 04:10.000000
2025-02-18 11:05:31,800 - app_event - INFO - self.timestamps list:['00:00.800000']
2025-02-18 11:27:49,542 - app_event - INFO - process_start_stop_flag
2025-02-18 11:27:50,716 - app_event - INFO - Total video time: 04:10.000000
2025-02-18 11:28:17,971 - app_event - INFO - self.timestamps list:['00:00.800000']
2025-02-18 12:43:34,933 - app_event - INFO - process_start_stop_flag
2025-02-18 12:43:35,964 - app_event - INFO - Total video time: 04:10.000000
2025-02-18 12:44:04,911 - app_event - INFO - self.timestamps list:['00:00.800000']
2025-02-18 12:47:12,371 - app_event - INFO - self.timestamps list:['00:00.800000', '00:10.400000']
2025-02-18 12:47:20,474 - app_event - INFO - self.timestamps list:['00:00.800000', '00:10.400000', '00:10.600000']
2025-02-18 12:50:32,348 - app_event - INFO - self.timestamps list:['00:00.800000', '00:10.400000', '00:10.600000', '00:17.800000']
2025-02-18 12:53:40,648 - app_event - INFO - self.timestamps list:['00:00.800000', '00:10.400000', '00:10.600000', '00:17.800000', '00:24.600000']
2025-02-18 12:56:19,729 - app_event - INFO - self.timestamps list:['00:00.800000', '00:10.400000', '00:10.600000', '00:17.800000', '00:24.600000', '00:25.400000']
2025-02-18 12:59:54,020 - app_event - INFO - self.timestamps list:['00:00.800000', '00:10.400000', '00:10.600000', '00:17.800000', '00:24.600000', '00:25.400000', '00:28.400000']
2025-02-18 13:02:56,829 - app_event - INFO - self.timestamps list:['00:00.800000', '00:10.400000', '00:10.600000', '00:17.800000', '00:24.600000', '00:25.400000', '00:28.400000', '00:28.600000']
2025-02-18 13:10:36,213 - app_event - INFO - self.timestamps list:['00:00.800000', '00:10.400000', '00:10.600000', '00:17.800000', '00:24.600000', '00:25.400000', '00:28.400000', '00:28.600000', '00:46.600000']
2025-02-18 13:14:17,576 - app_event - INFO - self.timestamps list:['00:00.800000', '00:10.400000', '00:10.600000', '00:17.800000', '00:24.600000', '00:25.400000', '00:28.400000', '00:28.600000', '00:46.600000', '00:48.200000']
2025-02-18 13:19:34,470 - app_event - INFO - self.timestamps list:['00:00.800000', '00:10.400000', '00:10.600000', '00:17.800000', '00:24.600000', '00:25.400000', '00:28.400000', '00:28.600000', '00:46.600000', '00:48.200000', '00:49.400000']
2025-02-18 13:25:05,492 - app_event - INFO - self.timestamps list:['00:00.800000', '00:10.400000', '00:10.600000', '00:17.800000', '00:24.600000', '00:25.400000', '00:28.400000', '00:28.600000', '00:46.600000', '00:48.200000', '00:49.400000', '00:52.000000']
2025-02-18 13:31:59,710 - app_event - INFO - self.timestamps list:['00:00.800000', '00:10.400000', '00:10.600000', '00:17.800000', '00:24.600000', '00:25.400000', '00:28.400000', '00:28.600000', '00:46.600000', '00:48.200000', '00:49.400000', '00:52.000000', '01:00.000000']
2025-02-18 13:39:32,676 - app_event - INFO - self.timestamps list:['00:00.800000', '00:10.400000', '00:10.600000', '00:17.800000', '00:24.600000', '00:25.400000', '00:28.400000', '00:28.600000', '00:46.600000', '00:48.200000', '00:49.400000', '00:52.000000', '01:00.000000', '01:09.600000']
2025-02-18 13:45:41,201 - app_event - INFO - self.timestamps list:['00:00.800000', '00:10.400000', '00:10.600000', '00:17.800000', '00:24.600000', '00:25.400000', '00:28.400000', '00:28.600000', '00:46.600000', '00:48.200000', '00:49.400000', '00:52.000000', '01:00.000000', '01:09.600000', '01:09.800000']
2025-02-18 13:53:08,376 - app_event - INFO - self.timestamps list:['00:00.800000', '00:10.400000', '00:10.600000', '00:17.800000', '00:24.600000', '00:25.400000', '00:28.400000', '00:28.600000', '00:46.600000', '00:48.200000', '00:49.400000', '00:52.000000', '01:00.000000', '01:09.600000', '01:09.800000', '01:11.800000']
2025-02-18 14:00:14,763 - app_event - INFO - self.timestamps list:['00:00.800000', '00:10.400000', '00:10.600000', '00:17.800000', '00:24.600000', '00:25.400000', '00:28.400000', '00:28.600000', '00:46.600000', '00:48.200000', '00:49.400000', '00:52.000000', '01:00.000000', '01:09.600000', '01:09.800000', '01:11.800000', '01:12.000000']
2025-02-18 14:08:42,445 - app_event - INFO - self.timestamps list:['00:00.800000', '00:10.400000', '00:10.600000', '00:17.800000', '00:24.600000', '00:25.400000', '00:28.400000', '00:28.600000', '00:46.600000', '00:48.200000', '00:49.400000', '00:52.000000', '01:00.000000', '01:09.600000', '01:09.800000', '01:11.800000', '01:12.000000', '01:17.000000']
2025-02-18 14:16:25,365 - app_event - INFO - self.timestamps list:['00:00.800000', '00:10.400000', '00:10.600000', '00:17.800000', '00:24.600000', '00:25.400000', '00:28.400000', '00:28.600000', '00:46.600000', '00:48.200000', '00:49.400000', '00:52.000000', '01:00.000000', '01:09.600000', '01:09.800000', '01:11.800000', '01:12.000000', '01:17.000000', '01:18.200000']
2025-02-18 14:25:05,999 - app_event - INFO - self.timestamps list:['00:00.800000', '00:10.400000', '00:10.600000', '00:17.800000', '00:24.600000', '00:25.400000', '00:28.400000', '00:28.600000', '00:46.600000', '00:48.200000', '00:49.400000', '00:52.000000', '01:00.000000', '01:09.600000', '01:09.800000', '01:11.800000', '01:12.000000', '01:17.000000', '01:18.200000', '01:21.600000']
2025-02-18 14:33:21,828 - app_event - INFO - self.timestamps list:['00:00.800000', '00:10.400000', '00:10.600000', '00:17.800000', '00:24.600000', '00:25.400000', '00:28.400000', '00:28.600000', '00:46.600000', '00:48.200000', '00:49.400000', '00:52.000000', '01:00.000000', '01:09.600000', '01:09.800000', '01:11.800000', '01:12.000000', '01:17.000000', '01:18.200000', '01:21.600000', '01:22.800000']
2025-02-18 14:41:49,212 - app_event - INFO - self.timestamps list:['00:00.800000', '00:10.400000', '00:10.600000', '00:17.800000', '00:24.600000', '00:25.400000', '00:28.400000', '00:28.600000', '00:46.600000', '00:48.200000', '00:49.400000', '00:52.000000', '01:00.000000', '01:09.600000', '01:09.800000', '01:11.800000', '01:12.000000', '01:17.000000', '01:18.200000', '01:21.600000', '01:22.800000', '01:23.200000']
2025-02-18 14:51:48,006 - app_event - INFO - self.timestamps list:['00:00.800000', '00:10.400000', '00:10.600000', '00:17.800000', '00:24.600000', '00:25.400000', '00:28.400000', '00:28.600000', '00:46.600000', '00:48.200000', '00:49.400000', '00:52.000000', '01:00.000000', '01:09.600000', '01:09.800000', '01:11.800000', '01:12.000000', '01:17.000000', '01:18.200000', '01:21.600000', '01:22.800000', '01:23.200000', '01:29.400000']
2025-02-18 15:01:13,944 - app_event - INFO - self.timestamps list:['00:00.800000', '00:10.400000', '00:10.600000', '00:17.800000', '00:24.600000', '00:25.400000', '00:28.400000', '00:28.600000', '00:46.600000', '00:48.200000', '00:49.400000', '00:52.000000', '01:00.000000', '01:09.600000', '01:09.800000', '01:11.800000', '01:12.000000', '01:17.000000', '01:18.200000', '01:21.600000', '01:22.800000', '01:23.200000', '01:29.400000', '01:32.800000']
2025-02-18 15:13:02,326 - app_event - INFO - process_start_stop_flag
2025-02-18 15:13:03,322 - app_event - INFO - Total video time: 04:10.000000
2025-02-18 15:13:26,944 - app_event - INFO - self.timestamps list:['00:00.800000']
