2025-03-11 16:45:28,603 - app_event - INFO - s: 0.11199999999999999
2025-03-11 16:45:32,510 - app_event - INFO - ICF
2025-03-11 16:45:32,512 - app_event - INFO - 2800
2025-03-11 16:45:32,516 - app_event - INFO - 0.11199999999999999
2025-03-11 16:45:32,519 - app_event - INFO - s: 0.11199999999999999
2025-03-11 16:45:36,668 - app_event - INFO - ICF
2025-03-11 16:45:36,670 - app_event - INFO - 2800
2025-03-11 16:45:36,689 - app_event - INFO - 0.11199999999999999
2025-03-11 16:45:36,694 - app_event - INFO - s: 0.11199999999999999
2025-03-11 16:45:40,419 - app_event - INFO - ICF
2025-03-11 16:45:40,422 - app_event - INFO - 2800
2025-03-11 16:45:40,433 - app_event - INFO - 0.11199999999999999
2025-03-11 16:45:40,435 - app_event - INFO - s: 0.11199999999999999
2025-03-11 16:45:44,398 - app_event - INFO - ICF
2025-03-11 16:45:44,400 - app_event - INFO - 2800
2025-03-11 16:45:44,403 - app_event - INFO - 0.11199999999999999
2025-03-11 16:45:44,406 - app_event - INFO - s: 0.11199999999999999
2025-03-11 16:45:48,470 - app_event - INFO - ICF
2025-03-11 16:45:48,472 - app_event - INFO - 2800
2025-03-11 16:45:48,484 - app_event - INFO - 0.11199999999999999
2025-03-11 16:45:48,497 - app_event - INFO - s: 0.11199999999999999
2025-03-11 16:45:50,753 - app_event - INFO - ICF
2025-03-11 16:45:50,755 - app_event - INFO - 2800
2025-03-11 16:45:50,756 - app_event - INFO - 0.11199999999999999
2025-03-11 16:45:50,766 - app_event - INFO - s: 0.11199999999999999
2025-03-11 16:45:53,417 - app_event - INFO - ICF
2025-03-11 16:45:53,419 - app_event - INFO - 2800
2025-03-11 16:45:53,422 - app_event - INFO - 0.11199999999999999
2025-03-11 16:45:53,430 - app_event - INFO - s: 0.11199999999999999
2025-03-11 16:45:54,271 - app_event - INFO - ICF
2025-03-11 16:45:54,272 - app_event - INFO - 2800
2025-03-11 16:45:54,285 - app_event - INFO - 0.11199999999999999
2025-03-11 16:45:54,288 - app_event - INFO - s: 0.11199999999999999
2025-03-11 16:45:56,462 - app_event - INFO - ICF
2025-03-11 16:45:56,463 - app_event - INFO - 2800
2025-03-11 16:45:56,468 - app_event - INFO - 0.11199999999999999
2025-03-11 16:45:56,473 - app_event - INFO - s: 0.11199999999999999
2025-03-11 16:45:58,985 - app_event - INFO - ICF
2025-03-11 16:45:59,014 - app_event - INFO - 2800
2025-03-11 16:45:59,019 - app_event - INFO - 0.11199999999999999
2025-03-11 16:45:59,027 - app_event - INFO - s: 0.11199999999999999
2025-03-11 16:46:01,300 - app_event - INFO - ICF
2025-03-11 16:46:01,302 - app_event - INFO - 2800
2025-03-11 16:46:01,305 - app_event - INFO - 0.11199999999999999
2025-03-11 16:46:01,314 - app_event - INFO - s: 0.11199999999999999
2025-03-11 16:46:03,851 - app_event - INFO - ICF
2025-03-11 16:46:03,852 - app_event - INFO - 2800
2025-03-11 16:46:03,859 - app_event - INFO - 0.11199999999999999
2025-03-11 16:46:03,864 - app_event - INFO - s: 0.11199999999999999
2025-03-11 16:46:06,593 - app_event - INFO - ICF
2025-03-11 16:46:06,595 - app_event - INFO - 2800
2025-03-11 16:46:06,611 - app_event - INFO - 0.11199999999999999
2025-03-11 16:46:06,616 - app_event - INFO - s: 0.11199999999999999
2025-03-11 16:46:08,994 - app_event - INFO - ICF
2025-03-11 16:46:08,996 - app_event - INFO - 2800
2025-03-11 16:46:09,002 - app_event - INFO - 0.11199999999999999
2025-03-11 16:46:09,011 - app_event - INFO - s: 0.11199999999999999
2025-03-11 16:46:11,769 - app_event - INFO - ICF
2025-03-11 16:46:11,772 - app_event - INFO - 2800
2025-03-11 16:46:11,776 - app_event - INFO - 0.11199999999999999
2025-03-11 16:46:11,782 - app_event - INFO - s: 0.11199999999999999
2025-03-11 16:46:14,778 - app_event - INFO - ICF
2025-03-11 16:46:14,779 - app_event - INFO - 2800
2025-03-11 16:46:14,780 - app_event - INFO - 0.11199999999999999
2025-03-11 16:46:14,792 - app_event - INFO - s: 0.11199999999999999
2025-03-11 16:46:17,509 - app_event - INFO - ICF
2025-03-11 16:46:17,513 - app_event - INFO - 2800
2025-03-11 16:46:17,516 - app_event - INFO - 0.11199999999999999
2025-03-11 16:46:17,527 - app_event - INFO - s: 0.11199999999999999
2025-03-11 17:56:34,615 - app_event - INFO - s: 0
2025-03-11 17:56:34,620 - app_event - INFO - s: 16
2025-03-11 17:56:35,015 - app_event - INFO - ICF
2025-03-11 17:56:35,016 - app_event - INFO - 2800
2025-03-11 17:56:35,019 - app_event - INFO - 0.20159999999999997
2025-03-11 17:56:35,023 - app_event - INFO - s: 0.20159999999999997
2025-03-11 17:56:35,026 - app_event - INFO - s: 16
2025-03-11 17:56:36,278 - app_event - INFO - ICF
2025-03-11 17:56:36,280 - app_event - INFO - 2800
2025-03-11 17:56:36,302 - app_event - INFO - 0.20159999999999997
2025-03-11 17:56:36,309 - app_event - INFO - s: 0.20159999999999997
2025-03-11 17:56:36,313 - app_event - INFO - s: 16
2025-03-11 17:56:37,537 - app_event - INFO - ICF
2025-03-11 17:56:37,539 - app_event - INFO - 2800
2025-03-11 17:56:37,544 - app_event - INFO - 0.20159999999999997
2025-03-11 17:56:37,564 - app_event - INFO - s: 0.20159999999999997
2025-03-11 17:56:37,578 - app_event - INFO - s: 16
2025-03-11 17:56:38,559 - app_event - INFO - ICF
2025-03-11 17:56:38,561 - app_event - INFO - 2800
2025-03-11 17:56:38,565 - app_event - INFO - 0.20159999999999997
2025-03-11 17:56:38,569 - app_event - INFO - s: 0.20159999999999997
2025-03-11 17:56:38,573 - app_event - INFO - s: 16
2025-03-11 17:56:39,878 - app_event - INFO - ICF
2025-03-11 17:56:39,880 - app_event - INFO - 2800
2025-03-11 17:56:39,882 - app_event - INFO - 0.20159999999999997
2025-03-11 17:56:39,895 - app_event - INFO - s: 0.20159999999999997
2025-03-11 17:56:39,897 - app_event - INFO - s: 16
2025-03-11 17:56:41,216 - app_event - INFO - ICF
2025-03-11 17:56:41,218 - app_event - INFO - 2800
2025-03-11 17:56:41,228 - app_event - INFO - 0.20159999999999997
2025-03-11 17:56:41,230 - app_event - INFO - s: 0.20159999999999997
2025-03-11 17:56:41,231 - app_event - INFO - s: 16
2025-03-11 17:56:42,904 - app_event - INFO - ICF
2025-03-11 17:56:42,906 - app_event - INFO - 2800
2025-03-11 17:56:42,911 - app_event - INFO - 0.20159999999999997
2025-03-11 17:56:42,914 - app_event - INFO - s: 0.20159999999999997
2025-03-11 17:56:42,915 - app_event - INFO - s: 16
2025-03-11 17:56:44,729 - app_event - INFO - ICF
2025-03-11 17:56:44,732 - app_event - INFO - 2800
2025-03-11 17:56:44,744 - app_event - INFO - 0.20159999999999997
2025-03-11 17:56:44,767 - app_event - INFO - s: 0.20159999999999997
2025-03-11 17:56:44,774 - app_event - INFO - s: 16
2025-03-11 17:56:46,887 - app_event - INFO - ICF
2025-03-11 17:56:46,889 - app_event - INFO - 2800
2025-03-11 17:56:46,892 - app_event - INFO - 0.20159999999999997
2025-03-11 17:56:46,894 - app_event - INFO - s: 0.20159999999999997
2025-03-11 17:56:46,897 - app_event - INFO - s: 16
2025-03-11 17:56:49,389 - app_event - INFO - ICF
2025-03-11 17:56:49,390 - app_event - INFO - 2800
2025-03-11 17:56:49,413 - app_event - INFO - 0.20159999999999997
2025-03-11 17:56:49,417 - app_event - INFO - s: 0.20159999999999997
2025-03-11 17:56:49,419 - app_event - INFO - s: 16
2025-03-11 17:56:51,960 - app_event - INFO - ICF
2025-03-11 17:56:51,961 - app_event - INFO - 2800
2025-03-11 17:56:51,964 - app_event - INFO - 0.20159999999999997
2025-03-11 17:56:51,975 - app_event - INFO - s: 0.20159999999999997
2025-03-11 17:56:51,977 - app_event - INFO - s: 16
2025-03-11 17:56:54,895 - app_event - INFO - ICF
2025-03-11 17:56:54,896 - app_event - INFO - 2800
2025-03-11 17:56:54,901 - app_event - INFO - 0.20159999999999997
2025-03-11 17:56:54,907 - app_event - INFO - s: 0.20159999999999997
2025-03-11 17:56:54,909 - app_event - INFO - s: 16
2025-03-11 17:56:58,301 - app_event - INFO - ICF
2025-03-11 17:56:58,302 - app_event - INFO - 2800
2025-03-11 17:56:58,307 - app_event - INFO - 0.20159999999999997
2025-03-11 17:56:58,313 - app_event - INFO - s: 0.20159999999999997
2025-03-11 17:56:58,317 - app_event - INFO - s: 16
2025-03-11 17:57:01,707 - app_event - INFO - ICF
2025-03-11 17:57:01,708 - app_event - INFO - 2800
2025-03-11 17:57:01,711 - app_event - INFO - 0.20159999999999997
2025-03-11 17:57:01,716 - app_event - INFO - s: 0.20159999999999997
2025-03-11 17:57:01,728 - app_event - INFO - s: 16
2025-03-11 17:57:05,360 - app_event - INFO - ICF
2025-03-11 17:57:05,361 - app_event - INFO - 2800
2025-03-11 17:57:05,366 - app_event - INFO - 0.20159999999999997
2025-03-11 17:57:05,369 - app_event - INFO - s: 0.20159999999999997
2025-03-11 17:57:05,373 - app_event - INFO - s: 16
2025-03-11 17:57:09,339 - app_event - INFO - ICF
2025-03-11 17:57:09,340 - app_event - INFO - 2800
2025-03-11 17:57:09,344 - app_event - INFO - 0.20159999999999997
2025-03-11 17:57:09,353 - app_event - INFO - s: 0.20159999999999997
2025-03-11 17:57:09,364 - app_event - INFO - s: 16
2025-03-11 18:00:22,147 - app_event - INFO - s: 0
2025-03-11 18:00:22,150 - app_event - INFO - s: 16
2025-03-11 18:01:12,441 - app_event - INFO - s: 0
2025-03-11 18:01:12,444 - app_event - INFO - s: 16
2025-03-11 18:01:12,676 - app_event - INFO - LHB
2025-03-11 18:01:12,678 - app_event - INFO - 2400
2025-03-11 18:01:12,758 - app_event - INFO - 0.17279999999999998
2025-03-11 18:01:12,760 - app_event - INFO - s: 0.17279999999999998
2025-03-11 18:01:12,762 - app_event - INFO - s: 16
2025-03-11 18:01:13,646 - app_event - INFO - LHB
2025-03-11 18:01:13,648 - app_event - INFO - 2400
2025-03-11 18:01:13,653 - app_event - INFO - 0.17279999999999998
2025-03-11 18:01:13,661 - app_event - INFO - s: 0.17279999999999998
2025-03-11 18:01:13,662 - app_event - INFO - s: 16
2025-03-11 18:01:14,322 - app_event - INFO - LHB
2025-03-11 18:01:14,323 - app_event - INFO - 2400
2025-03-11 18:01:14,327 - app_event - INFO - 0.17279999999999998
2025-03-11 18:01:14,329 - app_event - INFO - s: 0.17279999999999998
2025-03-11 18:01:14,330 - app_event - INFO - s: 16
2025-03-11 18:01:15,165 - app_event - INFO - LHB
2025-03-11 18:01:15,166 - app_event - INFO - 2400
2025-03-11 18:01:15,169 - app_event - INFO - 0.17279999999999998
2025-03-11 18:01:15,171 - app_event - INFO - s: 0.17279999999999998
2025-03-11 18:01:15,174 - app_event - INFO - s: 16
2025-03-11 18:01:16,028 - app_event - INFO - LHB
2025-03-11 18:01:16,030 - app_event - INFO - 2400
2025-03-11 18:01:16,033 - app_event - INFO - 0.17279999999999998
2025-03-11 18:01:16,035 - app_event - INFO - s: 0.17279999999999998
2025-03-11 18:01:16,036 - app_event - INFO - s: 16
2025-03-11 18:01:17,319 - app_event - INFO - LHB
2025-03-11 18:01:17,321 - app_event - INFO - 2400
2025-03-11 18:01:17,328 - app_event - INFO - 0.17279999999999998
2025-03-11 18:01:17,330 - app_event - INFO - s: 0.17279999999999998
2025-03-11 18:01:17,333 - app_event - INFO - s: 16
2025-03-11 18:01:18,377 - app_event - INFO - LHB
2025-03-11 18:01:18,378 - app_event - INFO - 2400
2025-03-11 18:01:18,382 - app_event - INFO - 0.17279999999999998
2025-03-11 18:01:18,384 - app_event - INFO - s: 0.17279999999999998
2025-03-11 18:01:18,386 - app_event - INFO - s: 16
2025-03-11 18:01:19,757 - app_event - INFO - LHB
2025-03-11 18:01:19,758 - app_event - INFO - 2400
2025-03-11 18:01:19,761 - app_event - INFO - 0.17279999999999998
2025-03-11 18:01:19,766 - app_event - INFO - s: 0.17279999999999998
2025-03-11 18:01:19,769 - app_event - INFO - s: 16
2025-03-11 18:01:21,240 - app_event - INFO - LHB
2025-03-11 18:01:21,241 - app_event - INFO - 2400
2025-03-11 18:01:21,246 - app_event - INFO - 0.17279999999999998
2025-03-11 18:01:21,248 - app_event - INFO - s: 0.17279999999999998
2025-03-11 18:01:21,250 - app_event - INFO - s: 16
2025-03-11 18:01:22,881 - app_event - INFO - LHB
2025-03-11 18:01:22,883 - app_event - INFO - 2400
2025-03-11 18:01:22,886 - app_event - INFO - 0.17279999999999998
2025-03-11 18:01:22,888 - app_event - INFO - s: 0.17279999999999998
2025-03-11 18:01:22,892 - app_event - INFO - s: 16
2025-03-11 18:01:24,907 - app_event - INFO - LHB
2025-03-11 18:01:24,908 - app_event - INFO - 2400
2025-03-11 18:01:24,914 - app_event - INFO - 0.17279999999999998
2025-03-11 18:01:24,917 - app_event - INFO - s: 0.17279999999999998
2025-03-11 18:01:24,919 - app_event - INFO - s: 16
2025-03-11 18:01:27,253 - app_event - INFO - LHB
2025-03-11 18:01:27,255 - app_event - INFO - 2400
2025-03-11 18:01:27,260 - app_event - INFO - 0.17279999999999998
2025-03-11 18:01:27,265 - app_event - INFO - s: 0.17279999999999998
2025-03-11 18:01:27,267 - app_event - INFO - s: 16
2025-03-11 18:01:29,836 - app_event - INFO - LHB
2025-03-11 18:01:29,838 - app_event - INFO - 2400
2025-03-11 18:01:29,840 - app_event - INFO - 0.17279999999999998
2025-03-11 18:01:29,857 - app_event - INFO - s: 0.17279999999999998
2025-03-11 18:01:29,859 - app_event - INFO - s: 16
